[2025-03-23T03:03:01.253+0000] {local_task_job_runner.py:123} INFO - ::group::Pre task execution logs
[2025-03-23T03:03:01.259+0000] {taskinstance.py:2614} INFO - Dependencies all met for dep_context=non-requeueable deps ti=<TaskInstance: fraud_detection_training.execute_training scheduled__2025-03-22T03:00:00+00:00 [queued]>
[2025-03-23T03:03:01.262+0000] {taskinstance.py:2614} INFO - Dependencies all met for dep_context=requeueable deps ti=<TaskInstance: fraud_detection_training.execute_training scheduled__2025-03-22T03:00:00+00:00 [queued]>
[2025-03-23T03:03:01.262+0000] {taskinstance.py:2867} INFO - Starting attempt 1 of 1
[2025-03-23T03:03:01.266+0000] {taskinstance.py:2890} INFO - Executing <Task(PythonOperator): execute_training> on 2025-03-22 03:00:00+00:00
[2025-03-23T03:03:01.268+0000] {warnings.py:112} WARNING - /home/***/.local/lib/python3.12/site-packages/***/task/task_runner/standard_task_runner.py:70: DeprecationWarning: This process (pid=331) is multi-threaded, use of fork() may lead to deadlocks in the child.
  pid = os.fork()

[2025-03-23T03:03:01.269+0000] {standard_task_runner.py:72} INFO - Started process 332 to run task
[2025-03-23T03:03:01.269+0000] {standard_task_runner.py:104} INFO - Running: ['***', 'tasks', 'run', 'fraud_detection_training', 'execute_training', 'scheduled__2025-03-22T03:00:00+00:00', '--job-id', '13', '--raw', '--subdir', 'DAGS_FOLDER/fruad_detection_training_dag.py', '--cfg-path', '/tmp/tmprfqiz98z']
[2025-03-23T03:03:01.269+0000] {standard_task_runner.py:105} INFO - Job 13: Subtask execute_training
[2025-03-23T03:03:01.284+0000] {task_command.py:467} INFO - Running <TaskInstance: fraud_detection_training.execute_training scheduled__2025-03-22T03:00:00+00:00 [running]> on host c27f7ea44cb8
[2025-03-23T03:03:01.309+0000] {taskinstance.py:3134} INFO - Exporting env vars: AIRFLOW_CTX_DAG_OWNER='***' AIRFLOW_CTX_DAG_ID='fraud_detection_training' AIRFLOW_CTX_TASK_ID='execute_training' AIRFLOW_CTX_EXECUTION_DATE='2025-03-22T03:00:00+00:00' AIRFLOW_CTX_TRY_NUMBER='1' AIRFLOW_CTX_DAG_RUN_ID='scheduled__2025-03-22T03:00:00+00:00'
[2025-03-23T03:03:01.309+0000] {taskinstance.py:732} INFO - ::endgroup::
[2025-03-23T03:03:02.563+0000] {warnings.py:112} WARNING - /opt/***/dags/fraud_detection_training.py:45: UserWarning: The numpy.array_api submodule is still experimental. See NEP 47.
  from numpy.array_api import astype

[2025-03-23T03:03:02.577+0000] {fruad_detection_training_dag.py:18} INFO - Starting training...
[2025-03-23T03:03:02.580+0000] {fraud_detection_training.py:120} INFO - Configuration loaded successfully
[2025-03-23T03:03:02.637+0000] {fraud_detection_training.py:163} INFO - Minio connection verified. Buckets: ['mlflow']
[2025-03-23T03:03:02.667+0000] {fraud_detection_training.py:296} INFO - Starting model training process
[2025-03-23T03:03:02.667+0000] {fraud_detection_training.py:188} INFO - Connecting to kafka topic fraud_topic_1
[2025-03-23T03:03:02.701+0000] {conn.py:385} INFO - <BrokerConnection client_id=kafka-python-2.1.2, node_id=bootstrap-0 host=pkc-921jm.us-east-2.aws.confluent.cloud:9092 <connecting> [IPv4 ('3.17.46.4', 9092)]>: connecting to pkc-921jm.us-east-2.aws.confluent.cloud:9092 [('3.17.46.4', 9092) IPv4]
[2025-03-23T03:03:02.939+0000] {conn.py:486} INFO - <BrokerConnection client_id=kafka-python-2.1.2, node_id=bootstrap-0 host=pkc-921jm.us-east-2.aws.confluent.cloud:9092 <handshake> [IPv4 ('3.17.46.4', 9092)]>: Loading system default SSL CAs from ('/usr/lib/ssl/cert.pem', '/usr/lib/ssl/certs', 'SSL_CERT_FILE', '/usr/lib/ssl/cert.pem', 'SSL_CERT_DIR', '/usr/lib/ssl/certs')
[2025-03-23T03:03:03.579+0000] {conn.py:593} INFO - Broker version identified as 2.6
[2025-03-23T03:03:04.080+0000] {conn.py:789} INFO - <BrokerConnection client_id=kafka-python-2.1.2, node_id=bootstrap-0 host=pkc-921jm.us-east-2.aws.confluent.cloud:9092 <authenticating> [IPv4 ('3.17.46.4', 9092)]>: Authenticated as N2I6QDSAFXKGXQJX via SASL / Plain
[2025-03-23T03:03:04.082+0000] {conn.py:455} INFO - <BrokerConnection client_id=kafka-python-2.1.2, node_id=bootstrap-0 host=pkc-921jm.us-east-2.aws.confluent.cloud:9092 <authenticating> [IPv4 ('3.17.46.4', 9092)]>: Connection complete.
[2025-03-23T03:03:04.085+0000] {consumer.py:118} WARNING - group_id is None: disabling auto-commit.
[2025-03-23T03:03:04.086+0000] {subscription_state.py:171} INFO - Updating subscribed topics to: ('fraud_topic_1',)
[2025-03-23T03:03:04.290+0000] {subscription_state.py:257} INFO - Updated partition assignment: [('fraud_topic_1', 0), ('fraud_topic_1', 1), ('fraud_topic_1', 2), ('fraud_topic_1', 3), ('fraud_topic_1', 4), ('fraud_topic_1', 5)]
[2025-03-23T03:03:04.318+0000] {conn.py:385} INFO - <BrokerConnection client_id=kafka-python-2.1.2, node_id=0 host=b0-pkc-921jm.us-east-2.aws.confluent.cloud:9092 <connecting> [IPv4 ('3.132.26.127', 9092)]>: connecting to b0-pkc-921jm.us-east-2.aws.confluent.cloud:9092 [('3.132.26.127', 9092) IPv4]
[2025-03-23T03:03:04.530+0000] {conn.py:486} INFO - <BrokerConnection client_id=kafka-python-2.1.2, node_id=0 host=b0-pkc-921jm.us-east-2.aws.confluent.cloud:9092 <handshake> [IPv4 ('3.132.26.127', 9092)]>: Loading system default SSL CAs from ('/usr/lib/ssl/cert.pem', '/usr/lib/ssl/certs', 'SSL_CERT_FILE', '/usr/lib/ssl/cert.pem', 'SSL_CERT_DIR', '/usr/lib/ssl/certs')
[2025-03-23T03:03:05.454+0000] {conn.py:789} INFO - <BrokerConnection client_id=kafka-python-2.1.2, node_id=0 host=b0-pkc-921jm.us-east-2.aws.confluent.cloud:9092 <authenticating> [IPv4 ('3.132.26.127', 9092)]>: Authenticated as N2I6QDSAFXKGXQJX via SASL / Plain
[2025-03-23T03:03:05.456+0000] {conn.py:455} INFO - <BrokerConnection client_id=kafka-python-2.1.2, node_id=0 host=b0-pkc-921jm.us-east-2.aws.confluent.cloud:9092 <authenticating> [IPv4 ('3.132.26.127', 9092)]>: Connection complete.
[2025-03-23T03:03:05.456+0000] {conn.py:912} INFO - <BrokerConnection client_id=kafka-python-2.1.2, node_id=bootstrap-0 host=pkc-921jm.us-east-2.aws.confluent.cloud:9092 <connected> [IPv4 ('3.17.46.4', 9092)]>: Closing connection. 
[2025-03-23T03:03:05.795+0000] {conn.py:385} INFO - <BrokerConnection client_id=kafka-python-2.1.2, node_id=4 host=b4-pkc-921jm.us-east-2.aws.confluent.cloud:9092 <connecting> [IPv4 ('3.136.124.139', 9092)]>: connecting to b4-pkc-921jm.us-east-2.aws.confluent.cloud:9092 [('3.136.124.139', 9092) IPv4]
[2025-03-23T03:03:06.112+0000] {conn.py:486} INFO - <BrokerConnection client_id=kafka-python-2.1.2, node_id=4 host=b4-pkc-921jm.us-east-2.aws.confluent.cloud:9092 <handshake> [IPv4 ('3.136.124.139', 9092)]>: Loading system default SSL CAs from ('/usr/lib/ssl/cert.pem', '/usr/lib/ssl/certs', 'SSL_CERT_FILE', '/usr/lib/ssl/cert.pem', 'SSL_CERT_DIR', '/usr/lib/ssl/certs')
[2025-03-23T03:03:07.247+0000] {conn.py:789} INFO - <BrokerConnection client_id=kafka-python-2.1.2, node_id=4 host=b4-pkc-921jm.us-east-2.aws.confluent.cloud:9092 <authenticating> [IPv4 ('3.136.124.139', 9092)]>: Authenticated as N2I6QDSAFXKGXQJX via SASL / Plain
[2025-03-23T03:03:07.250+0000] {conn.py:455} INFO - <BrokerConnection client_id=kafka-python-2.1.2, node_id=4 host=b4-pkc-921jm.us-east-2.aws.confluent.cloud:9092 <authenticating> [IPv4 ('3.136.124.139', 9092)]>: Connection complete.
[2025-03-23T03:03:07.594+0000] {conn.py:385} INFO - <BrokerConnection client_id=kafka-python-2.1.2, node_id=1 host=b1-pkc-921jm.us-east-2.aws.confluent.cloud:9092 <connecting> [IPv4 ('3.131.219.183', 9092)]>: connecting to b1-pkc-921jm.us-east-2.aws.confluent.cloud:9092 [('3.131.219.183', 9092) IPv4]
[2025-03-23T03:03:07.899+0000] {conn.py:486} INFO - <BrokerConnection client_id=kafka-python-2.1.2, node_id=1 host=b1-pkc-921jm.us-east-2.aws.confluent.cloud:9092 <handshake> [IPv4 ('3.131.219.183', 9092)]>: Loading system default SSL CAs from ('/usr/lib/ssl/cert.pem', '/usr/lib/ssl/certs', 'SSL_CERT_FILE', '/usr/lib/ssl/cert.pem', 'SSL_CERT_DIR', '/usr/lib/ssl/certs')
[2025-03-23T03:03:09.160+0000] {conn.py:789} INFO - <BrokerConnection client_id=kafka-python-2.1.2, node_id=1 host=b1-pkc-921jm.us-east-2.aws.confluent.cloud:9092 <authenticating> [IPv4 ('3.131.219.183', 9092)]>: Authenticated as N2I6QDSAFXKGXQJX via SASL / Plain
[2025-03-23T03:03:09.162+0000] {conn.py:455} INFO - <BrokerConnection client_id=kafka-python-2.1.2, node_id=1 host=b1-pkc-921jm.us-east-2.aws.confluent.cloud:9092 <authenticating> [IPv4 ('3.131.219.183', 9092)]>: Connection complete.
[2025-03-23T03:03:09.517+0000] {conn.py:385} INFO - <BrokerConnection client_id=kafka-python-2.1.2, node_id=2 host=b2-pkc-921jm.us-east-2.aws.confluent.cloud:9092 <connecting> [IPv4 ('3.136.105.91', 9092)]>: connecting to b2-pkc-921jm.us-east-2.aws.confluent.cloud:9092 [('3.136.105.91', 9092) IPv4]
[2025-03-23T03:03:09.726+0000] {conn.py:486} INFO - <BrokerConnection client_id=kafka-python-2.1.2, node_id=2 host=b2-pkc-921jm.us-east-2.aws.confluent.cloud:9092 <handshake> [IPv4 ('3.136.105.91', 9092)]>: Loading system default SSL CAs from ('/usr/lib/ssl/cert.pem', '/usr/lib/ssl/certs', 'SSL_CERT_FILE', '/usr/lib/ssl/cert.pem', 'SSL_CERT_DIR', '/usr/lib/ssl/certs')
[2025-03-23T03:03:10.569+0000] {conn.py:789} INFO - <BrokerConnection client_id=kafka-python-2.1.2, node_id=2 host=b2-pkc-921jm.us-east-2.aws.confluent.cloud:9092 <authenticating> [IPv4 ('3.136.105.91', 9092)]>: Authenticated as N2I6QDSAFXKGXQJX via SASL / Plain
[2025-03-23T03:03:10.570+0000] {conn.py:455} INFO - <BrokerConnection client_id=kafka-python-2.1.2, node_id=2 host=b2-pkc-921jm.us-east-2.aws.confluent.cloud:9092 <authenticating> [IPv4 ('3.136.105.91', 9092)]>: Connection complete.
[2025-03-23T03:03:10.903+0000] {conn.py:385} INFO - <BrokerConnection client_id=kafka-python-2.1.2, node_id=5 host=b5-pkc-921jm.us-east-2.aws.confluent.cloud:9092 <connecting> [IPv4 ('3.13.145.222', 9092)]>: connecting to b5-pkc-921jm.us-east-2.aws.confluent.cloud:9092 [('3.13.145.222', 9092) IPv4]
[2025-03-23T03:03:11.112+0000] {conn.py:486} INFO - <BrokerConnection client_id=kafka-python-2.1.2, node_id=5 host=b5-pkc-921jm.us-east-2.aws.confluent.cloud:9092 <handshake> [IPv4 ('3.13.145.222', 9092)]>: Loading system default SSL CAs from ('/usr/lib/ssl/cert.pem', '/usr/lib/ssl/certs', 'SSL_CERT_FILE', '/usr/lib/ssl/cert.pem', 'SSL_CERT_DIR', '/usr/lib/ssl/certs')
[2025-03-23T03:03:12.057+0000] {conn.py:789} INFO - <BrokerConnection client_id=kafka-python-2.1.2, node_id=5 host=b5-pkc-921jm.us-east-2.aws.confluent.cloud:9092 <authenticating> [IPv4 ('3.13.145.222', 9092)]>: Authenticated as N2I6QDSAFXKGXQJX via SASL / Plain
[2025-03-23T03:03:12.059+0000] {conn.py:455} INFO - <BrokerConnection client_id=kafka-python-2.1.2, node_id=5 host=b5-pkc-921jm.us-east-2.aws.confluent.cloud:9092 <authenticating> [IPv4 ('3.13.145.222', 9092)]>: Connection complete.
[2025-03-23T03:03:12.420+0000] {conn.py:385} INFO - <BrokerConnection client_id=kafka-python-2.1.2, node_id=3 host=b3-pkc-921jm.us-east-2.aws.confluent.cloud:9092 <connecting> [IPv4 ('13.59.8.37', 9092)]>: connecting to b3-pkc-921jm.us-east-2.aws.confluent.cloud:9092 [('13.59.8.37', 9092) IPv4]
[2025-03-23T03:03:12.736+0000] {conn.py:486} INFO - <BrokerConnection client_id=kafka-python-2.1.2, node_id=3 host=b3-pkc-921jm.us-east-2.aws.confluent.cloud:9092 <handshake> [IPv4 ('13.59.8.37', 9092)]>: Loading system default SSL CAs from ('/usr/lib/ssl/cert.pem', '/usr/lib/ssl/certs', 'SSL_CERT_FILE', '/usr/lib/ssl/cert.pem', 'SSL_CERT_DIR', '/usr/lib/ssl/certs')
[2025-03-23T03:03:14.286+0000] {conn.py:789} INFO - <BrokerConnection client_id=kafka-python-2.1.2, node_id=3 host=b3-pkc-921jm.us-east-2.aws.confluent.cloud:9092 <authenticating> [IPv4 ('13.59.8.37', 9092)]>: Authenticated as N2I6QDSAFXKGXQJX via SASL / Plain
[2025-03-23T03:03:14.286+0000] {conn.py:455} INFO - <BrokerConnection client_id=kafka-python-2.1.2, node_id=3 host=b3-pkc-921jm.us-east-2.aws.confluent.cloud:9092 <authenticating> [IPv4 ('13.59.8.37', 9092)]>: Connection complete.
[2025-03-23T03:03:14.288+0000] {conn.py:912} INFO - <BrokerConnection client_id=kafka-python-2.1.2, node_id=0 host=b0-pkc-921jm.us-east-2.aws.confluent.cloud:9092 <connected> [IPv4 ('3.132.26.127', 9092)]>: Closing connection. 
[2025-03-23T03:03:14.288+0000] {fetcher.py:717} INFO - Fetch to node 0 failed: Cancelled: <BrokerConnection client_id=kafka-python-2.1.2, node_id=0 host=b0-pkc-921jm.us-east-2.aws.confluent.cloud:9092 <connected> [IPv4 ('3.132.26.127', 9092)]>
[2025-03-23T03:03:14.288+0000] {conn.py:912} INFO - <BrokerConnection client_id=kafka-python-2.1.2, node_id=4 host=b4-pkc-921jm.us-east-2.aws.confluent.cloud:9092 <connected> [IPv4 ('3.136.124.139', 9092)]>: Closing connection. 
[2025-03-23T03:03:14.288+0000] {fetcher.py:717} INFO - Fetch to node 4 failed: Cancelled: <BrokerConnection client_id=kafka-python-2.1.2, node_id=4 host=b4-pkc-921jm.us-east-2.aws.confluent.cloud:9092 <connected> [IPv4 ('3.136.124.139', 9092)]>
[2025-03-23T03:03:14.289+0000] {conn.py:912} INFO - <BrokerConnection client_id=kafka-python-2.1.2, node_id=1 host=b1-pkc-921jm.us-east-2.aws.confluent.cloud:9092 <connected> [IPv4 ('3.131.219.183', 9092)]>: Closing connection. 
[2025-03-23T03:03:14.289+0000] {fetcher.py:717} INFO - Fetch to node 1 failed: Cancelled: <BrokerConnection client_id=kafka-python-2.1.2, node_id=1 host=b1-pkc-921jm.us-east-2.aws.confluent.cloud:9092 <connected> [IPv4 ('3.131.219.183', 9092)]>
[2025-03-23T03:03:14.289+0000] {conn.py:912} INFO - <BrokerConnection client_id=kafka-python-2.1.2, node_id=2 host=b2-pkc-921jm.us-east-2.aws.confluent.cloud:9092 <connected> [IPv4 ('3.136.105.91', 9092)]>: Closing connection. 
[2025-03-23T03:03:14.289+0000] {fetcher.py:717} INFO - Fetch to node 2 failed: Cancelled: <BrokerConnection client_id=kafka-python-2.1.2, node_id=2 host=b2-pkc-921jm.us-east-2.aws.confluent.cloud:9092 <connected> [IPv4 ('3.136.105.91', 9092)]>
[2025-03-23T03:03:14.289+0000] {conn.py:912} INFO - <BrokerConnection client_id=kafka-python-2.1.2, node_id=5 host=b5-pkc-921jm.us-east-2.aws.confluent.cloud:9092 <connected> [IPv4 ('3.13.145.222', 9092)]>: Closing connection. 
[2025-03-23T03:03:14.289+0000] {fetcher.py:717} INFO - Fetch to node 5 failed: Cancelled: <BrokerConnection client_id=kafka-python-2.1.2, node_id=5 host=b5-pkc-921jm.us-east-2.aws.confluent.cloud:9092 <connected> [IPv4 ('3.13.145.222', 9092)]>
[2025-03-23T03:03:14.289+0000] {conn.py:912} INFO - <BrokerConnection client_id=kafka-python-2.1.2, node_id=3 host=b3-pkc-921jm.us-east-2.aws.confluent.cloud:9092 <connected> [IPv4 ('13.59.8.37', 9092)]>: Closing connection. 
[2025-03-23T03:03:14.300+0000] {fraud_detection_training.py:221} ERROR - Failed to read data from Kafka: No messages received from Kafka.
Traceback (most recent call last):
  File "/opt/airflow/dags/fraud_detection_training.py", line 207, in read_from_kafka
    raise ValueError('No messages received from Kafka.')
ValueError: No messages received from Kafka.
[2025-03-23T03:03:14.301+0000] {fraud_detection_training.py:457} ERROR - Training failed: No messages received from Kafka.
Traceback (most recent call last):
  File "/opt/airflow/dags/fraud_detection_training.py", line 299, in train_model
    df = self.read_from_kafka()
         ^^^^^^^^^^^^^^^^^^^^^^
  File "/opt/airflow/dags/fraud_detection_training.py", line 207, in read_from_kafka
    raise ValueError('No messages received from Kafka.')
ValueError: No messages received from Kafka.
[2025-03-23T03:03:14.302+0000] {fruad_detection_training_dag.py:24} ERROR - Failed to train model: No messages received from Kafka.
[2025-03-23T03:03:14.316+0000] {taskinstance.py:3313} ERROR - Task failed with exception
Traceback (most recent call last):
  File "/opt/airflow/dags/fruad_detection_training_dag.py", line 20, in _train_model
    model, precision = trainer.train_model()
                       ^^^^^^^^^^^^^^^^^^^^^
  File "/opt/airflow/dags/fraud_detection_training.py", line 299, in train_model
    df = self.read_from_kafka()
         ^^^^^^^^^^^^^^^^^^^^^^
  File "/opt/airflow/dags/fraud_detection_training.py", line 207, in read_from_kafka
    raise ValueError('No messages received from Kafka.')
ValueError: No messages received from Kafka.

During handling of the above exception, another exception occurred:

Traceback (most recent call last):
  File "/home/airflow/.local/lib/python3.12/site-packages/airflow/models/taskinstance.py", line 768, in _execute_task
    result = _execute_callable(context=context, **execute_callable_kwargs)
             ^^^^^^^^^^^^^^^^^^^^^^^^^^^^^^^^^^^^^^^^^^^^^^^^^^^^^^^^^^^^^
  File "/home/airflow/.local/lib/python3.12/site-packages/airflow/models/taskinstance.py", line 734, in _execute_callable
    return ExecutionCallableRunner(
           ^^^^^^^^^^^^^^^^^^^^^^^^
  File "/home/airflow/.local/lib/python3.12/site-packages/airflow/utils/operator_helpers.py", line 252, in run
    return self.func(*args, **kwargs)
           ^^^^^^^^^^^^^^^^^^^^^^^^^^
  File "/home/airflow/.local/lib/python3.12/site-packages/airflow/models/baseoperator.py", line 424, in wrapper
    return func(self, *args, **kwargs)
           ^^^^^^^^^^^^^^^^^^^^^^^^^^^
  File "/home/airflow/.local/lib/python3.12/site-packages/airflow/operators/python.py", line 238, in execute
    return_value = self.execute_callable()
                   ^^^^^^^^^^^^^^^^^^^^^^^
  File "/home/airflow/.local/lib/python3.12/site-packages/airflow/operators/python.py", line 256, in execute_callable
    return runner.run(*self.op_args, **self.op_kwargs)
           ^^^^^^^^^^^^^^^^^^^^^^^^^^^^^^^^^^^^^^^^^^^
  File "/home/airflow/.local/lib/python3.12/site-packages/airflow/utils/operator_helpers.py", line 252, in run
    return self.func(*args, **kwargs)
           ^^^^^^^^^^^^^^^^^^^^^^^^^^
  File "/opt/airflow/dags/fruad_detection_training_dag.py", line 25, in _train_model
    raise AirflowException(f'Failed to train model: {str(e)}')
airflow.exceptions.AirflowException: Failed to train model: No messages received from Kafka.
[2025-03-23T03:03:14.320+0000] {taskinstance.py:1226} INFO - Marking task as FAILED. dag_id=fraud_detection_training, task_id=execute_training, run_id=scheduled__2025-03-22T03:00:00+00:00, execution_date=20250322T030000, start_date=20250323T030301, end_date=20250323T030314
[2025-03-23T03:03:14.338+0000] {taskinstance.py:341} INFO - ::group::Post task execution logs
[2025-03-23T03:03:14.339+0000] {standard_task_runner.py:124} ERROR - Failed to execute job 13 for task execute_training (Failed to train model: No messages received from Kafka.; 332)
Traceback (most recent call last):
  File "/opt/airflow/dags/fruad_detection_training_dag.py", line 20, in _train_model
    model, precision = trainer.train_model()
                       ^^^^^^^^^^^^^^^^^^^^^
  File "/opt/airflow/dags/fraud_detection_training.py", line 299, in train_model
    df = self.read_from_kafka()
         ^^^^^^^^^^^^^^^^^^^^^^
  File "/opt/airflow/dags/fraud_detection_training.py", line 207, in read_from_kafka
    raise ValueError('No messages received from Kafka.')
ValueError: No messages received from Kafka.

During handling of the above exception, another exception occurred:

Traceback (most recent call last):
  File "/home/airflow/.local/lib/python3.12/site-packages/airflow/task/task_runner/standard_task_runner.py", line 117, in _start_by_fork
    ret = args.func(args, dag=self.dag)
          ^^^^^^^^^^^^^^^^^^^^^^^^^^^^^
  File "/home/airflow/.local/lib/python3.12/site-packages/airflow/cli/cli_config.py", line 49, in command
    return func(*args, **kwargs)
           ^^^^^^^^^^^^^^^^^^^^^
  File "/home/airflow/.local/lib/python3.12/site-packages/airflow/utils/cli.py", line 116, in wrapper
    return f(*args, **kwargs)
           ^^^^^^^^^^^^^^^^^^
  File "/home/airflow/.local/lib/python3.12/site-packages/airflow/cli/commands/task_command.py", line 483, in task_run
    task_return_code = _run_task_by_selected_method(args, _dag, ti)
                       ^^^^^^^^^^^^^^^^^^^^^^^^^^^^^^^^^^^^^^^^^^^^
  File "/home/airflow/.local/lib/python3.12/site-packages/airflow/cli/commands/task_command.py", line 256, in _run_task_by_selected_method
    return _run_raw_task(args, ti)
           ^^^^^^^^^^^^^^^^^^^^^^^
  File "/home/airflow/.local/lib/python3.12/site-packages/airflow/cli/commands/task_command.py", line 341, in _run_raw_task
    return ti._run_raw_task(
           ^^^^^^^^^^^^^^^^^
  File "/home/airflow/.local/lib/python3.12/site-packages/airflow/utils/session.py", line 97, in wrapper
    return func(*args, session=session, **kwargs)
           ^^^^^^^^^^^^^^^^^^^^^^^^^^^^^^^^^^^^^^
  File "/home/airflow/.local/lib/python3.12/site-packages/airflow/models/taskinstance.py", line 3006, in _run_raw_task
    return _run_raw_task(
           ^^^^^^^^^^^^^^
  File "/home/airflow/.local/lib/python3.12/site-packages/airflow/models/taskinstance.py", line 274, in _run_raw_task
    TaskInstance._execute_task_with_callbacks(
  File "/home/airflow/.local/lib/python3.12/site-packages/airflow/models/taskinstance.py", line 3161, in _execute_task_with_callbacks
    result = self._execute_task(context, task_orig)
             ^^^^^^^^^^^^^^^^^^^^^^^^^^^^^^^^^^^^^^
  File "/home/airflow/.local/lib/python3.12/site-packages/airflow/models/taskinstance.py", line 3185, in _execute_task
    return _execute_task(self, context, task_orig)
           ^^^^^^^^^^^^^^^^^^^^^^^^^^^^^^^^^^^^^^^
  File "/home/airflow/.local/lib/python3.12/site-packages/airflow/models/taskinstance.py", line 768, in _execute_task
    result = _execute_callable(context=context, **execute_callable_kwargs)
             ^^^^^^^^^^^^^^^^^^^^^^^^^^^^^^^^^^^^^^^^^^^^^^^^^^^^^^^^^^^^^
  File "/home/airflow/.local/lib/python3.12/site-packages/airflow/models/taskinstance.py", line 734, in _execute_callable
    return ExecutionCallableRunner(
           ^^^^^^^^^^^^^^^^^^^^^^^^
  File "/home/airflow/.local/lib/python3.12/site-packages/airflow/utils/operator_helpers.py", line 252, in run
    return self.func(*args, **kwargs)
           ^^^^^^^^^^^^^^^^^^^^^^^^^^
  File "/home/airflow/.local/lib/python3.12/site-packages/airflow/models/baseoperator.py", line 424, in wrapper
    return func(self, *args, **kwargs)
           ^^^^^^^^^^^^^^^^^^^^^^^^^^^
  File "/home/airflow/.local/lib/python3.12/site-packages/airflow/operators/python.py", line 238, in execute
    return_value = self.execute_callable()
                   ^^^^^^^^^^^^^^^^^^^^^^^
  File "/home/airflow/.local/lib/python3.12/site-packages/airflow/operators/python.py", line 256, in execute_callable
    return runner.run(*self.op_args, **self.op_kwargs)
           ^^^^^^^^^^^^^^^^^^^^^^^^^^^^^^^^^^^^^^^^^^^
  File "/home/airflow/.local/lib/python3.12/site-packages/airflow/utils/operator_helpers.py", line 252, in run
    return self.func(*args, **kwargs)
           ^^^^^^^^^^^^^^^^^^^^^^^^^^
  File "/opt/airflow/dags/fruad_detection_training_dag.py", line 25, in _train_model
    raise AirflowException(f'Failed to train model: {str(e)}')
airflow.exceptions.AirflowException: Failed to train model: No messages received from Kafka.
[2025-03-23T03:03:14.363+0000] {local_task_job_runner.py:266} INFO - Task exited with return code 1
[2025-03-23T03:03:14.382+0000] {taskinstance.py:3901} INFO - 1 downstream tasks scheduled from follow-on schedule check
[2025-03-23T03:03:14.383+0000] {local_task_job_runner.py:245} INFO - ::endgroup::
[2025-03-23T10:35:39.502+0000] {local_task_job_runner.py:123} INFO - ::group::Pre task execution logs
[2025-03-23T10:35:39.513+0000] {taskinstance.py:2614} INFO - Dependencies all met for dep_context=non-requeueable deps ti=<TaskInstance: fraud_detection_training.execute_training scheduled__2025-03-22T03:00:00+00:00 [queued]>
[2025-03-23T10:35:39.519+0000] {taskinstance.py:2614} INFO - Dependencies all met for dep_context=requeueable deps ti=<TaskInstance: fraud_detection_training.execute_training scheduled__2025-03-22T03:00:00+00:00 [queued]>
[2025-03-23T10:35:39.519+0000] {taskinstance.py:2867} INFO - Starting attempt 1 of 1
[2025-03-23T10:35:39.523+0000] {taskinstance.py:2890} INFO - Executing <Task(PythonOperator): execute_training> on 2025-03-22 03:00:00+00:00
[2025-03-23T10:35:39.526+0000] {warnings.py:112} WARNING - /home/***/.local/lib/python3.12/site-packages/***/task/task_runner/standard_task_runner.py:70: DeprecationWarning: This process (pid=112) is multi-threaded, use of fork() may lead to deadlocks in the child.
  pid = os.fork()

[2025-03-23T10:35:39.528+0000] {standard_task_runner.py:72} INFO - Started process 113 to run task
[2025-03-23T10:35:39.528+0000] {standard_task_runner.py:104} INFO - Running: ['***', 'tasks', 'run', 'fraud_detection_training', 'execute_training', 'scheduled__2025-03-22T03:00:00+00:00', '--job-id', '5', '--raw', '--subdir', 'DAGS_FOLDER/fruad_detection_training_dag.py', '--cfg-path', '/tmp/tmpqq5ad8s1']
[2025-03-23T10:35:39.528+0000] {standard_task_runner.py:105} INFO - Job 5: Subtask execute_training
[2025-03-23T10:35:39.550+0000] {task_command.py:467} INFO - Running <TaskInstance: fraud_detection_training.execute_training scheduled__2025-03-22T03:00:00+00:00 [running]> on host 26f250f3a53c
[2025-03-23T10:35:39.579+0000] {taskinstance.py:3134} INFO - Exporting env vars: AIRFLOW_CTX_DAG_OWNER='***' AIRFLOW_CTX_DAG_ID='fraud_detection_training' AIRFLOW_CTX_TASK_ID='execute_training' AIRFLOW_CTX_EXECUTION_DATE='2025-03-22T03:00:00+00:00' AIRFLOW_CTX_TRY_NUMBER='1' AIRFLOW_CTX_DAG_RUN_ID='scheduled__2025-03-22T03:00:00+00:00'
[2025-03-23T10:35:39.580+0000] {taskinstance.py:732} INFO - ::endgroup::
[2025-03-23T10:35:40.064+0000] {font_manager.py:1639} INFO - generated new fontManager
[2025-03-23T10:35:42.894+0000] {warnings.py:112} WARNING - /opt/***/dags/fraud_detection_training.py:45: UserWarning: The numpy.array_api submodule is still experimental. See NEP 47.
  from numpy.array_api import astype

[2025-03-23T10:35:42.980+0000] {fruad_detection_training_dag.py:18} INFO - Starting training...
[2025-03-23T10:35:42.992+0000] {fraud_detection_training.py:126} INFO - Configuration loaded successfully
[2025-03-23T10:35:43.106+0000] {fraud_detection_training.py:169} INFO - Minio connection verified. Buckets: ['mlflow']
[2025-03-23T10:35:43.542+0000] {logging_mixin.py:190} WARNING - 2025/03/23 10:35:43 INFO mlflow.tracking.fluent: Experiment with name 'fraud_detection_xgboost' does not exist. Creating a new experiment.
[2025-03-23T10:35:43.550+0000] {fraud_detection_training.py:337} INFO - Starting model training process
[2025-03-23T10:35:43.551+0000] {fraud_detection_training.py:183} INFO - Starting Kafka consumer with config: {'bootstrap_servers': 'pkc-921jm.us-east-2.aws.confluent.cloud:9092', 'username': 'N2I6QDSAFXKGXQJX', 'password': 'f+T6MLkzJMhrY1Xo9UMZ2WNMpWn2lP8ki+bU3LAXYTRplGK2eV2jXWKQxEQguFDz', 'topic': 'fraud_topic_1', 'output_topic': 'fraud_alert', 'group_id': 'python-group-1'}
[2025-03-23T10:35:43.573+0000] {fraud_detection_training.py:212} INFO - Explicitly started receiving messages from Kafka topic: fraud_topic_1
[2025-03-23T10:35:51.246+0000] {fraud_detection_training.py:238} INFO - Explicit Random Sample: Received message from Kafka: {"transaction_id": "3417969e-13a5-4c40-bfea-3b300671ccf4", "user_id": 3156, "amount": 6862.3, "currency": "USD", "merchant": "Butler, Lutz and Bradley", "timestamp": "2025-03-23T10:26:58.987231+00:00", "location": "PY", "is_fraud": 0}
[2025-03-23T10:35:51.249+0000] {fraud_detection_training.py:238} INFO - Explicit Random Sample: Received message from Kafka: {"transaction_id": "3f80aa47-8de0-4173-a5e5-dcca19f8cf01", "user_id": 7808, "amount": 8092.2, "currency": "USD", "merchant": "Rodriguez, Flores and Jones", "timestamp": "2025-03-23T10:30:59.706132+00:00", "location": "LB", "is_fraud": 0}
[2025-03-23T10:35:51.395+0000] {fraud_detection_training.py:238} INFO - Explicit Random Sample: Received message from Kafka: {"transaction_id": "9ac53229-f5b3-47a0-b3b6-affa48055e27", "user_id": 1042, "amount": 9880.7, "currency": "USD", "merchant": "Hill Inc", "timestamp": "2025-03-23T10:26:25.274817+00:00", "location": "KM", "is_fraud": 0}
[2025-03-23T10:35:51.396+0000] {fraud_detection_training.py:238} INFO - Explicit Random Sample: Received message from Kafka: {"transaction_id": "1399c389-2016-4078-8384-56c6f0e12150", "user_id": 2158, "amount": 6953.17, "currency": "USD", "merchant": "Mccarthy-Brown", "timestamp": "2025-03-23T10:29:42.111883+00:00", "location": "MK", "is_fraud": 0}
[2025-03-23T10:35:51.492+0000] {fraud_detection_training.py:238} INFO - Explicit Random Sample: Received message from Kafka: {"transaction_id": "0d825266-9574-4f8c-bc65-aea9037f5da1", "user_id": 4793, "amount": 1179.47, "currency": "USD", "merchant": "Flynn Inc", "timestamp": "2025-03-23T10:25:22.319776+00:00", "location": "FJ", "is_fraud": 0}
[2025-03-23T10:36:04.711+0000] {local_task_job_runner.py:346} WARNING - State of this instance has been externally set to failed. Terminating instance.
[2025-03-23T10:36:04.714+0000] {local_task_job_runner.py:245} INFO - ::endgroup::
[2025-03-23T10:36:04.716+0000] {process_utils.py:132} INFO - Sending 15 to group 113. PIDs of all processes in the group: [113]
[2025-03-23T10:36:04.717+0000] {process_utils.py:87} INFO - Sending the signal 15 to group 113
[2025-03-23T10:36:05.503+0000] {taskinstance.py:3094} ERROR - Received SIGTERM. Terminating subprocesses.
[2025-03-23T10:36:05.518+0000] {taskinstance.py:3095} ERROR - Stacktrace: 
  File "/home/***/.local/bin/***", line 8, in <module>
    sys.exit(main())
  File "/home/***/.local/lib/python3.12/site-packages/***/__main__.py", line 62, in main
    args.func(args)
  File "/home/***/.local/lib/python3.12/site-packages/***/cli/cli_config.py", line 49, in command
    return func(*args, **kwargs)
  File "/home/***/.local/lib/python3.12/site-packages/***/utils/cli.py", line 116, in wrapper
    return f(*args, **kwargs)
  File "/home/***/.local/lib/python3.12/site-packages/***/providers/celery/cli/celery_command.py", line 64, in wrapper
    providers_configuration_loaded(func)(*args, **kwargs)
  File "/home/***/.local/lib/python3.12/site-packages/***/utils/providers_configuration_loader.py", line 55, in wrapped_function
    return func(*args, **kwargs)
  File "/home/***/.local/lib/python3.12/site-packages/***/providers/celery/cli/celery_command.py", line 237, in worker
    _run_command_with_daemon_option(
  File "/home/***/.local/lib/python3.12/site-packages/***/providers/celery/cli/celery_command.py", line 50, in _run_command_with_daemon_option
    run_command_with_daemon_option(*args, **kwargs)
  File "/home/***/.local/lib/python3.12/site-packages/***/cli/commands/daemon_utils.py", line 86, in run_command_with_daemon_option
    callback()
  File "/home/***/.local/lib/python3.12/site-packages/***/providers/celery/cli/celery_command.py", line 230, in run_celery_worker
    celery_app.worker_main(options)
  File "/home/***/.local/lib/python3.12/site-packages/celery/app/base.py", line 391, in worker_main
    self.start(argv=argv)
  File "/home/***/.local/lib/python3.12/site-packages/celery/app/base.py", line 371, in start
    celery.main(args=argv, standalone_mode=False)
  File "/home/***/.local/lib/python3.12/site-packages/click/core.py", line 1082, in main
    rv = self.invoke(ctx)
  File "/home/***/.local/lib/python3.12/site-packages/click/core.py", line 1697, in invoke
    return _process_result(sub_ctx.command.invoke(sub_ctx))
  File "/home/***/.local/lib/python3.12/site-packages/click/core.py", line 1443, in invoke
    return ctx.invoke(self.callback, **ctx.params)
  File "/home/***/.local/lib/python3.12/site-packages/click/core.py", line 788, in invoke
    return __callback(*args, **kwargs)
  File "/home/***/.local/lib/python3.12/site-packages/click/decorators.py", line 33, in new_func
    return f(get_current_context(), *args, **kwargs)
  File "/home/***/.local/lib/python3.12/site-packages/celery/bin/base.py", line 135, in caller
    return f(ctx, *args, **kwargs)
  File "/home/***/.local/lib/python3.12/site-packages/celery/bin/worker.py", line 356, in worker
    worker.start()
  File "/home/***/.local/lib/python3.12/site-packages/celery/worker/worker.py", line 202, in start
    self.blueprint.start(self)
  File "/home/***/.local/lib/python3.12/site-packages/celery/bootsteps.py", line 116, in start
    step.start(parent)
  File "/home/***/.local/lib/python3.12/site-packages/celery/bootsteps.py", line 365, in start
    return self.obj.start()
  File "/home/***/.local/lib/python3.12/site-packages/celery/concurrency/base.py", line 130, in start
    self.on_start()
  File "/home/***/.local/lib/python3.12/site-packages/celery/concurrency/prefork.py", line 109, in on_start
    P = self._pool = Pool(processes=self.limit,
  File "/home/***/.local/lib/python3.12/site-packages/celery/concurrency/asynpool.py", line 464, in __init__
    super().__init__(processes, *args, **kwargs)
  File "/home/***/.local/lib/python3.12/site-packages/billiard/pool.py", line 1046, in __init__
    self._create_worker_process(i)
  File "/home/***/.local/lib/python3.12/site-packages/celery/concurrency/asynpool.py", line 482, in _create_worker_process
    return super()._create_worker_process(i)
  File "/home/***/.local/lib/python3.12/site-packages/billiard/pool.py", line 1158, in _create_worker_process
    w.start()
  File "/home/***/.local/lib/python3.12/site-packages/billiard/process.py", line 120, in start
    self._popen = self._Popen(self)
  File "/home/***/.local/lib/python3.12/site-packages/billiard/context.py", line 331, in _Popen
    return Popen(process_obj)
  File "/home/***/.local/lib/python3.12/site-packages/billiard/popen_fork.py", line 22, in __init__
    self._launch(process_obj)
  File "/home/***/.local/lib/python3.12/site-packages/billiard/popen_fork.py", line 77, in _launch
    code = process_obj._bootstrap()
  File "/home/***/.local/lib/python3.12/site-packages/billiard/process.py", line 323, in _bootstrap
    self.run()
  File "/home/***/.local/lib/python3.12/site-packages/billiard/process.py", line 110, in run
    self._target(*self._args, **self._kwargs)
  File "/home/***/.local/lib/python3.12/site-packages/billiard/pool.py", line 292, in __call__
    sys.exit(self.workloop(pid=pid))
  File "/home/***/.local/lib/python3.12/site-packages/billiard/pool.py", line 362, in workloop
    result = (True, prepare_result(fun(*args, **kwargs)))
  File "/home/***/.local/lib/python3.12/site-packages/celery/app/trace.py", line 651, in fast_trace_task
    R, I, T, Rstr = tasks[task].__trace__(
  File "/home/***/.local/lib/python3.12/site-packages/celery/app/trace.py", line 453, in trace_task
    R = retval = fun(*args, **kwargs)
  File "/home/***/.local/lib/python3.12/site-packages/celery/app/trace.py", line 736, in __protected_call__
    return self.run(*args, **kwargs)
  File "/home/***/.local/lib/python3.12/site-packages/***/providers/celery/executors/celery_executor_utils.py", line 139, in execute_command
    _execute_in_fork(command_to_exec, celery_task_id)
  File "/home/***/.local/lib/python3.12/site-packages/***/providers/celery/executors/celery_executor_utils.py", line 171, in _execute_in_fork
    args.func(args)
  File "/home/***/.local/lib/python3.12/site-packages/***/cli/cli_config.py", line 49, in command
    return func(*args, **kwargs)
  File "/home/***/.local/lib/python3.12/site-packages/***/utils/cli.py", line 116, in wrapper
    return f(*args, **kwargs)
  File "/home/***/.local/lib/python3.12/site-packages/***/cli/commands/task_command.py", line 483, in task_run
    task_return_code = _run_task_by_selected_method(args, _dag, ti)
  File "/home/***/.local/lib/python3.12/site-packages/***/cli/commands/task_command.py", line 254, in _run_task_by_selected_method
    return _run_task_by_local_task_job(args, ti)
  File "/home/***/.local/lib/python3.12/site-packages/***/cli/commands/task_command.py", line 322, in _run_task_by_local_task_job
    ret = run_job(job=job_runner.job, execute_callable=job_runner._execute)
  File "/home/***/.local/lib/python3.12/site-packages/***/utils/session.py", line 97, in wrapper
    return func(*args, session=session, **kwargs)
  File "/home/***/.local/lib/python3.12/site-packages/***/jobs/job.py", line 421, in run_job
    return execute_job(job, execute_callable=execute_callable)
  File "/home/***/.local/lib/python3.12/site-packages/***/jobs/job.py", line 450, in execute_job
    ret = execute_callable()
  File "/home/***/.local/lib/python3.12/site-packages/***/jobs/local_task_job_runner.py", line 171, in _execute
    self.task_runner.start()
  File "/home/***/.local/lib/python3.12/site-packages/***/task/task_runner/standard_task_runner.py", line 55, in start
    self.process = self._start_by_fork()
  File "/home/***/.local/lib/python3.12/site-packages/***/task/task_runner/standard_task_runner.py", line 117, in _start_by_fork
    ret = args.func(args, dag=self.dag)
  File "/home/***/.local/lib/python3.12/site-packages/***/cli/cli_config.py", line 49, in command
    return func(*args, **kwargs)
  File "/home/***/.local/lib/python3.12/site-packages/***/utils/cli.py", line 116, in wrapper
    return f(*args, **kwargs)
  File "/home/***/.local/lib/python3.12/site-packages/***/cli/commands/task_command.py", line 483, in task_run
    task_return_code = _run_task_by_selected_method(args, _dag, ti)
  File "/home/***/.local/lib/python3.12/site-packages/***/cli/commands/task_command.py", line 256, in _run_task_by_selected_method
    return _run_raw_task(args, ti)
  File "/home/***/.local/lib/python3.12/site-packages/***/cli/commands/task_command.py", line 341, in _run_raw_task
    return ti._run_raw_task(
  File "/home/***/.local/lib/python3.12/site-packages/***/utils/session.py", line 97, in wrapper
    return func(*args, session=session, **kwargs)
  File "/home/***/.local/lib/python3.12/site-packages/***/models/taskinstance.py", line 3006, in _run_raw_task
    return _run_raw_task(
  File "/home/***/.local/lib/python3.12/site-packages/***/models/taskinstance.py", line 274, in _run_raw_task
    TaskInstance._execute_task_with_callbacks(
  File "/home/***/.local/lib/python3.12/site-packages/***/models/taskinstance.py", line 3161, in _execute_task_with_callbacks
    result = self._execute_task(context, task_orig)
  File "/home/***/.local/lib/python3.12/site-packages/***/models/taskinstance.py", line 3185, in _execute_task
    return _execute_task(self, context, task_orig)
  File "/home/***/.local/lib/python3.12/site-packages/***/models/taskinstance.py", line 768, in _execute_task
    result = _execute_callable(context=context, **execute_callable_kwargs)
  File "/home/***/.local/lib/python3.12/site-packages/***/models/taskinstance.py", line 734, in _execute_callable
    return ExecutionCallableRunner(
  File "/home/***/.local/lib/python3.12/site-packages/***/utils/operator_helpers.py", line 252, in run
    return self.func(*args, **kwargs)
  File "/home/***/.local/lib/python3.12/site-packages/***/models/baseoperator.py", line 424, in wrapper
    return func(self, *args, **kwargs)
  File "/home/***/.local/lib/python3.12/site-packages/***/operators/python.py", line 238, in execute
    return_value = self.execute_callable()
  File "/home/***/.local/lib/python3.12/site-packages/***/operators/python.py", line 256, in execute_callable
    return runner.run(*self.op_args, **self.op_kwargs)
  File "/home/***/.local/lib/python3.12/site-packages/***/utils/operator_helpers.py", line 252, in run
    return self.func(*args, **kwargs)
  File "/opt/***/dags/fruad_detection_training_dag.py", line 20, in _train_model
    model, precision = trainer.train_model()
  File "/opt/***/dags/fraud_detection_training.py", line 338, in train_model
    df = self.read_from_kafka()
  File "/opt/***/dags/fraud_detection_training.py", line 216, in read_from_kafka
    msg = consumer.poll(poll_timeout)
  File "/home/***/.local/lib/python3.12/site-packages/***/models/taskinstance.py", line 3095, in signal_handler
    self.log.error("Stacktrace: \n%s", "".join(traceback.format_stack()))

[2025-03-23T10:36:05.936+0000] {fraud_detection_training.py:244} INFO - Explicitly closed Kafka consumer. Total messages explicitly fetched: 361
[2025-03-23T10:36:05.974+0000] {taskinstance.py:341} INFO - ::group::Post task execution logs
[2025-03-23T10:36:06.032+0000] {process_utils.py:80} INFO - Process psutil.Process(pid=113, status='terminated', exitcode=0, started='10:35:39') (113) terminated with exit code 0
[2025-03-23T13:46:55.306+0000] {local_task_job_runner.py:123} INFO - ::group::Pre task execution logs
[2025-03-23T13:46:55.319+0000] {taskinstance.py:2614} INFO - Dependencies all met for dep_context=non-requeueable deps ti=<TaskInstance: fraud_detection_training.execute_training scheduled__2025-03-22T03:00:00+00:00 [queued]>
[2025-03-23T13:46:55.327+0000] {taskinstance.py:2614} INFO - Dependencies all met for dep_context=requeueable deps ti=<TaskInstance: fraud_detection_training.execute_training scheduled__2025-03-22T03:00:00+00:00 [queued]>
[2025-03-23T13:46:55.327+0000] {taskinstance.py:2867} INFO - Starting attempt 1 of 1
[2025-03-23T13:46:55.332+0000] {taskinstance.py:2890} INFO - Executing <Task(PythonOperator): execute_training> on 2025-03-22 03:00:00+00:00
[2025-03-23T13:46:55.334+0000] {warnings.py:112} WARNING - /home/***/.local/lib/python3.12/site-packages/***/task/task_runner/standard_task_runner.py:70: DeprecationWarning: This process (pid=1385) is multi-threaded, use of fork() may lead to deadlocks in the child.
  pid = os.fork()

[2025-03-23T13:46:55.335+0000] {standard_task_runner.py:72} INFO - Started process 1386 to run task
[2025-03-23T13:46:55.335+0000] {standard_task_runner.py:104} INFO - Running: ['***', 'tasks', 'run', 'fraud_detection_training', 'execute_training', 'scheduled__2025-03-22T03:00:00+00:00', '--job-id', '17', '--raw', '--subdir', 'DAGS_FOLDER/fruad_detection_training_dag.py', '--cfg-path', '/tmp/tmpo2ywhew6']
[2025-03-23T13:46:55.336+0000] {standard_task_runner.py:105} INFO - Job 17: Subtask execute_training
[2025-03-23T13:46:55.352+0000] {task_command.py:467} INFO - Running <TaskInstance: fraud_detection_training.execute_training scheduled__2025-03-22T03:00:00+00:00 [running]> on host b29bd579ad45
[2025-03-23T13:46:55.375+0000] {taskinstance.py:3134} INFO - Exporting env vars: AIRFLOW_CTX_DAG_OWNER='***' AIRFLOW_CTX_DAG_ID='fraud_detection_training' AIRFLOW_CTX_TASK_ID='execute_training' AIRFLOW_CTX_EXECUTION_DATE='2025-03-22T03:00:00+00:00' AIRFLOW_CTX_TRY_NUMBER='1' AIRFLOW_CTX_DAG_RUN_ID='scheduled__2025-03-22T03:00:00+00:00'
[2025-03-23T13:46:55.376+0000] {taskinstance.py:732} INFO - ::endgroup::
[2025-03-23T13:46:56.886+0000] {warnings.py:112} WARNING - /opt/***/dags/fraud_detection_training.py:45: UserWarning: The numpy.array_api submodule is still experimental. See NEP 47.
  from numpy.array_api import astype

[2025-03-23T13:46:56.919+0000] {fruad_detection_training_dag.py:18} INFO - Starting training...
[2025-03-23T13:46:56.922+0000] {fraud_detection_training.py:126} INFO - Configuration loaded successfully
[2025-03-23T13:46:56.987+0000] {fraud_detection_training.py:169} INFO - Minio connection verified. Buckets: ['mlflow']
[2025-03-23T13:46:57.033+0000] {fraud_detection_training.py:337} INFO - Starting model training process
[2025-03-23T13:46:57.034+0000] {fraud_detection_training.py:183} INFO - Starting Kafka consumer with config: {'bootstrap_servers': 'pkc-921jm.us-east-2.aws.confluent.cloud:9092', 'username': 'N2I6QDSAFXKGXQJX', 'password': 'f+T6MLkzJMhrY1Xo9UMZ2WNMpWn2lP8ki+bU3LAXYTRplGK2eV2jXWKQxEQguFDz', 'topic': 'fraud_topic_1', 'output_topic': 'fraud_alert', 'group_id': 'python-group-1'}
[2025-03-23T13:46:57.045+0000] {fraud_detection_training.py:212} INFO - Explicitly started receiving messages from Kafka topic: fraud_topic_1
[2025-03-23T13:47:06.821+0000] {fraud_detection_training.py:238} INFO - Explicit Random Sample: Received message from Kafka: {"transaction_id": "75503319-6188-411d-8779-4e4713b9bae2", "user_id": 8717, "amount": 9673.88, "currency": "USD", "merchant": "Little-Hill", "timestamp": "2025-03-23T10:46:44.543277+00:00", "location": "LI", "is_fraud": 0}
[2025-03-23T13:47:06.828+0000] {fraud_detection_training.py:238} INFO - Explicit Random Sample: Received message from Kafka: {"transaction_id": "e9bf7696-f4e8-49ef-8c95-a8e8349fe02c", "user_id": 1478, "amount": 9993.2, "currency": "USD", "merchant": "Coffey and Sons", "timestamp": "2025-03-23T10:47:48.320230+00:00", "location": "PG", "is_fraud": 0}
[2025-03-23T13:47:06.828+0000] {fraud_detection_training.py:238} INFO - Explicit Random Sample: Received message from Kafka: {"transaction_id": "07135602-8df1-4ac1-a9cb-a4dc58b9f294", "user_id": 3373, "amount": 8593.39, "currency": "USD", "merchant": "Brown-Ward", "timestamp": "2025-03-23T10:50:24.495781+00:00", "location": "SB", "is_fraud": 0}
[2025-03-23T13:47:06.829+0000] {fraud_detection_training.py:238} INFO - Explicit Random Sample: Received message from Kafka: {"transaction_id": "e5965d6c-6722-4a02-b3ad-8e0d74154048", "user_id": 1286, "amount": 4679.95, "currency": "USD", "merchant": "Peters, Lawrence and Webb", "timestamp": "2025-03-23T10:53:10.010002+00:00", "location": "IN", "is_fraud": 0}
[2025-03-23T13:47:06.829+0000] {fraud_detection_training.py:238} INFO - Explicit Random Sample: Received message from Kafka: {"transaction_id": "3ed45ebb-be38-4398-9f48-6ae1112cca1e", "user_id": 2851, "amount": 845.76, "currency": "USD", "merchant": "Douglas-Brown", "timestamp": "2025-03-23T10:53:23.193581+00:00", "location": "KG", "is_fraud": 0}
[2025-03-23T13:47:06.829+0000] {fraud_detection_training.py:238} INFO - Explicit Random Sample: Received message from Kafka: {"transaction_id": "bd816ad1-79d9-444f-bd70-428e945b2938", "user_id": 2122, "amount": 568.28, "currency": "USD", "merchant": "Rodriguez-Walker", "timestamp": "2025-03-23T10:56:02.466634+00:00", "location": "SZ", "is_fraud": 1}
[2025-03-23T13:47:06.830+0000] {fraud_detection_training.py:238} INFO - Explicit Random Sample: Received message from Kafka: {"transaction_id": "4ecb98fa-6f06-40c8-b44e-09082889f95e", "user_id": 7324, "amount": 181.35, "currency": "USD", "merchant": "Griffith, Taylor and Johnson", "timestamp": "2025-03-23T11:05:14.227187+00:00", "location": "ML", "is_fraud": 1}
[2025-03-23T13:47:06.830+0000] {fraud_detection_training.py:238} INFO - Explicit Random Sample: Received message from Kafka: {"transaction_id": "4f42ba28-6903-4203-b749-f4d1159d544a", "user_id": 9202, "amount": 6583.52, "currency": "USD", "merchant": "Powell-Downs", "timestamp": "2025-03-23T11:22:47.531757+00:00", "location": "MH", "is_fraud": 0}
[2025-03-23T13:47:06.831+0000] {fraud_detection_training.py:238} INFO - Explicit Random Sample: Received message from Kafka: {"transaction_id": "25b24f8c-7eee-4a85-84f0-b3b354cbf0b2", "user_id": 8333, "amount": 1339.28, "currency": "USD", "merchant": "Fernandez-Shaw", "timestamp": "2025-03-23T11:23:25.222610+00:00", "location": "TJ", "is_fraud": 0}
[2025-03-23T13:47:06.831+0000] {fraud_detection_training.py:238} INFO - Explicit Random Sample: Received message from Kafka: {"transaction_id": "1ac5dadd-7398-4c3d-b14e-696f05f95e71", "user_id": 9653, "amount": 1844.63, "currency": "USD", "merchant": "Bowman and Sons", "timestamp": "2025-03-23T12:53:00.659684+00:00", "location": "BR", "is_fraud": 1}
[2025-03-23T13:47:06.831+0000] {fraud_detection_training.py:238} INFO - Explicit Random Sample: Received message from Kafka: {"transaction_id": "8fa5f5f7-d031-4cbe-ac1a-07163b95a36d", "user_id": 9279, "amount": 3687.18, "currency": "USD", "merchant": "FastMoneyX", "timestamp": "2025-03-23T12:53:11.699776+00:00", "location": "MK", "is_fraud": 1}
[2025-03-23T13:47:06.832+0000] {fraud_detection_training.py:238} INFO - Explicit Random Sample: Received message from Kafka: {"transaction_id": "0dfb5896-c5e5-493c-aab8-881ea4ac0268", "user_id": 6209, "amount": 221.39, "currency": "USD", "merchant": "Johnston, Davis and Martinez", "timestamp": "2025-03-23T13:02:08.227377+00:00", "location": "DK", "is_fraud": 0}
[2025-03-23T13:47:06.832+0000] {fraud_detection_training.py:238} INFO - Explicit Random Sample: Received message from Kafka: {"transaction_id": "4c43088c-1e56-49eb-9786-d46f5dea4254", "user_id": 9105, "amount": 4633.58, "currency": "USD", "merchant": "Blake, Cervantes and Morton", "timestamp": "2025-03-23T13:24:59.934272+00:00", "location": "SK", "is_fraud": 0}
[2025-03-23T13:47:07.210+0000] {fraud_detection_training.py:238} INFO - Explicit Random Sample: Received message from Kafka: {"transaction_id": "20112758-a5ea-445e-b5a4-d1b1f259b7d6", "user_id": 5713, "amount": 9000.47, "currency": "USD", "merchant": "Schneider PLC", "timestamp": "2025-03-23T10:39:57.696937+00:00", "location": "PW", "is_fraud": 0}
[2025-03-23T13:47:07.211+0000] {fraud_detection_training.py:238} INFO - Explicit Random Sample: Received message from Kafka: {"transaction_id": "4ab10e26-e129-4605-88f6-33a3ee9b5545", "user_id": 3958, "amount": 8364.63, "currency": "USD", "merchant": "Patel-Simmons", "timestamp": "2025-03-23T10:40:45.034792+00:00", "location": "LR", "is_fraud": 0}
[2025-03-23T13:47:07.211+0000] {fraud_detection_training.py:238} INFO - Explicit Random Sample: Received message from Kafka: {"transaction_id": "451234c2-0228-4e2e-ad23-68fd7ceaf661", "user_id": 2459, "amount": 875.79, "currency": "USD", "merchant": "Mcgee-Jones", "timestamp": "2025-03-23T10:47:55.338722+00:00", "location": "LS", "is_fraud": 0}
[2025-03-23T13:47:07.212+0000] {fraud_detection_training.py:238} INFO - Explicit Random Sample: Received message from Kafka: {"transaction_id": "b597fe60-3556-4af0-b93f-e5672fe9ba0f", "user_id": 2247, "amount": 9904.16, "currency": "USD", "merchant": "Guerrero Inc", "timestamp": "2025-03-23T10:49:29.983460+00:00", "location": "MM", "is_fraud": 0}
[2025-03-23T13:47:07.212+0000] {fraud_detection_training.py:238} INFO - Explicit Random Sample: Received message from Kafka: {"transaction_id": "4b42b89e-9e3e-4c3c-8f92-cfcd0bdffef0", "user_id": 1048, "amount": 9981.45, "currency": "USD", "merchant": "Harris-Ellison", "timestamp": "2025-03-23T10:53:38.380910+00:00", "location": "TO", "is_fraud": 0}
[2025-03-23T13:47:07.214+0000] {fraud_detection_training.py:238} INFO - Explicit Random Sample: Received message from Kafka: {"transaction_id": "b3f46438-bc24-41e9-90a0-826c390c2b08", "user_id": 6938, "amount": 899.57, "currency": "USD", "merchant": "Jefferson-Cruz", "timestamp": "2025-03-23T11:06:17.606884+00:00", "location": "TD", "is_fraud": 0}
[2025-03-23T13:47:07.215+0000] {fraud_detection_training.py:238} INFO - Explicit Random Sample: Received message from Kafka: {"transaction_id": "8cae138c-01dd-4d8b-acb1-dd076d29215d", "user_id": 2681, "amount": 1229.15, "currency": "USD", "merchant": "Simmons Inc", "timestamp": "2025-03-23T11:23:15.846921+00:00", "location": "YE", "is_fraud": 1}
[2025-03-23T13:47:07.215+0000] {fraud_detection_training.py:238} INFO - Explicit Random Sample: Received message from Kafka: {"transaction_id": "6f532a8f-6816-4c56-8792-c98c951d2a74", "user_id": 4748, "amount": 1361.67, "currency": "USD", "merchant": "Brown Ltd", "timestamp": "2025-03-23T11:29:09.597187+00:00", "location": "FI", "is_fraud": 0}
[2025-03-23T13:47:07.217+0000] {fraud_detection_training.py:238} INFO - Explicit Random Sample: Received message from Kafka: {"transaction_id": "7e31579c-d25f-49bd-832a-5f2175d8bdb0", "user_id": 1596, "amount": 6700.41, "currency": "USD", "merchant": "Baldwin-Rogers", "timestamp": "2025-03-23T12:51:35.088541+00:00", "location": "SI", "is_fraud": 0}
[2025-03-23T13:47:07.217+0000] {fraud_detection_training.py:238} INFO - Explicit Random Sample: Received message from Kafka: {"transaction_id": "fd3c3cc7-8d6a-4091-bac0-679ffe2cc251", "user_id": 3814, "amount": 7126.45, "currency": "USD", "merchant": "Griffin-Whitney", "timestamp": "2025-03-23T12:54:15.975532+00:00", "location": "TT", "is_fraud": 0}
[2025-03-23T13:47:07.217+0000] {fraud_detection_training.py:238} INFO - Explicit Random Sample: Received message from Kafka: {"transaction_id": "5933d0ba-8710-4cee-98c6-179b4bffe16f", "user_id": 8155, "amount": 1047.79, "currency": "USD", "merchant": "Schmidt, Brown and Mcguire", "timestamp": "2025-03-23T12:52:27.622773+00:00", "location": "FI", "is_fraud": 0}
[2025-03-23T13:47:07.218+0000] {fraud_detection_training.py:238} INFO - Explicit Random Sample: Received message from Kafka: {"transaction_id": "9b0f0467-8473-49f3-b8fc-46ec1a835144", "user_id": 1606, "amount": 1832.76, "currency": "USD", "merchant": "Wall-Brown", "timestamp": "2025-03-23T13:24:49.831706+00:00", "location": "MK", "is_fraud": 0}
[2025-03-23T13:47:07.219+0000] {fraud_detection_training.py:238} INFO - Explicit Random Sample: Received message from Kafka: {"transaction_id": "3b7f8a2e-578e-4790-8a8c-b31ffcc29c85", "user_id": 5834, "amount": 719.65, "currency": "USD", "merchant": "Price PLC", "timestamp": "2025-03-23T13:28:57.808018+00:00", "location": "GD", "is_fraud": 0}
[2025-03-23T13:47:07.219+0000] {fraud_detection_training.py:238} INFO - Explicit Random Sample: Received message from Kafka: {"transaction_id": "0e866ee7-503c-43d3-b97b-37344a46cf18", "user_id": 5545, "amount": 3223.8, "currency": "USD", "merchant": "Williamson, Hall and Brennan", "timestamp": "2025-03-23T13:31:05.000402+00:00", "location": "BI", "is_fraud": 0}
[2025-03-23T13:47:07.219+0000] {fraud_detection_training.py:238} INFO - Explicit Random Sample: Received message from Kafka: {"transaction_id": "4ad2df76-a788-4e14-85ab-a0198dbafaab", "user_id": 3859, "amount": 4271.14, "currency": "USD", "merchant": "Zimmerman and Sons", "timestamp": "2025-03-23T13:30:26.180821+00:00", "location": "LI", "is_fraud": 0}
[2025-03-23T13:47:07.723+0000] {fraud_detection_training.py:238} INFO - Explicit Random Sample: Received message from Kafka: {"transaction_id": "c33b6181-e06c-4c2a-b17f-d4174d5fcef1", "user_id": 7094, "amount": 6113.35, "currency": "USD", "merchant": "Miranda-Fields", "timestamp": "2025-03-23T10:38:06.339792+00:00", "location": "SN", "is_fraud": 0}
[2025-03-23T13:47:07.724+0000] {fraud_detection_training.py:238} INFO - Explicit Random Sample: Received message from Kafka: {"transaction_id": "07e757a2-995f-4e53-aaba-6c6109e6e0e6", "user_id": 7165, "amount": 3864.82, "currency": "USD", "merchant": "Byrd Inc", "timestamp": "2025-03-23T10:40:08.808429+00:00", "location": "SI", "is_fraud": 0}
[2025-03-23T13:47:07.725+0000] {fraud_detection_training.py:238} INFO - Explicit Random Sample: Received message from Kafka: {"transaction_id": "6f03bd77-16ca-4298-9199-b71ec6b2a35d", "user_id": 9846, "amount": 178.9, "currency": "USD", "merchant": "Brown Ltd", "timestamp": "2025-03-23T10:50:49.659975+00:00", "location": "TM", "is_fraud": 0}
[2025-03-23T13:47:07.725+0000] {fraud_detection_training.py:238} INFO - Explicit Random Sample: Received message from Kafka: {"transaction_id": "161082a7-b108-4c8d-b619-d8f509684972", "user_id": 5374, "amount": 1001.42, "currency": "USD", "merchant": "GlobalDigital", "timestamp": "2025-03-23T10:53:21.553110+00:00", "location": "PA", "is_fraud": 1}
[2025-03-23T13:47:07.725+0000] {fraud_detection_training.py:238} INFO - Explicit Random Sample: Received message from Kafka: {"transaction_id": "03aaa9ea-e0f7-461c-a345-e4a135a261e7", "user_id": 7196, "amount": 252.62, "currency": "USD", "merchant": "Stokes, Young and Martin", "timestamp": "2025-03-23T10:53:20.701726+00:00", "location": "SG", "is_fraud": 1}
[2025-03-23T13:47:07.726+0000] {fraud_detection_training.py:238} INFO - Explicit Random Sample: Received message from Kafka: {"transaction_id": "43b6439d-9c2c-4734-b525-d8846a8c0759", "user_id": 3027, "amount": 5702.47, "currency": "USD", "merchant": "Martinez-Martin", "timestamp": "2025-03-23T10:55:06.157656+00:00", "location": "BW", "is_fraud": 0}
[2025-03-23T13:47:07.726+0000] {fraud_detection_training.py:238} INFO - Explicit Random Sample: Received message from Kafka: {"transaction_id": "b2315fa9-52f8-46d1-93b8-d0098d9d95d3", "user_id": 3713, "amount": 108.62, "currency": "USD", "merchant": "Townsend Ltd", "timestamp": "2025-03-23T10:55:49.363462+00:00", "location": "UY", "is_fraud": 1}
[2025-03-23T13:47:07.726+0000] {fraud_detection_training.py:238} INFO - Explicit Random Sample: Received message from Kafka: {"transaction_id": "d0e5d8f7-bd4d-4665-a93b-6fc41cc88d2d", "user_id": 9845, "amount": 1390.26, "currency": "USD", "merchant": "Beck-Clayton", "timestamp": "2025-03-23T10:59:02.339116+00:00", "location": "BA", "is_fraud": 1}
[2025-03-23T13:47:07.727+0000] {fraud_detection_training.py:238} INFO - Explicit Random Sample: Received message from Kafka: {"transaction_id": "8aeeb4aa-e7b8-4946-8e4d-b8e50e9d24f1", "user_id": 4213, "amount": 4637.45, "currency": "USD", "merchant": "Anderson-Sims", "timestamp": "2025-03-23T11:06:49.510729+00:00", "location": "CD", "is_fraud": 0}
[2025-03-23T13:47:07.729+0000] {fraud_detection_training.py:238} INFO - Explicit Random Sample: Received message from Kafka: {"transaction_id": "52a6045d-c4ad-44c5-9769-a0c795698079", "user_id": 4920, "amount": 8970.88, "currency": "USD", "merchant": "Lewis, Olsen and Harding", "timestamp": "2025-03-23T12:35:31.298069+00:00", "location": "VE", "is_fraud": 0}
[2025-03-23T13:47:07.729+0000] {fraud_detection_training.py:238} INFO - Explicit Random Sample: Received message from Kafka: {"transaction_id": "88134937-c445-4f1d-b784-a3d212f655d6", "user_id": 9281, "amount": 5213.31, "currency": "USD", "merchant": "Mason, Francis and Taylor", "timestamp": "2025-03-23T12:51:54.787303+00:00", "location": "SL", "is_fraud": 0}
[2025-03-23T13:47:07.730+0000] {fraud_detection_training.py:238} INFO - Explicit Random Sample: Received message from Kafka: {"transaction_id": "4b2881ae-db78-47dd-a407-1226eb71f87d", "user_id": 2499, "amount": 6337.5, "currency": "USD", "merchant": "Golden-Robinson", "timestamp": "2025-03-23T12:53:55.295902+00:00", "location": "TZ", "is_fraud": 0}
[2025-03-23T13:47:07.730+0000] {fraud_detection_training.py:238} INFO - Explicit Random Sample: Received message from Kafka: {"transaction_id": "7bb64553-669b-45cf-b4dd-640618d256da", "user_id": 3327, "amount": 4104.71, "currency": "USD", "merchant": "Baldwin Ltd", "timestamp": "2025-03-23T12:53:48.667302+00:00", "location": "RU", "is_fraud": 0}
[2025-03-23T13:47:07.731+0000] {fraud_detection_training.py:238} INFO - Explicit Random Sample: Received message from Kafka: {"transaction_id": "7d3fe32e-f757-4edf-b5c4-4da8d3dbfdec", "user_id": 4988, "amount": 4855.88, "currency": "USD", "merchant": "Valencia, Durham and Foster", "timestamp": "2025-03-23T12:55:44.722793+00:00", "location": "LC", "is_fraud": 0}
[2025-03-23T13:47:07.731+0000] {fraud_detection_training.py:238} INFO - Explicit Random Sample: Received message from Kafka: {"transaction_id": "826d65f8-0646-4d05-ab63-ff21173225db", "user_id": 2447, "amount": 9641.58, "currency": "USD", "merchant": "Frank PLC", "timestamp": "2025-03-23T12:59:15.731799+00:00", "location": "HU", "is_fraud": 0}
[2025-03-23T13:47:07.732+0000] {fraud_detection_training.py:238} INFO - Explicit Random Sample: Received message from Kafka: {"transaction_id": "5b45ec83-15bc-4262-bd9d-1e3798828f63", "user_id": 6784, "amount": 685.57, "currency": "USD", "merchant": "Scott PLC", "timestamp": "2025-03-23T13:24:21.776173+00:00", "location": "UA", "is_fraud": 1}
[2025-03-23T13:47:07.732+0000] {fraud_detection_training.py:238} INFO - Explicit Random Sample: Received message from Kafka: {"transaction_id": "3ecef3f9-1d65-4790-bc85-f7601239e039", "user_id": 4977, "amount": 1755.43, "currency": "USD", "merchant": "Jones-Cardenas", "timestamp": "2025-03-23T13:26:18.154255+00:00", "location": "SE", "is_fraud": 1}
[2025-03-23T13:47:07.732+0000] {fraud_detection_training.py:238} INFO - Explicit Random Sample: Received message from Kafka: {"transaction_id": "f5319b9f-3944-4917-8c48-ed1ac2820146", "user_id": 6961, "amount": 1131.54, "currency": "USD", "merchant": "QuickCash", "timestamp": "2025-03-23T13:28:45.755495+00:00", "location": "EE", "is_fraud": 1}
[2025-03-23T13:47:10.532+0000] {local_task_job_runner.py:346} WARNING - State of this instance has been externally set to failed. Terminating instance.
[2025-03-23T13:47:10.534+0000] {local_task_job_runner.py:245} INFO - ::endgroup::
[2025-03-23T13:47:10.536+0000] {process_utils.py:132} INFO - Sending 15 to group 1386. PIDs of all processes in the group: [1386]
[2025-03-23T13:47:10.536+0000] {process_utils.py:87} INFO - Sending the signal 15 to group 1386
[2025-03-23T13:47:11.738+0000] {taskinstance.py:3094} ERROR - Received SIGTERM. Terminating subprocesses.
[2025-03-23T13:47:11.752+0000] {taskinstance.py:3095} ERROR - Stacktrace: 
  File "/home/***/.local/bin/***", line 8, in <module>
    sys.exit(main())
  File "/home/***/.local/lib/python3.12/site-packages/***/__main__.py", line 62, in main
    args.func(args)
  File "/home/***/.local/lib/python3.12/site-packages/***/cli/cli_config.py", line 49, in command
    return func(*args, **kwargs)
  File "/home/***/.local/lib/python3.12/site-packages/***/utils/cli.py", line 116, in wrapper
    return f(*args, **kwargs)
  File "/home/***/.local/lib/python3.12/site-packages/***/providers/celery/cli/celery_command.py", line 64, in wrapper
    providers_configuration_loaded(func)(*args, **kwargs)
  File "/home/***/.local/lib/python3.12/site-packages/***/utils/providers_configuration_loader.py", line 55, in wrapped_function
    return func(*args, **kwargs)
  File "/home/***/.local/lib/python3.12/site-packages/***/providers/celery/cli/celery_command.py", line 237, in worker
    _run_command_with_daemon_option(
  File "/home/***/.local/lib/python3.12/site-packages/***/providers/celery/cli/celery_command.py", line 50, in _run_command_with_daemon_option
    run_command_with_daemon_option(*args, **kwargs)
  File "/home/***/.local/lib/python3.12/site-packages/***/cli/commands/daemon_utils.py", line 86, in run_command_with_daemon_option
    callback()
  File "/home/***/.local/lib/python3.12/site-packages/***/providers/celery/cli/celery_command.py", line 230, in run_celery_worker
    celery_app.worker_main(options)
  File "/home/***/.local/lib/python3.12/site-packages/celery/app/base.py", line 391, in worker_main
    self.start(argv=argv)
  File "/home/***/.local/lib/python3.12/site-packages/celery/app/base.py", line 371, in start
    celery.main(args=argv, standalone_mode=False)
  File "/home/***/.local/lib/python3.12/site-packages/click/core.py", line 1082, in main
    rv = self.invoke(ctx)
  File "/home/***/.local/lib/python3.12/site-packages/click/core.py", line 1697, in invoke
    return _process_result(sub_ctx.command.invoke(sub_ctx))
  File "/home/***/.local/lib/python3.12/site-packages/click/core.py", line 1443, in invoke
    return ctx.invoke(self.callback, **ctx.params)
  File "/home/***/.local/lib/python3.12/site-packages/click/core.py", line 788, in invoke
    return __callback(*args, **kwargs)
  File "/home/***/.local/lib/python3.12/site-packages/click/decorators.py", line 33, in new_func
    return f(get_current_context(), *args, **kwargs)
  File "/home/***/.local/lib/python3.12/site-packages/celery/bin/base.py", line 135, in caller
    return f(ctx, *args, **kwargs)
  File "/home/***/.local/lib/python3.12/site-packages/celery/bin/worker.py", line 356, in worker
    worker.start()
  File "/home/***/.local/lib/python3.12/site-packages/celery/worker/worker.py", line 202, in start
    self.blueprint.start(self)
  File "/home/***/.local/lib/python3.12/site-packages/celery/bootsteps.py", line 116, in start
    step.start(parent)
  File "/home/***/.local/lib/python3.12/site-packages/celery/bootsteps.py", line 365, in start
    return self.obj.start()
  File "/home/***/.local/lib/python3.12/site-packages/celery/concurrency/base.py", line 130, in start
    self.on_start()
  File "/home/***/.local/lib/python3.12/site-packages/celery/concurrency/prefork.py", line 109, in on_start
    P = self._pool = Pool(processes=self.limit,
  File "/home/***/.local/lib/python3.12/site-packages/celery/concurrency/asynpool.py", line 464, in __init__
    super().__init__(processes, *args, **kwargs)
  File "/home/***/.local/lib/python3.12/site-packages/billiard/pool.py", line 1046, in __init__
    self._create_worker_process(i)
  File "/home/***/.local/lib/python3.12/site-packages/celery/concurrency/asynpool.py", line 482, in _create_worker_process
    return super()._create_worker_process(i)
  File "/home/***/.local/lib/python3.12/site-packages/billiard/pool.py", line 1158, in _create_worker_process
    w.start()
  File "/home/***/.local/lib/python3.12/site-packages/billiard/process.py", line 120, in start
    self._popen = self._Popen(self)
  File "/home/***/.local/lib/python3.12/site-packages/billiard/context.py", line 331, in _Popen
    return Popen(process_obj)
  File "/home/***/.local/lib/python3.12/site-packages/billiard/popen_fork.py", line 22, in __init__
    self._launch(process_obj)
  File "/home/***/.local/lib/python3.12/site-packages/billiard/popen_fork.py", line 77, in _launch
    code = process_obj._bootstrap()
  File "/home/***/.local/lib/python3.12/site-packages/billiard/process.py", line 323, in _bootstrap
    self.run()
  File "/home/***/.local/lib/python3.12/site-packages/billiard/process.py", line 110, in run
    self._target(*self._args, **self._kwargs)
  File "/home/***/.local/lib/python3.12/site-packages/billiard/pool.py", line 292, in __call__
    sys.exit(self.workloop(pid=pid))
  File "/home/***/.local/lib/python3.12/site-packages/billiard/pool.py", line 362, in workloop
    result = (True, prepare_result(fun(*args, **kwargs)))
  File "/home/***/.local/lib/python3.12/site-packages/celery/app/trace.py", line 651, in fast_trace_task
    R, I, T, Rstr = tasks[task].__trace__(
  File "/home/***/.local/lib/python3.12/site-packages/celery/app/trace.py", line 453, in trace_task
    R = retval = fun(*args, **kwargs)
  File "/home/***/.local/lib/python3.12/site-packages/celery/app/trace.py", line 736, in __protected_call__
    return self.run(*args, **kwargs)
  File "/home/***/.local/lib/python3.12/site-packages/***/providers/celery/executors/celery_executor_utils.py", line 139, in execute_command
    _execute_in_fork(command_to_exec, celery_task_id)
  File "/home/***/.local/lib/python3.12/site-packages/***/providers/celery/executors/celery_executor_utils.py", line 171, in _execute_in_fork
    args.func(args)
  File "/home/***/.local/lib/python3.12/site-packages/***/cli/cli_config.py", line 49, in command
    return func(*args, **kwargs)
  File "/home/***/.local/lib/python3.12/site-packages/***/utils/cli.py", line 116, in wrapper
    return f(*args, **kwargs)
  File "/home/***/.local/lib/python3.12/site-packages/***/cli/commands/task_command.py", line 483, in task_run
    task_return_code = _run_task_by_selected_method(args, _dag, ti)
  File "/home/***/.local/lib/python3.12/site-packages/***/cli/commands/task_command.py", line 254, in _run_task_by_selected_method
    return _run_task_by_local_task_job(args, ti)
  File "/home/***/.local/lib/python3.12/site-packages/***/cli/commands/task_command.py", line 322, in _run_task_by_local_task_job
    ret = run_job(job=job_runner.job, execute_callable=job_runner._execute)
  File "/home/***/.local/lib/python3.12/site-packages/***/utils/session.py", line 97, in wrapper
    return func(*args, session=session, **kwargs)
  File "/home/***/.local/lib/python3.12/site-packages/***/jobs/job.py", line 421, in run_job
    return execute_job(job, execute_callable=execute_callable)
  File "/home/***/.local/lib/python3.12/site-packages/***/jobs/job.py", line 450, in execute_job
    ret = execute_callable()
  File "/home/***/.local/lib/python3.12/site-packages/***/jobs/local_task_job_runner.py", line 171, in _execute
    self.task_runner.start()
  File "/home/***/.local/lib/python3.12/site-packages/***/task/task_runner/standard_task_runner.py", line 55, in start
    self.process = self._start_by_fork()
  File "/home/***/.local/lib/python3.12/site-packages/***/task/task_runner/standard_task_runner.py", line 117, in _start_by_fork
    ret = args.func(args, dag=self.dag)
  File "/home/***/.local/lib/python3.12/site-packages/***/cli/cli_config.py", line 49, in command
    return func(*args, **kwargs)
  File "/home/***/.local/lib/python3.12/site-packages/***/utils/cli.py", line 116, in wrapper
    return f(*args, **kwargs)
  File "/home/***/.local/lib/python3.12/site-packages/***/cli/commands/task_command.py", line 483, in task_run
    task_return_code = _run_task_by_selected_method(args, _dag, ti)
  File "/home/***/.local/lib/python3.12/site-packages/***/cli/commands/task_command.py", line 256, in _run_task_by_selected_method
    return _run_raw_task(args, ti)
  File "/home/***/.local/lib/python3.12/site-packages/***/cli/commands/task_command.py", line 341, in _run_raw_task
    return ti._run_raw_task(
  File "/home/***/.local/lib/python3.12/site-packages/***/utils/session.py", line 97, in wrapper
    return func(*args, session=session, **kwargs)
  File "/home/***/.local/lib/python3.12/site-packages/***/models/taskinstance.py", line 3006, in _run_raw_task
    return _run_raw_task(
  File "/home/***/.local/lib/python3.12/site-packages/***/models/taskinstance.py", line 274, in _run_raw_task
    TaskInstance._execute_task_with_callbacks(
  File "/home/***/.local/lib/python3.12/site-packages/***/models/taskinstance.py", line 3161, in _execute_task_with_callbacks
    result = self._execute_task(context, task_orig)
  File "/home/***/.local/lib/python3.12/site-packages/***/models/taskinstance.py", line 3185, in _execute_task
    return _execute_task(self, context, task_orig)
  File "/home/***/.local/lib/python3.12/site-packages/***/models/taskinstance.py", line 768, in _execute_task
    result = _execute_callable(context=context, **execute_callable_kwargs)
  File "/home/***/.local/lib/python3.12/site-packages/***/models/taskinstance.py", line 734, in _execute_callable
    return ExecutionCallableRunner(
  File "/home/***/.local/lib/python3.12/site-packages/***/utils/operator_helpers.py", line 252, in run
    return self.func(*args, **kwargs)
  File "/home/***/.local/lib/python3.12/site-packages/***/models/baseoperator.py", line 424, in wrapper
    return func(self, *args, **kwargs)
  File "/home/***/.local/lib/python3.12/site-packages/***/operators/python.py", line 238, in execute
    return_value = self.execute_callable()
  File "/home/***/.local/lib/python3.12/site-packages/***/operators/python.py", line 256, in execute_callable
    return runner.run(*self.op_args, **self.op_kwargs)
  File "/home/***/.local/lib/python3.12/site-packages/***/utils/operator_helpers.py", line 252, in run
    return self.func(*args, **kwargs)
  File "/opt/***/dags/fruad_detection_training_dag.py", line 20, in _train_model
    model, precision = trainer.train_model()
  File "/opt/***/dags/fraud_detection_training.py", line 338, in train_model
    df = self.read_from_kafka()
  File "/opt/***/dags/fraud_detection_training.py", line 216, in read_from_kafka
    msg = consumer.poll(poll_timeout)
  File "/home/***/.local/lib/python3.12/site-packages/***/models/taskinstance.py", line 3095, in signal_handler
    self.log.error("Stacktrace: \n%s", "".join(traceback.format_stack()))

[2025-03-23T13:47:12.222+0000] {fraud_detection_training.py:244} INFO - Explicitly closed Kafka consumer. Total messages explicitly fetched: 4541
[2025-03-23T13:47:12.254+0000] {taskinstance.py:341} INFO - ::group::Post task execution logs
[2025-03-23T13:47:12.278+0000] {process_utils.py:80} INFO - Process psutil.Process(pid=1386, status='terminated', exitcode=0, started='13:46:54') (1386) terminated with exit code 0
