[2025-11-02T05:13:56.646+0000] {processor.py:186} INFO - Started process (PID=79) to work on /opt/airflow/dags/example_dag.py
[2025-11-02T05:13:56.648+0000] {processor.py:914} INFO - Processing file /opt/airflow/dags/example_dag.py for tasks to queue
[2025-11-02T05:13:56.660+0000] {logging_mixin.py:190} INFO - [2025-11-02T05:13:56.658+0000] {dagbag.py:588} INFO - Filling up the DagBag from /opt/airflow/dags/example_dag.py
[2025-11-02T05:16:33.490+0000] {processor.py:186} INFO - Started process (PID=76) to work on /opt/airflow/dags/example_dag.py
[2025-11-02T05:16:33.494+0000] {processor.py:914} INFO - Processing file /opt/airflow/dags/example_dag.py for tasks to queue
[2025-11-02T05:16:33.525+0000] {logging_mixin.py:190} INFO - [2025-11-02T05:16:33.523+0000] {dagbag.py:588} INFO - Filling up the DagBag from /opt/airflow/dags/example_dag.py
[2025-11-02T05:18:59.372+0000] {processor.py:186} INFO - Started process (PID=73) to work on /opt/airflow/dags/example_dag.py
[2025-11-02T05:18:59.373+0000] {processor.py:914} INFO - Processing file /opt/airflow/dags/example_dag.py for tasks to queue
[2025-11-02T05:18:59.390+0000] {logging_mixin.py:190} INFO - [2025-11-02T05:18:59.389+0000] {dagbag.py:588} INFO - Filling up the DagBag from /opt/airflow/dags/example_dag.py
[2025-11-02T05:19:02.115+0000] {processor.py:925} INFO - DAG(s) 'example_ibkr_dag' retrieved from /opt/airflow/dags/example_dag.py
[2025-11-02T05:19:45.529+0000] {processor.py:186} INFO - Started process (PID=67) to work on /opt/airflow/dags/example_dag.py
[2025-11-02T05:19:45.530+0000] {processor.py:914} INFO - Processing file /opt/airflow/dags/example_dag.py for tasks to queue
[2025-11-02T05:19:45.537+0000] {logging_mixin.py:190} INFO - [2025-11-02T05:19:45.537+0000] {dagbag.py:588} INFO - Filling up the DagBag from /opt/airflow/dags/example_dag.py
[2025-11-02T05:19:46.426+0000] {processor.py:925} INFO - DAG(s) 'example_ibkr_dag' retrieved from /opt/airflow/dags/example_dag.py
[2025-11-02T05:19:53.747+0000] {logging_mixin.py:190} INFO - [2025-11-02T05:19:53.746+0000] {override.py:1912} INFO - Created Permission View: can edit on DAG:example_ibkr_dag
[2025-11-02T05:19:56.269+0000] {logging_mixin.py:190} INFO - [2025-11-02T05:19:56.268+0000] {override.py:1912} INFO - Created Permission View: can delete on DAG:example_ibkr_dag
[2025-11-02T05:19:58.340+0000] {logging_mixin.py:190} INFO - [2025-11-02T05:19:58.339+0000] {override.py:1912} INFO - Created Permission View: can read on DAG:example_ibkr_dag
[2025-11-02T05:20:02.041+0000] {logging_mixin.py:190} INFO - [2025-11-02T05:20:02.029+0000] {override.py:1912} INFO - Created Permission View: menu access on DAG Run:example_ibkr_dag
[2025-11-02T05:20:04.370+0000] {logging_mixin.py:190} INFO - [2025-11-02T05:20:04.370+0000] {override.py:1912} INFO - Created Permission View: can delete on DAG Run:example_ibkr_dag
[2025-11-02T05:20:07.336+0000] {logging_mixin.py:190} INFO - [2025-11-02T05:20:07.334+0000] {override.py:1912} INFO - Created Permission View: can create on DAG Run:example_ibkr_dag
[2025-11-02T05:20:09.651+0000] {logging_mixin.py:190} INFO - [2025-11-02T05:20:09.651+0000] {override.py:1912} INFO - Created Permission View: can read on DAG Run:example_ibkr_dag
[2025-11-02T05:20:09.655+0000] {logging_mixin.py:190} INFO - [2025-11-02T05:20:09.653+0000] {dag.py:3239} INFO - Sync 1 DAGs
[2025-11-02T05:20:10.365+0000] {logging_mixin.py:190} INFO - [2025-11-02T05:20:10.364+0000] {dag.py:3262} INFO - Creating ORM DAG for example_ibkr_dag
[2025-11-02T05:20:10.366+0000] {logging_mixin.py:190} INFO - [2025-11-02T05:20:10.365+0000] {dag.py:4180} INFO - Setting next_dagrun for example_ibkr_dag to None, run_after=None
[2025-11-02T05:20:14.193+0000] {processor.py:208} INFO - Processing /opt/airflow/dags/example_dag.py took 28.669 seconds
[2025-11-02T05:20:47.616+0000] {processor.py:186} INFO - Started process (PID=81) to work on /opt/airflow/dags/example_dag.py
[2025-11-02T05:20:47.618+0000] {processor.py:914} INFO - Processing file /opt/airflow/dags/example_dag.py for tasks to queue
[2025-11-02T05:20:47.631+0000] {logging_mixin.py:190} INFO - [2025-11-02T05:20:47.630+0000] {dagbag.py:588} INFO - Filling up the DagBag from /opt/airflow/dags/example_dag.py
[2025-11-02T05:20:48.908+0000] {processor.py:925} INFO - DAG(s) 'example_ibkr_dag' retrieved from /opt/airflow/dags/example_dag.py
[2025-11-02T05:20:53.483+0000] {logging_mixin.py:190} INFO - [2025-11-02T05:20:53.482+0000] {dag.py:3239} INFO - Sync 1 DAGs
[2025-11-02T05:20:53.726+0000] {logging_mixin.py:190} INFO - [2025-11-02T05:20:53.726+0000] {dag.py:4180} INFO - Setting next_dagrun for example_ibkr_dag to None, run_after=None
[2025-11-02T05:20:56.961+0000] {processor.py:208} INFO - Processing /opt/airflow/dags/example_dag.py took 9.353 seconds
[2025-11-02T05:21:29.387+0000] {processor.py:186} INFO - Started process (PID=89) to work on /opt/airflow/dags/example_dag.py
[2025-11-02T05:21:29.388+0000] {processor.py:914} INFO - Processing file /opt/airflow/dags/example_dag.py for tasks to queue
[2025-11-02T05:21:29.390+0000] {logging_mixin.py:190} INFO - [2025-11-02T05:21:29.390+0000] {dagbag.py:588} INFO - Filling up the DagBag from /opt/airflow/dags/example_dag.py
[2025-11-02T05:21:30.132+0000] {processor.py:925} INFO - DAG(s) 'example_ibkr_dag' retrieved from /opt/airflow/dags/example_dag.py
[2025-11-02T05:21:34.436+0000] {logging_mixin.py:190} INFO - [2025-11-02T05:21:34.436+0000] {dag.py:3239} INFO - Sync 1 DAGs
[2025-11-02T05:21:34.671+0000] {logging_mixin.py:190} INFO - [2025-11-02T05:21:34.671+0000] {dag.py:4180} INFO - Setting next_dagrun for example_ibkr_dag to None, run_after=None
[2025-11-02T05:21:37.903+0000] {processor.py:208} INFO - Processing /opt/airflow/dags/example_dag.py took 8.526 seconds
[2025-11-02T05:22:11.015+0000] {processor.py:186} INFO - Started process (PID=97) to work on /opt/airflow/dags/example_dag.py
[2025-11-02T05:22:11.016+0000] {processor.py:914} INFO - Processing file /opt/airflow/dags/example_dag.py for tasks to queue
[2025-11-02T05:22:11.018+0000] {logging_mixin.py:190} INFO - [2025-11-02T05:22:11.018+0000] {dagbag.py:588} INFO - Filling up the DagBag from /opt/airflow/dags/example_dag.py
[2025-11-02T05:22:12.338+0000] {processor.py:925} INFO - DAG(s) 'example_ibkr_dag' retrieved from /opt/airflow/dags/example_dag.py
[2025-11-02T05:22:16.598+0000] {logging_mixin.py:190} INFO - [2025-11-02T05:22:16.595+0000] {dag.py:3239} INFO - Sync 1 DAGs
[2025-11-02T05:22:16.845+0000] {logging_mixin.py:190} INFO - [2025-11-02T05:22:16.845+0000] {dag.py:4180} INFO - Setting next_dagrun for example_ibkr_dag to None, run_after=None
[2025-11-02T05:22:20.110+0000] {processor.py:208} INFO - Processing /opt/airflow/dags/example_dag.py took 9.104 seconds
[2025-11-02T05:22:54.447+0000] {processor.py:186} INFO - Started process (PID=111) to work on /opt/airflow/dags/example_dag.py
[2025-11-02T05:22:54.448+0000] {processor.py:914} INFO - Processing file /opt/airflow/dags/example_dag.py for tasks to queue
[2025-11-02T05:22:54.451+0000] {logging_mixin.py:190} INFO - [2025-11-02T05:22:54.451+0000] {dagbag.py:588} INFO - Filling up the DagBag from /opt/airflow/dags/example_dag.py
[2025-11-02T05:22:55.487+0000] {processor.py:925} INFO - DAG(s) 'example_ibkr_dag' retrieved from /opt/airflow/dags/example_dag.py
[2025-11-02T05:23:01.081+0000] {logging_mixin.py:190} INFO - [2025-11-02T05:23:01.076+0000] {dag.py:3239} INFO - Sync 1 DAGs
[2025-11-02T05:23:01.382+0000] {logging_mixin.py:190} INFO - [2025-11-02T05:23:01.382+0000] {dag.py:4180} INFO - Setting next_dagrun for example_ibkr_dag to None, run_after=None
[2025-11-02T05:23:05.115+0000] {processor.py:208} INFO - Processing /opt/airflow/dags/example_dag.py took 10.676 seconds
[2025-11-02T05:23:37.244+0000] {processor.py:186} INFO - Started process (PID=119) to work on /opt/airflow/dags/example_dag.py
[2025-11-02T05:23:37.248+0000] {processor.py:914} INFO - Processing file /opt/airflow/dags/example_dag.py for tasks to queue
[2025-11-02T05:23:37.261+0000] {logging_mixin.py:190} INFO - [2025-11-02T05:23:37.258+0000] {dagbag.py:588} INFO - Filling up the DagBag from /opt/airflow/dags/example_dag.py
[2025-11-02T05:23:39.777+0000] {processor.py:925} INFO - DAG(s) 'example_ibkr_dag' retrieved from /opt/airflow/dags/example_dag.py
[2025-11-02T05:23:44.768+0000] {logging_mixin.py:190} INFO - [2025-11-02T05:23:44.754+0000] {dag.py:3239} INFO - Sync 1 DAGs
[2025-11-02T05:23:45.177+0000] {logging_mixin.py:190} INFO - [2025-11-02T05:23:45.168+0000] {dag.py:4180} INFO - Setting next_dagrun for example_ibkr_dag to None, run_after=None
[2025-11-02T05:23:48.499+0000] {processor.py:208} INFO - Processing /opt/airflow/dags/example_dag.py took 11.271 seconds
[2025-11-02T05:24:19.888+0000] {processor.py:186} INFO - Started process (PID=127) to work on /opt/airflow/dags/example_dag.py
[2025-11-02T05:24:19.893+0000] {processor.py:914} INFO - Processing file /opt/airflow/dags/example_dag.py for tasks to queue
[2025-11-02T05:24:19.902+0000] {logging_mixin.py:190} INFO - [2025-11-02T05:24:19.902+0000] {dagbag.py:588} INFO - Filling up the DagBag from /opt/airflow/dags/example_dag.py
[2025-11-02T05:24:22.261+0000] {processor.py:925} INFO - DAG(s) 'example_ibkr_dag' retrieved from /opt/airflow/dags/example_dag.py
[2025-11-02T05:24:26.568+0000] {logging_mixin.py:190} INFO - [2025-11-02T05:24:26.565+0000] {dag.py:3239} INFO - Sync 1 DAGs
[2025-11-02T05:24:26.821+0000] {logging_mixin.py:190} INFO - [2025-11-02T05:24:26.820+0000] {dag.py:4180} INFO - Setting next_dagrun for example_ibkr_dag to None, run_after=None
[2025-11-02T05:24:30.114+0000] {processor.py:208} INFO - Processing /opt/airflow/dags/example_dag.py took 10.241 seconds
[2025-11-02T05:25:03.994+0000] {processor.py:186} INFO - Started process (PID=141) to work on /opt/airflow/dags/example_dag.py
[2025-11-02T05:25:03.998+0000] {processor.py:914} INFO - Processing file /opt/airflow/dags/example_dag.py for tasks to queue
[2025-11-02T05:25:04.004+0000] {logging_mixin.py:190} INFO - [2025-11-02T05:25:04.004+0000] {dagbag.py:588} INFO - Filling up the DagBag from /opt/airflow/dags/example_dag.py
[2025-11-02T05:25:06.068+0000] {processor.py:925} INFO - DAG(s) 'example_ibkr_dag' retrieved from /opt/airflow/dags/example_dag.py
[2025-11-02T05:25:10.313+0000] {logging_mixin.py:190} INFO - [2025-11-02T05:25:10.310+0000] {dag.py:3239} INFO - Sync 1 DAGs
[2025-11-02T05:25:10.572+0000] {logging_mixin.py:190} INFO - [2025-11-02T05:25:10.572+0000] {dag.py:4180} INFO - Setting next_dagrun for example_ibkr_dag to None, run_after=None
[2025-11-02T05:25:15.227+0000] {processor.py:208} INFO - Processing /opt/airflow/dags/example_dag.py took 11.253 seconds
[2025-11-02T05:25:47.790+0000] {processor.py:186} INFO - Started process (PID=149) to work on /opt/airflow/dags/example_dag.py
[2025-11-02T05:25:47.795+0000] {processor.py:914} INFO - Processing file /opt/airflow/dags/example_dag.py for tasks to queue
[2025-11-02T05:25:47.804+0000] {logging_mixin.py:190} INFO - [2025-11-02T05:25:47.803+0000] {dagbag.py:588} INFO - Filling up the DagBag from /opt/airflow/dags/example_dag.py
[2025-11-02T05:25:52.073+0000] {processor.py:925} INFO - DAG(s) 'example_ibkr_dag' retrieved from /opt/airflow/dags/example_dag.py
[2025-11-02T05:25:57.190+0000] {logging_mixin.py:190} INFO - [2025-11-02T05:25:57.182+0000] {dag.py:3239} INFO - Sync 1 DAGs
[2025-11-02T05:25:58.636+0000] {logging_mixin.py:190} INFO - [2025-11-02T05:25:58.628+0000] {dag.py:4180} INFO - Setting next_dagrun for example_ibkr_dag to None, run_after=None
[2025-11-02T05:26:02.196+0000] {processor.py:208} INFO - Processing /opt/airflow/dags/example_dag.py took 14.428 seconds
[2025-11-02T05:26:33.802+0000] {processor.py:186} INFO - Started process (PID=163) to work on /opt/airflow/dags/example_dag.py
[2025-11-02T05:26:33.804+0000] {processor.py:914} INFO - Processing file /opt/airflow/dags/example_dag.py for tasks to queue
[2025-11-02T05:26:33.831+0000] {logging_mixin.py:190} INFO - [2025-11-02T05:26:33.824+0000] {dagbag.py:588} INFO - Filling up the DagBag from /opt/airflow/dags/example_dag.py
[2025-11-02T05:26:36.811+0000] {processor.py:925} INFO - DAG(s) 'example_ibkr_dag' retrieved from /opt/airflow/dags/example_dag.py
[2025-11-02T05:26:41.205+0000] {logging_mixin.py:190} INFO - [2025-11-02T05:26:41.187+0000] {dag.py:3239} INFO - Sync 1 DAGs
[2025-11-02T05:26:41.486+0000] {logging_mixin.py:190} INFO - [2025-11-02T05:26:41.485+0000] {dag.py:4180} INFO - Setting next_dagrun for example_ibkr_dag to None, run_after=None
[2025-11-02T05:26:44.991+0000] {processor.py:208} INFO - Processing /opt/airflow/dags/example_dag.py took 11.222 seconds
[2025-11-02T05:27:17.145+0000] {processor.py:186} INFO - Started process (PID=171) to work on /opt/airflow/dags/example_dag.py
[2025-11-02T05:27:17.149+0000] {processor.py:914} INFO - Processing file /opt/airflow/dags/example_dag.py for tasks to queue
[2025-11-02T05:27:17.163+0000] {logging_mixin.py:190} INFO - [2025-11-02T05:27:17.161+0000] {dagbag.py:588} INFO - Filling up the DagBag from /opt/airflow/dags/example_dag.py
[2025-11-02T05:27:24.328+0000] {processor.py:925} INFO - DAG(s) 'example_ibkr_dag' retrieved from /opt/airflow/dags/example_dag.py
[2025-11-02T05:27:28.927+0000] {logging_mixin.py:190} INFO - [2025-11-02T05:27:28.866+0000] {dag.py:3239} INFO - Sync 1 DAGs
[2025-11-02T05:27:29.274+0000] {logging_mixin.py:190} INFO - [2025-11-02T05:27:29.268+0000] {dag.py:4180} INFO - Setting next_dagrun for example_ibkr_dag to None, run_after=None
[2025-11-02T05:27:32.693+0000] {processor.py:208} INFO - Processing /opt/airflow/dags/example_dag.py took 15.685 seconds
[2025-11-02T05:28:06.402+0000] {processor.py:186} INFO - Started process (PID=184) to work on /opt/airflow/dags/example_dag.py
[2025-11-02T05:28:06.409+0000] {processor.py:914} INFO - Processing file /opt/airflow/dags/example_dag.py for tasks to queue
[2025-11-02T05:28:06.447+0000] {logging_mixin.py:190} INFO - [2025-11-02T05:28:06.443+0000] {dagbag.py:588} INFO - Filling up the DagBag from /opt/airflow/dags/example_dag.py
[2025-11-02T05:28:11.610+0000] {processor.py:925} INFO - DAG(s) 'example_ibkr_dag' retrieved from /opt/airflow/dags/example_dag.py
[2025-11-02T05:28:16.191+0000] {logging_mixin.py:190} INFO - [2025-11-02T05:28:16.183+0000] {dag.py:3239} INFO - Sync 1 DAGs
[2025-11-02T05:28:16.448+0000] {logging_mixin.py:190} INFO - [2025-11-02T05:28:16.448+0000] {dag.py:4180} INFO - Setting next_dagrun for example_ibkr_dag to None, run_after=None
[2025-11-02T05:28:20.092+0000] {processor.py:208} INFO - Processing /opt/airflow/dags/example_dag.py took 13.715 seconds
[2025-11-02T05:28:52.423+0000] {processor.py:186} INFO - Started process (PID=192) to work on /opt/airflow/dags/example_dag.py
[2025-11-02T05:28:52.441+0000] {processor.py:914} INFO - Processing file /opt/airflow/dags/example_dag.py for tasks to queue
[2025-11-02T05:28:52.452+0000] {logging_mixin.py:190} INFO - [2025-11-02T05:28:52.446+0000] {dagbag.py:588} INFO - Filling up the DagBag from /opt/airflow/dags/example_dag.py
[2025-11-02T05:28:57.527+0000] {processor.py:925} INFO - DAG(s) 'example_ibkr_dag' retrieved from /opt/airflow/dags/example_dag.py
[2025-11-02T05:29:03.753+0000] {logging_mixin.py:190} INFO - [2025-11-02T05:29:03.741+0000] {dag.py:3239} INFO - Sync 1 DAGs
[2025-11-02T05:29:04.033+0000] {logging_mixin.py:190} INFO - [2025-11-02T05:29:04.033+0000] {dag.py:4180} INFO - Setting next_dagrun for example_ibkr_dag to None, run_after=None
[2025-11-02T05:29:07.377+0000] {processor.py:208} INFO - Processing /opt/airflow/dags/example_dag.py took 14.988 seconds
[2025-11-02T05:29:44.357+0000] {processor.py:186} INFO - Started process (PID=206) to work on /opt/airflow/dags/example_dag.py
[2025-11-02T05:29:44.361+0000] {processor.py:914} INFO - Processing file /opt/airflow/dags/example_dag.py for tasks to queue
[2025-11-02T05:29:44.371+0000] {logging_mixin.py:190} INFO - [2025-11-02T05:29:44.370+0000] {dagbag.py:588} INFO - Filling up the DagBag from /opt/airflow/dags/example_dag.py
[2025-11-02T05:29:49.514+0000] {processor.py:925} INFO - DAG(s) 'example_ibkr_dag' retrieved from /opt/airflow/dags/example_dag.py
[2025-11-02T05:29:53.999+0000] {logging_mixin.py:190} INFO - [2025-11-02T05:29:53.977+0000] {dag.py:3239} INFO - Sync 1 DAGs
[2025-11-02T05:29:54.526+0000] {logging_mixin.py:190} INFO - [2025-11-02T05:29:54.518+0000] {dag.py:4180} INFO - Setting next_dagrun for example_ibkr_dag to None, run_after=None
[2025-11-02T05:29:57.958+0000] {processor.py:208} INFO - Processing /opt/airflow/dags/example_dag.py took 13.629 seconds
[2025-11-02T05:30:29.705+0000] {processor.py:186} INFO - Started process (PID=214) to work on /opt/airflow/dags/example_dag.py
[2025-11-02T05:30:29.724+0000] {processor.py:914} INFO - Processing file /opt/airflow/dags/example_dag.py for tasks to queue
[2025-11-02T05:30:29.763+0000] {logging_mixin.py:190} INFO - [2025-11-02T05:30:29.758+0000] {dagbag.py:588} INFO - Filling up the DagBag from /opt/airflow/dags/example_dag.py
[2025-11-02T05:30:36.018+0000] {processor.py:925} INFO - DAG(s) 'example_ibkr_dag' retrieved from /opt/airflow/dags/example_dag.py
[2025-11-02T05:30:40.565+0000] {logging_mixin.py:190} INFO - [2025-11-02T05:30:40.550+0000] {dag.py:3239} INFO - Sync 1 DAGs
[2025-11-02T05:30:40.912+0000] {logging_mixin.py:190} INFO - [2025-11-02T05:30:40.911+0000] {dag.py:4180} INFO - Setting next_dagrun for example_ibkr_dag to None, run_after=None
[2025-11-02T05:30:44.320+0000] {processor.py:208} INFO - Processing /opt/airflow/dags/example_dag.py took 14.647 seconds
[2025-11-02T05:31:19.202+0000] {processor.py:186} INFO - Started process (PID=229) to work on /opt/airflow/dags/example_dag.py
[2025-11-02T05:31:19.208+0000] {processor.py:914} INFO - Processing file /opt/airflow/dags/example_dag.py for tasks to queue
[2025-11-02T05:31:19.229+0000] {logging_mixin.py:190} INFO - [2025-11-02T05:31:19.229+0000] {dagbag.py:588} INFO - Filling up the DagBag from /opt/airflow/dags/example_dag.py
[2025-11-02T05:31:27.459+0000] {processor.py:925} INFO - DAG(s) 'example_ibkr_dag' retrieved from /opt/airflow/dags/example_dag.py
[2025-11-02T05:31:32.142+0000] {logging_mixin.py:190} INFO - [2025-11-02T05:31:32.105+0000] {dag.py:3239} INFO - Sync 1 DAGs
[2025-11-02T05:31:32.471+0000] {logging_mixin.py:190} INFO - [2025-11-02T05:31:32.467+0000] {dag.py:4180} INFO - Setting next_dagrun for example_ibkr_dag to None, run_after=None
[2025-11-02T05:31:36.762+0000] {processor.py:208} INFO - Processing /opt/airflow/dags/example_dag.py took 17.593 seconds
[2025-11-02T05:32:13.070+0000] {processor.py:186} INFO - Started process (PID=255) to work on /opt/airflow/dags/example_dag.py
[2025-11-02T05:32:13.071+0000] {processor.py:914} INFO - Processing file /opt/airflow/dags/example_dag.py for tasks to queue
[2025-11-02T05:32:13.081+0000] {logging_mixin.py:190} INFO - [2025-11-02T05:32:13.080+0000] {dagbag.py:588} INFO - Filling up the DagBag from /opt/airflow/dags/example_dag.py
[2025-11-02T05:32:14.445+0000] {processor.py:925} INFO - DAG(s) 'example_ibkr_dag' retrieved from /opt/airflow/dags/example_dag.py
[2025-11-02T05:32:19.247+0000] {logging_mixin.py:190} INFO - [2025-11-02T05:32:19.241+0000] {dag.py:3239} INFO - Sync 1 DAGs
[2025-11-02T05:32:19.505+0000] {logging_mixin.py:190} INFO - [2025-11-02T05:32:19.504+0000] {dag.py:4180} INFO - Setting next_dagrun for example_ibkr_dag to None, run_after=None
[2025-11-02T05:32:22.837+0000] {processor.py:208} INFO - Processing /opt/airflow/dags/example_dag.py took 9.790 seconds
[2025-11-02T05:32:56.758+0000] {processor.py:186} INFO - Started process (PID=263) to work on /opt/airflow/dags/example_dag.py
[2025-11-02T05:32:56.763+0000] {processor.py:914} INFO - Processing file /opt/airflow/dags/example_dag.py for tasks to queue
[2025-11-02T05:32:56.769+0000] {logging_mixin.py:190} INFO - [2025-11-02T05:32:56.768+0000] {dagbag.py:588} INFO - Filling up the DagBag from /opt/airflow/dags/example_dag.py
[2025-11-02T05:32:59.084+0000] {processor.py:925} INFO - DAG(s) 'example_ibkr_dag' retrieved from /opt/airflow/dags/example_dag.py
[2025-11-02T05:33:04.578+0000] {logging_mixin.py:190} INFO - [2025-11-02T05:33:04.575+0000] {dag.py:3239} INFO - Sync 1 DAGs
[2025-11-02T05:33:04.841+0000] {logging_mixin.py:190} INFO - [2025-11-02T05:33:04.841+0000] {dag.py:4180} INFO - Setting next_dagrun for example_ibkr_dag to None, run_after=None
[2025-11-02T05:33:08.179+0000] {processor.py:208} INFO - Processing /opt/airflow/dags/example_dag.py took 11.443 seconds
[2025-11-02T05:33:41.974+0000] {processor.py:186} INFO - Started process (PID=271) to work on /opt/airflow/dags/example_dag.py
[2025-11-02T05:33:41.979+0000] {processor.py:914} INFO - Processing file /opt/airflow/dags/example_dag.py for tasks to queue
[2025-11-02T05:33:42.001+0000] {logging_mixin.py:190} INFO - [2025-11-02T05:33:42.000+0000] {dagbag.py:588} INFO - Filling up the DagBag from /opt/airflow/dags/example_dag.py
[2025-11-02T05:33:44.015+0000] {processor.py:925} INFO - DAG(s) 'example_ibkr_dag' retrieved from /opt/airflow/dags/example_dag.py
[2025-11-02T05:33:48.342+0000] {logging_mixin.py:190} INFO - [2025-11-02T05:33:48.339+0000] {dag.py:3239} INFO - Sync 1 DAGs
[2025-11-02T05:33:48.595+0000] {logging_mixin.py:190} INFO - [2025-11-02T05:33:48.594+0000] {dag.py:4180} INFO - Setting next_dagrun for example_ibkr_dag to None, run_after=None
[2025-11-02T05:33:51.953+0000] {processor.py:208} INFO - Processing /opt/airflow/dags/example_dag.py took 10.003 seconds
[2025-11-02T05:34:25.560+0000] {processor.py:186} INFO - Started process (PID=285) to work on /opt/airflow/dags/example_dag.py
[2025-11-02T05:34:25.562+0000] {processor.py:914} INFO - Processing file /opt/airflow/dags/example_dag.py for tasks to queue
[2025-11-02T05:34:25.565+0000] {logging_mixin.py:190} INFO - [2025-11-02T05:34:25.565+0000] {dagbag.py:588} INFO - Filling up the DagBag from /opt/airflow/dags/example_dag.py
[2025-11-02T05:34:27.581+0000] {processor.py:925} INFO - DAG(s) 'example_ibkr_dag' retrieved from /opt/airflow/dags/example_dag.py
[2025-11-02T05:34:32.512+0000] {logging_mixin.py:190} INFO - [2025-11-02T05:34:32.502+0000] {dag.py:3239} INFO - Sync 1 DAGs
[2025-11-02T05:34:32.772+0000] {logging_mixin.py:190} INFO - [2025-11-02T05:34:32.771+0000] {dag.py:4180} INFO - Setting next_dagrun for example_ibkr_dag to None, run_after=None
[2025-11-02T05:34:36.376+0000] {processor.py:208} INFO - Processing /opt/airflow/dags/example_dag.py took 10.518 seconds
[2025-11-02T05:50:33.112+0000] {processor.py:186} INFO - Started process (PID=293) to work on /opt/airflow/dags/example_dag.py
[2025-11-02T05:50:33.113+0000] {processor.py:914} INFO - Processing file /opt/airflow/dags/example_dag.py for tasks to queue
[2025-11-02T05:50:33.118+0000] {logging_mixin.py:190} INFO - [2025-11-02T05:50:33.117+0000] {dagbag.py:588} INFO - Filling up the DagBag from /opt/airflow/dags/example_dag.py
[2025-11-02T05:50:34.033+0000] {processor.py:925} INFO - DAG(s) 'example_ibkr_dag' retrieved from /opt/airflow/dags/example_dag.py
[2025-11-02T05:50:38.324+0000] {logging_mixin.py:190} INFO - [2025-11-02T05:50:38.321+0000] {dag.py:3239} INFO - Sync 1 DAGs
[2025-11-02T05:50:38.578+0000] {logging_mixin.py:190} INFO - [2025-11-02T05:50:38.578+0000] {dag.py:4180} INFO - Setting next_dagrun for example_ibkr_dag to None, run_after=None
[2025-11-02T05:50:42.248+0000] {processor.py:208} INFO - Processing /opt/airflow/dags/example_dag.py took 9.146 seconds
[2025-11-02T06:00:29.028+0000] {processor.py:186} INFO - Started process (PID=75) to work on /opt/airflow/dags/example_dag.py
[2025-11-02T06:00:29.051+0000] {processor.py:914} INFO - Processing file /opt/airflow/dags/example_dag.py for tasks to queue
[2025-11-02T06:00:29.153+0000] {logging_mixin.py:190} INFO - [2025-11-02T06:00:29.141+0000] {dagbag.py:588} INFO - Filling up the DagBag from /opt/airflow/dags/example_dag.py
