[2025-11-02T15:37:37.108+0000] {processor.py:186} INFO - Started process (PID=80) to work on /opt/airflow/dags/fruad_detection_training_dag.py
[2025-11-02T15:37:37.109+0000] {processor.py:914} INFO - Processing file /opt/airflow/dags/fruad_detection_training_dag.py for tasks to queue
[2025-11-02T15:37:37.111+0000] {logging_mixin.py:190} INFO - [2025-11-02T15:37:37.111+0000] {dagbag.py:588} INFO - Filling up the DagBag from /opt/airflow/dags/fruad_detection_training_dag.py
[2025-11-02T15:37:37.150+0000] {processor.py:925} INFO - DAG(s) 'fraud_detection_training' retrieved from /opt/airflow/dags/fruad_detection_training_dag.py
[2025-11-02T15:37:48.507+0000] {logging_mixin.py:190} INFO - [2025-11-02T15:37:48.496+0000] {override.py:1912} INFO - Created Permission View: can edit on DAG:fraud_detection_training
[2025-11-02T15:37:50.616+0000] {logging_mixin.py:190} INFO - [2025-11-02T15:37:50.615+0000] {override.py:1912} INFO - Created Permission View: can delete on DAG:fraud_detection_training
[2025-11-02T15:37:53.461+0000] {logging_mixin.py:190} INFO - [2025-11-02T15:37:53.452+0000] {override.py:1912} INFO - Created Permission View: can read on DAG:fraud_detection_training
[2025-11-02T15:37:56.300+0000] {logging_mixin.py:190} INFO - [2025-11-02T15:37:56.298+0000] {override.py:1912} INFO - Created Permission View: can delete on DAG Run:fraud_detection_training
[2025-11-02T15:37:59.539+0000] {logging_mixin.py:190} INFO - [2025-11-02T15:37:59.539+0000] {override.py:1912} INFO - Created Permission View: menu access on DAG Run:fraud_detection_training
[2025-11-02T15:38:03.110+0000] {logging_mixin.py:190} INFO - [2025-11-02T15:38:03.053+0000] {override.py:1912} INFO - Created Permission View: can read on DAG Run:fraud_detection_training
[2025-11-02T15:38:06.392+0000] {logging_mixin.py:190} INFO - [2025-11-02T15:38:06.389+0000] {override.py:1912} INFO - Created Permission View: can create on DAG Run:fraud_detection_training
[2025-11-02T15:38:06.394+0000] {logging_mixin.py:190} INFO - [2025-11-02T15:38:06.393+0000] {dag.py:3239} INFO - Sync 1 DAGs
[2025-11-02T15:38:07.799+0000] {logging_mixin.py:190} INFO - [2025-11-02T15:38:07.798+0000] {dag.py:3262} INFO - Creating ORM DAG for fraud_detection_training
[2025-11-02T15:38:08.294+0000] {logging_mixin.py:190} INFO - [2025-11-02T15:38:08.294+0000] {dag.py:4180} INFO - Setting next_dagrun for fraud_detection_training to 2025-11-01 03:00:00+00:00, run_after=2025-11-02 03:00:00+00:00
[2025-11-02T15:38:12.772+0000] {processor.py:208} INFO - Processing /opt/airflow/dags/fruad_detection_training_dag.py took 35.670 seconds
[2025-11-02T15:38:45.728+0000] {processor.py:186} INFO - Started process (PID=93) to work on /opt/airflow/dags/fruad_detection_training_dag.py
[2025-11-02T15:38:45.730+0000] {processor.py:914} INFO - Processing file /opt/airflow/dags/fruad_detection_training_dag.py for tasks to queue
[2025-11-02T15:38:45.733+0000] {logging_mixin.py:190} INFO - [2025-11-02T15:38:45.733+0000] {dagbag.py:588} INFO - Filling up the DagBag from /opt/airflow/dags/fruad_detection_training_dag.py
[2025-11-02T15:38:45.760+0000] {processor.py:925} INFO - DAG(s) 'fraud_detection_training' retrieved from /opt/airflow/dags/fruad_detection_training_dag.py
[2025-11-02T15:38:51.142+0000] {logging_mixin.py:190} INFO - [2025-11-02T15:38:51.141+0000] {dag.py:3239} INFO - Sync 1 DAGs
[2025-11-02T15:38:51.881+0000] {logging_mixin.py:190} INFO - [2025-11-02T15:38:51.880+0000] {dag.py:4180} INFO - Setting next_dagrun for fraud_detection_training to 2025-11-01 03:00:00+00:00, run_after=2025-11-02 03:00:00+00:00
[2025-11-02T15:38:56.757+0000] {processor.py:208} INFO - Processing /opt/airflow/dags/fruad_detection_training_dag.py took 11.036 seconds
[2025-11-02T15:39:32.791+0000] {processor.py:186} INFO - Started process (PID=100) to work on /opt/airflow/dags/fruad_detection_training_dag.py
[2025-11-02T15:39:32.794+0000] {processor.py:914} INFO - Processing file /opt/airflow/dags/fruad_detection_training_dag.py for tasks to queue
[2025-11-02T15:39:32.798+0000] {logging_mixin.py:190} INFO - [2025-11-02T15:39:32.797+0000] {dagbag.py:588} INFO - Filling up the DagBag from /opt/airflow/dags/fruad_detection_training_dag.py
[2025-11-02T15:39:32.816+0000] {processor.py:925} INFO - DAG(s) 'fraud_detection_training' retrieved from /opt/airflow/dags/fruad_detection_training_dag.py
[2025-11-02T15:39:38.477+0000] {logging_mixin.py:190} INFO - [2025-11-02T15:39:38.475+0000] {dag.py:3239} INFO - Sync 1 DAGs
[2025-11-02T15:39:39.883+0000] {logging_mixin.py:190} INFO - [2025-11-02T15:39:39.883+0000] {dag.py:4180} INFO - Setting next_dagrun for fraud_detection_training to 2025-11-01 03:00:00+00:00, run_after=2025-11-02 03:00:00+00:00
[2025-11-02T15:39:44.985+0000] {processor.py:208} INFO - Processing /opt/airflow/dags/fruad_detection_training_dag.py took 12.214 seconds
[2025-11-02T15:40:19.100+0000] {processor.py:186} INFO - Started process (PID=113) to work on /opt/airflow/dags/fruad_detection_training_dag.py
[2025-11-02T15:40:19.102+0000] {processor.py:914} INFO - Processing file /opt/airflow/dags/fruad_detection_training_dag.py for tasks to queue
[2025-11-02T15:40:19.108+0000] {logging_mixin.py:190} INFO - [2025-11-02T15:40:19.106+0000] {dagbag.py:588} INFO - Filling up the DagBag from /opt/airflow/dags/fruad_detection_training_dag.py
[2025-11-02T15:40:19.122+0000] {processor.py:925} INFO - DAG(s) 'fraud_detection_training' retrieved from /opt/airflow/dags/fruad_detection_training_dag.py
[2025-11-02T15:40:24.938+0000] {logging_mixin.py:190} INFO - [2025-11-02T15:40:24.937+0000] {dag.py:3239} INFO - Sync 1 DAGs
[2025-11-02T15:40:25.650+0000] {logging_mixin.py:190} INFO - [2025-11-02T15:40:25.649+0000] {dag.py:4180} INFO - Setting next_dagrun for fraud_detection_training to 2025-11-01 03:00:00+00:00, run_after=2025-11-02 03:00:00+00:00
[2025-11-02T15:40:31.157+0000] {processor.py:208} INFO - Processing /opt/airflow/dags/fruad_detection_training_dag.py took 12.062 seconds
[2025-11-02T15:41:04.972+0000] {processor.py:186} INFO - Started process (PID=120) to work on /opt/airflow/dags/fruad_detection_training_dag.py
[2025-11-02T15:41:04.976+0000] {processor.py:914} INFO - Processing file /opt/airflow/dags/fruad_detection_training_dag.py for tasks to queue
[2025-11-02T15:41:04.982+0000] {logging_mixin.py:190} INFO - [2025-11-02T15:41:04.980+0000] {dagbag.py:588} INFO - Filling up the DagBag from /opt/airflow/dags/fruad_detection_training_dag.py
[2025-11-02T15:41:05.009+0000] {processor.py:925} INFO - DAG(s) 'fraud_detection_training' retrieved from /opt/airflow/dags/fruad_detection_training_dag.py
[2025-11-02T15:41:10.675+0000] {logging_mixin.py:190} INFO - [2025-11-02T15:41:10.673+0000] {dag.py:3239} INFO - Sync 1 DAGs
[2025-11-02T15:41:11.429+0000] {logging_mixin.py:190} INFO - [2025-11-02T15:41:11.428+0000] {dag.py:4180} INFO - Setting next_dagrun for fraud_detection_training to 2025-11-01 03:00:00+00:00, run_after=2025-11-02 03:00:00+00:00
[2025-11-02T15:41:15.224+0000] {processor.py:208} INFO - Processing /opt/airflow/dags/fruad_detection_training_dag.py took 10.266 seconds
[2025-11-02T15:41:47.579+0000] {processor.py:186} INFO - Started process (PID=132) to work on /opt/airflow/dags/fruad_detection_training_dag.py
[2025-11-02T15:41:47.581+0000] {processor.py:914} INFO - Processing file /opt/airflow/dags/fruad_detection_training_dag.py for tasks to queue
[2025-11-02T15:41:47.590+0000] {logging_mixin.py:190} INFO - [2025-11-02T15:41:47.588+0000] {dagbag.py:588} INFO - Filling up the DagBag from /opt/airflow/dags/fruad_detection_training_dag.py
[2025-11-02T15:41:47.634+0000] {processor.py:925} INFO - DAG(s) 'fraud_detection_training' retrieved from /opt/airflow/dags/fruad_detection_training_dag.py
[2025-11-02T15:41:53.861+0000] {logging_mixin.py:190} INFO - [2025-11-02T15:41:53.860+0000] {dag.py:3239} INFO - Sync 1 DAGs
[2025-11-02T15:41:54.611+0000] {logging_mixin.py:190} INFO - [2025-11-02T15:41:54.610+0000] {dag.py:4180} INFO - Setting next_dagrun for fraud_detection_training to 2025-11-01 03:00:00+00:00, run_after=2025-11-02 03:00:00+00:00
[2025-11-02T15:41:59.735+0000] {processor.py:208} INFO - Processing /opt/airflow/dags/fruad_detection_training_dag.py took 12.173 seconds
[2025-11-02T15:42:37.358+0000] {processor.py:186} INFO - Started process (PID=139) to work on /opt/airflow/dags/fruad_detection_training_dag.py
[2025-11-02T15:42:37.362+0000] {processor.py:914} INFO - Processing file /opt/airflow/dags/fruad_detection_training_dag.py for tasks to queue
[2025-11-02T15:42:37.374+0000] {logging_mixin.py:190} INFO - [2025-11-02T15:42:37.373+0000] {dagbag.py:588} INFO - Filling up the DagBag from /opt/airflow/dags/fruad_detection_training_dag.py
[2025-11-02T15:42:37.429+0000] {processor.py:925} INFO - DAG(s) 'fraud_detection_training' retrieved from /opt/airflow/dags/fruad_detection_training_dag.py
[2025-11-02T15:42:41.783+0000] {logging_mixin.py:190} INFO - [2025-11-02T15:42:41.777+0000] {dag.py:3239} INFO - Sync 1 DAGs
[2025-11-02T15:42:42.563+0000] {logging_mixin.py:190} INFO - [2025-11-02T15:42:42.559+0000] {dag.py:4180} INFO - Setting next_dagrun for fraud_detection_training to 2025-11-01 03:00:00+00:00, run_after=2025-11-02 03:00:00+00:00
[2025-11-02T15:42:46.822+0000] {processor.py:208} INFO - Processing /opt/airflow/dags/fruad_detection_training_dag.py took 9.516 seconds
[2025-11-02T15:43:18.808+0000] {processor.py:186} INFO - Started process (PID=146) to work on /opt/airflow/dags/fruad_detection_training_dag.py
[2025-11-02T15:43:18.810+0000] {processor.py:914} INFO - Processing file /opt/airflow/dags/fruad_detection_training_dag.py for tasks to queue
[2025-11-02T15:43:18.825+0000] {logging_mixin.py:190} INFO - [2025-11-02T15:43:18.825+0000] {dagbag.py:588} INFO - Filling up the DagBag from /opt/airflow/dags/fruad_detection_training_dag.py
[2025-11-02T15:43:18.862+0000] {processor.py:925} INFO - DAG(s) 'fraud_detection_training' retrieved from /opt/airflow/dags/fruad_detection_training_dag.py
[2025-11-02T15:43:23.156+0000] {logging_mixin.py:190} INFO - [2025-11-02T15:43:23.155+0000] {dag.py:3239} INFO - Sync 1 DAGs
[2025-11-02T15:43:25.518+0000] {logging_mixin.py:190} INFO - [2025-11-02T15:43:25.514+0000] {dag.py:4180} INFO - Setting next_dagrun for fraud_detection_training to 2025-11-01 03:00:00+00:00, run_after=2025-11-02 03:00:00+00:00
[2025-11-02T15:43:30.033+0000] {processor.py:208} INFO - Processing /opt/airflow/dags/fruad_detection_training_dag.py took 11.242 seconds
[2025-11-02T15:44:04.781+0000] {processor.py:186} INFO - Started process (PID=158) to work on /opt/airflow/dags/fruad_detection_training_dag.py
[2025-11-02T15:44:04.785+0000] {processor.py:914} INFO - Processing file /opt/airflow/dags/fruad_detection_training_dag.py for tasks to queue
[2025-11-02T15:44:04.790+0000] {logging_mixin.py:190} INFO - [2025-11-02T15:44:04.790+0000] {dagbag.py:588} INFO - Filling up the DagBag from /opt/airflow/dags/fruad_detection_training_dag.py
[2025-11-02T15:44:04.826+0000] {processor.py:925} INFO - DAG(s) 'fraud_detection_training' retrieved from /opt/airflow/dags/fruad_detection_training_dag.py
[2025-11-02T15:44:10.742+0000] {logging_mixin.py:190} INFO - [2025-11-02T15:44:10.735+0000] {dag.py:3239} INFO - Sync 1 DAGs
[2025-11-02T15:44:12.502+0000] {logging_mixin.py:190} INFO - [2025-11-02T15:44:12.490+0000] {dag.py:4180} INFO - Setting next_dagrun for fraud_detection_training to 2025-11-01 03:00:00+00:00, run_after=2025-11-02 03:00:00+00:00
[2025-11-02T15:44:17.746+0000] {processor.py:208} INFO - Processing /opt/airflow/dags/fruad_detection_training_dag.py took 12.978 seconds
[2025-11-02T15:44:51.708+0000] {processor.py:186} INFO - Started process (PID=165) to work on /opt/airflow/dags/fruad_detection_training_dag.py
[2025-11-02T15:44:51.715+0000] {processor.py:914} INFO - Processing file /opt/airflow/dags/fruad_detection_training_dag.py for tasks to queue
[2025-11-02T15:44:51.729+0000] {logging_mixin.py:190} INFO - [2025-11-02T15:44:51.725+0000] {dagbag.py:588} INFO - Filling up the DagBag from /opt/airflow/dags/fruad_detection_training_dag.py
[2025-11-02T15:44:51.780+0000] {processor.py:925} INFO - DAG(s) 'fraud_detection_training' retrieved from /opt/airflow/dags/fruad_detection_training_dag.py
[2025-11-02T15:44:57.021+0000] {logging_mixin.py:190} INFO - [2025-11-02T15:44:57.010+0000] {dag.py:3239} INFO - Sync 1 DAGs
[2025-11-02T15:44:58.580+0000] {logging_mixin.py:190} INFO - [2025-11-02T15:44:58.575+0000] {dag.py:4180} INFO - Setting next_dagrun for fraud_detection_training to 2025-11-01 03:00:00+00:00, run_after=2025-11-02 03:00:00+00:00
[2025-11-02T15:45:02.033+0000] {processor.py:208} INFO - Processing /opt/airflow/dags/fruad_detection_training_dag.py took 10.345 seconds
[2025-11-02T15:45:35.426+0000] {processor.py:186} INFO - Started process (PID=178) to work on /opt/airflow/dags/fruad_detection_training_dag.py
[2025-11-02T15:45:35.431+0000] {processor.py:914} INFO - Processing file /opt/airflow/dags/fruad_detection_training_dag.py for tasks to queue
[2025-11-02T15:45:35.447+0000] {logging_mixin.py:190} INFO - [2025-11-02T15:45:35.446+0000] {dagbag.py:588} INFO - Filling up the DagBag from /opt/airflow/dags/fruad_detection_training_dag.py
[2025-11-02T15:45:35.510+0000] {processor.py:925} INFO - DAG(s) 'fraud_detection_training' retrieved from /opt/airflow/dags/fruad_detection_training_dag.py
[2025-11-02T15:45:40.836+0000] {logging_mixin.py:190} INFO - [2025-11-02T15:45:40.829+0000] {dag.py:3239} INFO - Sync 1 DAGs
[2025-11-02T15:45:42.402+0000] {logging_mixin.py:190} INFO - [2025-11-02T15:45:42.395+0000] {dag.py:4180} INFO - Setting next_dagrun for fraud_detection_training to 2025-11-01 03:00:00+00:00, run_after=2025-11-02 03:00:00+00:00
[2025-11-02T15:45:47.705+0000] {processor.py:208} INFO - Processing /opt/airflow/dags/fruad_detection_training_dag.py took 12.306 seconds
[2025-11-02T15:46:21.035+0000] {processor.py:186} INFO - Started process (PID=185) to work on /opt/airflow/dags/fruad_detection_training_dag.py
[2025-11-02T15:46:21.041+0000] {processor.py:914} INFO - Processing file /opt/airflow/dags/fruad_detection_training_dag.py for tasks to queue
[2025-11-02T15:46:21.064+0000] {logging_mixin.py:190} INFO - [2025-11-02T15:46:21.064+0000] {dagbag.py:588} INFO - Filling up the DagBag from /opt/airflow/dags/fruad_detection_training_dag.py
[2025-11-02T15:46:21.171+0000] {processor.py:925} INFO - DAG(s) 'fraud_detection_training' retrieved from /opt/airflow/dags/fruad_detection_training_dag.py
[2025-11-02T15:46:27.001+0000] {logging_mixin.py:190} INFO - [2025-11-02T15:46:26.999+0000] {dag.py:3239} INFO - Sync 1 DAGs
[2025-11-02T15:46:27.762+0000] {logging_mixin.py:190} INFO - [2025-11-02T15:46:27.760+0000] {dag.py:4180} INFO - Setting next_dagrun for fraud_detection_training to 2025-11-01 03:00:00+00:00, run_after=2025-11-02 03:00:00+00:00
[2025-11-02T15:46:33.035+0000] {processor.py:208} INFO - Processing /opt/airflow/dags/fruad_detection_training_dag.py took 12.053 seconds
[2025-11-02T15:47:08.548+0000] {processor.py:186} INFO - Started process (PID=198) to work on /opt/airflow/dags/fruad_detection_training_dag.py
[2025-11-02T15:47:08.549+0000] {processor.py:914} INFO - Processing file /opt/airflow/dags/fruad_detection_training_dag.py for tasks to queue
[2025-11-02T15:47:08.563+0000] {logging_mixin.py:190} INFO - [2025-11-02T15:47:08.562+0000] {dagbag.py:588} INFO - Filling up the DagBag from /opt/airflow/dags/fruad_detection_training_dag.py
[2025-11-02T15:47:08.616+0000] {processor.py:925} INFO - DAG(s) 'fraud_detection_training' retrieved from /opt/airflow/dags/fruad_detection_training_dag.py
[2025-11-02T15:47:14.159+0000] {logging_mixin.py:190} INFO - [2025-11-02T15:47:14.156+0000] {dag.py:3239} INFO - Sync 1 DAGs
[2025-11-02T15:47:14.995+0000] {logging_mixin.py:190} INFO - [2025-11-02T15:47:14.993+0000] {dag.py:4180} INFO - Setting next_dagrun for fraud_detection_training to 2025-11-01 03:00:00+00:00, run_after=2025-11-02 03:00:00+00:00
[2025-11-02T15:47:18.734+0000] {processor.py:208} INFO - Processing /opt/airflow/dags/fruad_detection_training_dag.py took 10.206 seconds
[2025-11-02T15:47:50.948+0000] {processor.py:186} INFO - Started process (PID=205) to work on /opt/airflow/dags/fruad_detection_training_dag.py
[2025-11-02T15:47:50.952+0000] {processor.py:914} INFO - Processing file /opt/airflow/dags/fruad_detection_training_dag.py for tasks to queue
[2025-11-02T15:47:50.970+0000] {logging_mixin.py:190} INFO - [2025-11-02T15:47:50.969+0000] {dagbag.py:588} INFO - Filling up the DagBag from /opt/airflow/dags/fruad_detection_training_dag.py
[2025-11-02T15:47:51.024+0000] {processor.py:925} INFO - DAG(s) 'fraud_detection_training' retrieved from /opt/airflow/dags/fruad_detection_training_dag.py
[2025-11-02T15:47:57.830+0000] {logging_mixin.py:190} INFO - [2025-11-02T15:47:57.809+0000] {dag.py:3239} INFO - Sync 1 DAGs
[2025-11-02T15:47:59.459+0000] {logging_mixin.py:190} INFO - [2025-11-02T15:47:59.448+0000] {dag.py:4180} INFO - Setting next_dagrun for fraud_detection_training to 2025-11-01 03:00:00+00:00, run_after=2025-11-02 03:00:00+00:00
[2025-11-02T15:48:04.202+0000] {processor.py:208} INFO - Processing /opt/airflow/dags/fruad_detection_training_dag.py took 13.272 seconds
[2025-11-02T15:48:36.845+0000] {processor.py:186} INFO - Started process (PID=212) to work on /opt/airflow/dags/fruad_detection_training_dag.py
[2025-11-02T15:48:36.853+0000] {processor.py:914} INFO - Processing file /opt/airflow/dags/fruad_detection_training_dag.py for tasks to queue
[2025-11-02T15:48:36.869+0000] {logging_mixin.py:190} INFO - [2025-11-02T15:48:36.868+0000] {dagbag.py:588} INFO - Filling up the DagBag from /opt/airflow/dags/fruad_detection_training_dag.py
[2025-11-02T15:48:36.934+0000] {processor.py:925} INFO - DAG(s) 'fraud_detection_training' retrieved from /opt/airflow/dags/fruad_detection_training_dag.py
[2025-11-02T15:48:42.403+0000] {logging_mixin.py:190} INFO - [2025-11-02T15:48:42.397+0000] {dag.py:3239} INFO - Sync 1 DAGs
[2025-11-02T15:48:44.398+0000] {logging_mixin.py:190} INFO - [2025-11-02T15:48:44.389+0000] {dag.py:4180} INFO - Setting next_dagrun for fraud_detection_training to 2025-11-01 03:00:00+00:00, run_after=2025-11-02 03:00:00+00:00
[2025-11-02T15:48:51.926+0000] {processor.py:208} INFO - Processing /opt/airflow/dags/fruad_detection_training_dag.py took 15.116 seconds
[2025-11-02T15:49:25.021+0000] {processor.py:186} INFO - Started process (PID=225) to work on /opt/airflow/dags/fruad_detection_training_dag.py
[2025-11-02T15:49:25.027+0000] {processor.py:914} INFO - Processing file /opt/airflow/dags/fruad_detection_training_dag.py for tasks to queue
[2025-11-02T15:49:25.039+0000] {logging_mixin.py:190} INFO - [2025-11-02T15:49:25.037+0000] {dagbag.py:588} INFO - Filling up the DagBag from /opt/airflow/dags/fruad_detection_training_dag.py
[2025-11-02T15:49:25.095+0000] {processor.py:925} INFO - DAG(s) 'fraud_detection_training' retrieved from /opt/airflow/dags/fruad_detection_training_dag.py
[2025-11-02T15:49:30.484+0000] {logging_mixin.py:190} INFO - [2025-11-02T15:49:30.470+0000] {dag.py:3239} INFO - Sync 1 DAGs
[2025-11-02T15:49:31.758+0000] {logging_mixin.py:190} INFO - [2025-11-02T15:49:31.751+0000] {dag.py:4180} INFO - Setting next_dagrun for fraud_detection_training to 2025-11-01 03:00:00+00:00, run_after=2025-11-02 03:00:00+00:00
[2025-11-02T15:49:38.354+0000] {processor.py:208} INFO - Processing /opt/airflow/dags/fruad_detection_training_dag.py took 13.385 seconds
[2025-11-02T15:50:12.008+0000] {processor.py:186} INFO - Started process (PID=237) to work on /opt/airflow/dags/fruad_detection_training_dag.py
[2025-11-02T15:50:12.014+0000] {processor.py:914} INFO - Processing file /opt/airflow/dags/fruad_detection_training_dag.py for tasks to queue
[2025-11-02T15:50:12.024+0000] {logging_mixin.py:190} INFO - [2025-11-02T15:50:12.023+0000] {dagbag.py:588} INFO - Filling up the DagBag from /opt/airflow/dags/fruad_detection_training_dag.py
[2025-11-02T15:50:12.066+0000] {processor.py:925} INFO - DAG(s) 'fraud_detection_training' retrieved from /opt/airflow/dags/fruad_detection_training_dag.py
[2025-11-02T15:50:17.608+0000] {logging_mixin.py:190} INFO - [2025-11-02T15:50:17.606+0000] {dag.py:3239} INFO - Sync 1 DAGs
[2025-11-02T15:50:18.941+0000] {logging_mixin.py:190} INFO - [2025-11-02T15:50:18.938+0000] {dag.py:4180} INFO - Setting next_dagrun for fraud_detection_training to 2025-11-01 03:00:00+00:00, run_after=2025-11-02 03:00:00+00:00
[2025-11-02T15:50:24.393+0000] {processor.py:208} INFO - Processing /opt/airflow/dags/fruad_detection_training_dag.py took 12.411 seconds
[2025-11-02T15:50:56.640+0000] {processor.py:186} INFO - Started process (PID=244) to work on /opt/airflow/dags/fruad_detection_training_dag.py
[2025-11-02T15:50:56.643+0000] {processor.py:914} INFO - Processing file /opt/airflow/dags/fruad_detection_training_dag.py for tasks to queue
[2025-11-02T15:50:56.655+0000] {logging_mixin.py:190} INFO - [2025-11-02T15:50:56.654+0000] {dagbag.py:588} INFO - Filling up the DagBag from /opt/airflow/dags/fruad_detection_training_dag.py
[2025-11-02T15:50:56.740+0000] {processor.py:925} INFO - DAG(s) 'fraud_detection_training' retrieved from /opt/airflow/dags/fruad_detection_training_dag.py
[2025-11-02T15:51:03.592+0000] {logging_mixin.py:190} INFO - [2025-11-02T15:51:03.591+0000] {dag.py:3239} INFO - Sync 1 DAGs
[2025-11-02T15:51:04.807+0000] {logging_mixin.py:190} INFO - [2025-11-02T15:51:04.801+0000] {dag.py:4180} INFO - Setting next_dagrun for fraud_detection_training to 2025-11-01 03:00:00+00:00, run_after=2025-11-02 03:00:00+00:00
[2025-11-02T15:51:08.892+0000] {processor.py:208} INFO - Processing /opt/airflow/dags/fruad_detection_training_dag.py took 12.286 seconds
[2025-11-02T15:51:42.019+0000] {processor.py:186} INFO - Started process (PID=251) to work on /opt/airflow/dags/fruad_detection_training_dag.py
[2025-11-02T15:51:42.021+0000] {processor.py:914} INFO - Processing file /opt/airflow/dags/fruad_detection_training_dag.py for tasks to queue
[2025-11-02T15:51:42.039+0000] {logging_mixin.py:190} INFO - [2025-11-02T15:51:42.038+0000] {dagbag.py:588} INFO - Filling up the DagBag from /opt/airflow/dags/fruad_detection_training_dag.py
[2025-11-02T15:51:42.113+0000] {processor.py:925} INFO - DAG(s) 'fraud_detection_training' retrieved from /opt/airflow/dags/fruad_detection_training_dag.py
[2025-11-02T15:51:47.433+0000] {logging_mixin.py:190} INFO - [2025-11-02T15:51:47.430+0000] {dag.py:3239} INFO - Sync 1 DAGs
[2025-11-02T15:51:48.201+0000] {logging_mixin.py:190} INFO - [2025-11-02T15:51:48.200+0000] {dag.py:4180} INFO - Setting next_dagrun for fraud_detection_training to 2025-11-01 03:00:00+00:00, run_after=2025-11-02 03:00:00+00:00
[2025-11-02T15:51:52.489+0000] {processor.py:208} INFO - Processing /opt/airflow/dags/fruad_detection_training_dag.py took 10.511 seconds
[2025-11-02T15:52:25.203+0000] {processor.py:186} INFO - Started process (PID=264) to work on /opt/airflow/dags/fruad_detection_training_dag.py
[2025-11-02T15:52:25.205+0000] {processor.py:914} INFO - Processing file /opt/airflow/dags/fruad_detection_training_dag.py for tasks to queue
[2025-11-02T15:52:25.213+0000] {logging_mixin.py:190} INFO - [2025-11-02T15:52:25.213+0000] {dagbag.py:588} INFO - Filling up the DagBag from /opt/airflow/dags/fruad_detection_training_dag.py
[2025-11-02T15:52:25.247+0000] {processor.py:925} INFO - DAG(s) 'fraud_detection_training' retrieved from /opt/airflow/dags/fruad_detection_training_dag.py
[2025-11-02T15:52:29.491+0000] {logging_mixin.py:190} INFO - [2025-11-02T15:52:29.488+0000] {dag.py:3239} INFO - Sync 1 DAGs
[2025-11-02T15:52:30.722+0000] {logging_mixin.py:190} INFO - [2025-11-02T15:52:30.718+0000] {dag.py:4180} INFO - Setting next_dagrun for fraud_detection_training to 2025-11-01 03:00:00+00:00, run_after=2025-11-02 03:00:00+00:00
[2025-11-02T15:52:35.508+0000] {processor.py:208} INFO - Processing /opt/airflow/dags/fruad_detection_training_dag.py took 10.321 seconds
[2025-11-02T15:53:13.831+0000] {processor.py:186} INFO - Started process (PID=271) to work on /opt/airflow/dags/fruad_detection_training_dag.py
[2025-11-02T15:53:13.835+0000] {processor.py:914} INFO - Processing file /opt/airflow/dags/fruad_detection_training_dag.py for tasks to queue
[2025-11-02T15:53:13.847+0000] {logging_mixin.py:190} INFO - [2025-11-02T15:53:13.846+0000] {dagbag.py:588} INFO - Filling up the DagBag from /opt/airflow/dags/fruad_detection_training_dag.py
[2025-11-02T15:53:13.891+0000] {processor.py:925} INFO - DAG(s) 'fraud_detection_training' retrieved from /opt/airflow/dags/fruad_detection_training_dag.py
[2025-11-02T15:53:19.155+0000] {logging_mixin.py:190} INFO - [2025-11-02T15:53:19.151+0000] {dag.py:3239} INFO - Sync 1 DAGs
[2025-11-02T15:53:19.950+0000] {logging_mixin.py:190} INFO - [2025-11-02T15:53:19.949+0000] {dag.py:4180} INFO - Setting next_dagrun for fraud_detection_training to 2025-11-01 03:00:00+00:00, run_after=2025-11-02 03:00:00+00:00
[2025-11-02T15:53:23.291+0000] {processor.py:208} INFO - Processing /opt/airflow/dags/fruad_detection_training_dag.py took 9.506 seconds
[2025-11-02T15:53:56.517+0000] {processor.py:186} INFO - Started process (PID=284) to work on /opt/airflow/dags/fruad_detection_training_dag.py
[2025-11-02T15:53:56.522+0000] {processor.py:914} INFO - Processing file /opt/airflow/dags/fruad_detection_training_dag.py for tasks to queue
[2025-11-02T15:53:56.530+0000] {logging_mixin.py:190} INFO - [2025-11-02T15:53:56.529+0000] {dagbag.py:588} INFO - Filling up the DagBag from /opt/airflow/dags/fruad_detection_training_dag.py
[2025-11-02T15:53:56.589+0000] {processor.py:925} INFO - DAG(s) 'fraud_detection_training' retrieved from /opt/airflow/dags/fruad_detection_training_dag.py
[2025-11-02T15:54:03.406+0000] {logging_mixin.py:190} INFO - [2025-11-02T15:54:03.405+0000] {dag.py:3239} INFO - Sync 1 DAGs
[2025-11-02T15:54:04.650+0000] {logging_mixin.py:190} INFO - [2025-11-02T15:54:04.649+0000] {dag.py:4180} INFO - Setting next_dagrun for fraud_detection_training to 2025-11-01 03:00:00+00:00, run_after=2025-11-02 03:00:00+00:00
[2025-11-02T15:54:08.626+0000] {processor.py:208} INFO - Processing /opt/airflow/dags/fruad_detection_training_dag.py took 12.132 seconds
[2025-11-02T15:54:34.557+0000] {processor.py:186} INFO - Started process (PID=286) to work on /opt/airflow/dags/fruad_detection_training_dag.py
[2025-11-02T15:54:34.558+0000] {processor.py:914} INFO - Processing file /opt/airflow/dags/fruad_detection_training_dag.py for tasks to queue
[2025-11-02T15:54:34.576+0000] {logging_mixin.py:190} INFO - [2025-11-02T15:54:34.563+0000] {dagbag.py:588} INFO - Filling up the DagBag from /opt/airflow/dags/fruad_detection_training_dag.py
[2025-11-02T15:54:34.662+0000] {processor.py:925} INFO - DAG(s) 'fraud_detection_training' retrieved from /opt/airflow/dags/fruad_detection_training_dag.py
[2025-11-02T15:54:41.238+0000] {logging_mixin.py:190} INFO - [2025-11-02T15:54:41.238+0000] {dag.py:3239} INFO - Sync 1 DAGs
[2025-11-02T15:54:42.296+0000] {logging_mixin.py:190} INFO - [2025-11-02T15:54:42.295+0000] {dag.py:4180} INFO - Setting next_dagrun for fraud_detection_training to 2025-11-01 03:00:00+00:00, run_after=2025-11-02 03:00:00+00:00
[2025-11-02T15:54:43.761+0000] {processor.py:186} INFO - Started process (PID=291) to work on /opt/airflow/dags/fruad_detection_training_dag.py
[2025-11-02T15:54:43.763+0000] {processor.py:914} INFO - Processing file /opt/airflow/dags/fruad_detection_training_dag.py for tasks to queue
[2025-11-02T15:54:43.766+0000] {logging_mixin.py:190} INFO - [2025-11-02T15:54:43.766+0000] {dagbag.py:588} INFO - Filling up the DagBag from /opt/airflow/dags/fruad_detection_training_dag.py
[2025-11-02T15:54:43.795+0000] {processor.py:925} INFO - DAG(s) 'fraud_detection_training' retrieved from /opt/airflow/dags/fruad_detection_training_dag.py
[2025-11-02T15:54:46.559+0000] {processor.py:208} INFO - Processing /opt/airflow/dags/fruad_detection_training_dag.py took 12.024 seconds
[2025-11-02T15:54:48.444+0000] {logging_mixin.py:190} INFO - [2025-11-02T15:54:48.444+0000] {dag.py:3239} INFO - Sync 1 DAGs
[2025-11-02T15:54:49.183+0000] {logging_mixin.py:190} INFO - [2025-11-02T15:54:49.183+0000] {dag.py:4180} INFO - Setting next_dagrun for fraud_detection_training to 2025-11-01 03:00:00+00:00, run_after=2025-11-02 03:00:00+00:00
[2025-11-02T15:54:54.450+0000] {processor.py:208} INFO - Processing /opt/airflow/dags/fruad_detection_training_dag.py took 10.697 seconds
[2025-11-02T15:55:21.584+0000] {processor.py:186} INFO - Started process (PID=303) to work on /opt/airflow/dags/fruad_detection_training_dag.py
[2025-11-02T15:55:21.586+0000] {processor.py:914} INFO - Processing file /opt/airflow/dags/fruad_detection_training_dag.py for tasks to queue
[2025-11-02T15:55:21.589+0000] {logging_mixin.py:190} INFO - [2025-11-02T15:55:21.589+0000] {dagbag.py:588} INFO - Filling up the DagBag from /opt/airflow/dags/fruad_detection_training_dag.py
[2025-11-02T15:55:21.608+0000] {processor.py:925} INFO - DAG(s) 'fraud_detection_training' retrieved from /opt/airflow/dags/fruad_detection_training_dag.py
[2025-11-02T15:55:26.583+0000] {processor.py:186} INFO - Started process (PID=298) to work on /opt/airflow/dags/fruad_detection_training_dag.py
[2025-11-02T15:55:26.588+0000] {processor.py:914} INFO - Processing file /opt/airflow/dags/fruad_detection_training_dag.py for tasks to queue
[2025-11-02T15:55:26.594+0000] {logging_mixin.py:190} INFO - [2025-11-02T15:55:26.594+0000] {dagbag.py:588} INFO - Filling up the DagBag from /opt/airflow/dags/fruad_detection_training_dag.py
[2025-11-02T15:55:26.611+0000] {processor.py:925} INFO - DAG(s) 'fraud_detection_training' retrieved from /opt/airflow/dags/fruad_detection_training_dag.py
[2025-11-02T15:55:27.286+0000] {logging_mixin.py:190} INFO - [2025-11-02T15:55:27.285+0000] {dag.py:3239} INFO - Sync 1 DAGs
[2025-11-02T15:55:28.009+0000] {logging_mixin.py:190} INFO - [2025-11-02T15:55:28.009+0000] {dag.py:4180} INFO - Setting next_dagrun for fraud_detection_training to 2025-11-01 03:00:00+00:00, run_after=2025-11-02 03:00:00+00:00
[2025-11-02T15:55:32.310+0000] {processor.py:208} INFO - Processing /opt/airflow/dags/fruad_detection_training_dag.py took 10.734 seconds
[2025-11-02T15:55:32.582+0000] {logging_mixin.py:190} INFO - [2025-11-02T15:55:32.580+0000] {dag.py:3239} INFO - Sync 1 DAGs
[2025-11-02T15:55:33.307+0000] {logging_mixin.py:190} INFO - [2025-11-02T15:55:33.307+0000] {dag.py:4180} INFO - Setting next_dagrun for fraud_detection_training to 2025-11-01 03:00:00+00:00, run_after=2025-11-02 03:00:00+00:00
[2025-11-02T15:55:37.935+0000] {processor.py:208} INFO - Processing /opt/airflow/dags/fruad_detection_training_dag.py took 11.371 seconds
[2025-11-02T15:56:05.181+0000] {processor.py:186} INFO - Started process (PID=314) to work on /opt/airflow/dags/fruad_detection_training_dag.py
[2025-11-02T15:56:05.183+0000] {processor.py:914} INFO - Processing file /opt/airflow/dags/fruad_detection_training_dag.py for tasks to queue
[2025-11-02T15:56:05.187+0000] {logging_mixin.py:190} INFO - [2025-11-02T15:56:05.186+0000] {dagbag.py:588} INFO - Filling up the DagBag from /opt/airflow/dags/fruad_detection_training_dag.py
[2025-11-02T15:56:05.240+0000] {processor.py:925} INFO - DAG(s) 'fraud_detection_training' retrieved from /opt/airflow/dags/fruad_detection_training_dag.py
[2025-11-02T15:56:10.637+0000] {logging_mixin.py:190} INFO - [2025-11-02T15:56:10.636+0000] {dag.py:3239} INFO - Sync 1 DAGs
[2025-11-02T15:56:11.364+0000] {logging_mixin.py:190} INFO - [2025-11-02T15:56:11.364+0000] {dag.py:4180} INFO - Setting next_dagrun for fraud_detection_training to 2025-11-01 03:00:00+00:00, run_after=2025-11-02 03:00:00+00:00
[2025-11-02T15:56:11.366+0000] {processor.py:186} INFO - Started process (PID=311) to work on /opt/airflow/dags/fruad_detection_training_dag.py
[2025-11-02T15:56:11.367+0000] {processor.py:914} INFO - Processing file /opt/airflow/dags/fruad_detection_training_dag.py for tasks to queue
[2025-11-02T15:56:11.369+0000] {logging_mixin.py:190} INFO - [2025-11-02T15:56:11.369+0000] {dagbag.py:588} INFO - Filling up the DagBag from /opt/airflow/dags/fruad_detection_training_dag.py
[2025-11-02T15:56:11.387+0000] {processor.py:925} INFO - DAG(s) 'fraud_detection_training' retrieved from /opt/airflow/dags/fruad_detection_training_dag.py
[2025-11-02T15:56:15.928+0000] {processor.py:208} INFO - Processing /opt/airflow/dags/fruad_detection_training_dag.py took 10.763 seconds
[2025-11-02T15:56:16.552+0000] {logging_mixin.py:190} INFO - [2025-11-02T15:56:16.551+0000] {dag.py:3239} INFO - Sync 1 DAGs
[2025-11-02T15:56:17.282+0000] {logging_mixin.py:190} INFO - [2025-11-02T15:56:17.282+0000] {dag.py:4180} INFO - Setting next_dagrun for fraud_detection_training to 2025-11-01 03:00:00+00:00, run_after=2025-11-02 03:00:00+00:00
[2025-11-02T15:56:21.491+0000] {processor.py:208} INFO - Processing /opt/airflow/dags/fruad_detection_training_dag.py took 10.135 seconds
[2025-11-02T15:56:48.583+0000] {processor.py:186} INFO - Started process (PID=331) to work on /opt/airflow/dags/fruad_detection_training_dag.py
[2025-11-02T15:56:48.587+0000] {processor.py:914} INFO - Processing file /opt/airflow/dags/fruad_detection_training_dag.py for tasks to queue
[2025-11-02T15:56:48.600+0000] {logging_mixin.py:190} INFO - [2025-11-02T15:56:48.599+0000] {dagbag.py:588} INFO - Filling up the DagBag from /opt/airflow/dags/fruad_detection_training_dag.py
[2025-11-02T15:56:48.625+0000] {processor.py:925} INFO - DAG(s) 'fraud_detection_training' retrieved from /opt/airflow/dags/fruad_detection_training_dag.py
[2025-11-02T15:56:55.048+0000] {logging_mixin.py:190} INFO - [2025-11-02T15:56:55.047+0000] {dag.py:3239} INFO - Sync 1 DAGs
[2025-11-02T15:56:56.356+0000] {processor.py:186} INFO - Started process (PID=318) to work on /opt/airflow/dags/fruad_detection_training_dag.py
[2025-11-02T15:56:56.357+0000] {processor.py:914} INFO - Processing file /opt/airflow/dags/fruad_detection_training_dag.py for tasks to queue
[2025-11-02T15:56:56.362+0000] {logging_mixin.py:190} INFO - [2025-11-02T15:56:56.362+0000] {dagbag.py:588} INFO - Filling up the DagBag from /opt/airflow/dags/fruad_detection_training_dag.py
[2025-11-02T15:56:56.385+0000] {processor.py:925} INFO - DAG(s) 'fraud_detection_training' retrieved from /opt/airflow/dags/fruad_detection_training_dag.py
[2025-11-02T15:56:56.445+0000] {logging_mixin.py:190} INFO - [2025-11-02T15:56:56.444+0000] {dag.py:4180} INFO - Setting next_dagrun for fraud_detection_training to 2025-11-01 03:00:00+00:00, run_after=2025-11-02 03:00:00+00:00
[2025-11-02T15:57:03.129+0000] {logging_mixin.py:190} INFO - [2025-11-02T15:57:03.129+0000] {dag.py:3239} INFO - Sync 1 DAGs
[2025-11-02T15:57:03.137+0000] {processor.py:208} INFO - Processing /opt/airflow/dags/fruad_detection_training_dag.py took 14.565 seconds
[2025-11-02T15:57:04.865+0000] {logging_mixin.py:190} INFO - [2025-11-02T15:57:04.825+0000] {dag.py:4180} INFO - Setting next_dagrun for fraud_detection_training to 2025-11-01 03:00:00+00:00, run_after=2025-11-02 03:00:00+00:00
[2025-11-02T15:57:09.291+0000] {processor.py:208} INFO - Processing /opt/airflow/dags/fruad_detection_training_dag.py took 12.942 seconds
[2025-11-02T15:57:36.018+0000] {processor.py:186} INFO - Started process (PID=342) to work on /opt/airflow/dags/fruad_detection_training_dag.py
[2025-11-02T15:57:36.019+0000] {processor.py:914} INFO - Processing file /opt/airflow/dags/fruad_detection_training_dag.py for tasks to queue
[2025-11-02T15:57:36.029+0000] {logging_mixin.py:190} INFO - [2025-11-02T15:57:36.027+0000] {dagbag.py:588} INFO - Filling up the DagBag from /opt/airflow/dags/fruad_detection_training_dag.py
[2025-11-02T15:57:36.043+0000] {processor.py:925} INFO - DAG(s) 'fraud_detection_training' retrieved from /opt/airflow/dags/fruad_detection_training_dag.py
[2025-11-02T15:57:40.890+0000] {logging_mixin.py:190} INFO - [2025-11-02T15:57:40.890+0000] {dag.py:3239} INFO - Sync 1 DAGs
[2025-11-02T15:57:42.289+0000] {logging_mixin.py:190} INFO - [2025-11-02T15:57:42.289+0000] {dag.py:4180} INFO - Setting next_dagrun for fraud_detection_training to 2025-11-01 03:00:00+00:00, run_after=2025-11-02 03:00:00+00:00
[2025-11-02T15:57:43.181+0000] {processor.py:186} INFO - Started process (PID=331) to work on /opt/airflow/dags/fruad_detection_training_dag.py
[2025-11-02T15:57:43.183+0000] {processor.py:914} INFO - Processing file /opt/airflow/dags/fruad_detection_training_dag.py for tasks to queue
[2025-11-02T15:57:43.187+0000] {logging_mixin.py:190} INFO - [2025-11-02T15:57:43.187+0000] {dagbag.py:588} INFO - Filling up the DagBag from /opt/airflow/dags/fruad_detection_training_dag.py
[2025-11-02T15:57:43.205+0000] {processor.py:925} INFO - DAG(s) 'fraud_detection_training' retrieved from /opt/airflow/dags/fruad_detection_training_dag.py
[2025-11-02T15:57:45.958+0000] {processor.py:208} INFO - Processing /opt/airflow/dags/fruad_detection_training_dag.py took 9.947 seconds
[2025-11-02T15:57:47.834+0000] {logging_mixin.py:190} INFO - [2025-11-02T15:57:47.833+0000] {dag.py:3239} INFO - Sync 1 DAGs
[2025-11-02T15:57:49.330+0000] {logging_mixin.py:190} INFO - [2025-11-02T15:57:49.325+0000] {dag.py:4180} INFO - Setting next_dagrun for fraud_detection_training to 2025-11-01 03:00:00+00:00, run_after=2025-11-02 03:00:00+00:00
[2025-11-02T15:57:53.305+0000] {processor.py:208} INFO - Processing /opt/airflow/dags/fruad_detection_training_dag.py took 10.136 seconds
[2025-11-02T15:58:19.949+0000] {processor.py:186} INFO - Started process (PID=359) to work on /opt/airflow/dags/fruad_detection_training_dag.py
[2025-11-02T15:58:19.949+0000] {processor.py:914} INFO - Processing file /opt/airflow/dags/fruad_detection_training_dag.py for tasks to queue
[2025-11-02T15:58:19.952+0000] {logging_mixin.py:190} INFO - [2025-11-02T15:58:19.951+0000] {dagbag.py:588} INFO - Filling up the DagBag from /opt/airflow/dags/fruad_detection_training_dag.py
[2025-11-02T15:58:19.971+0000] {processor.py:925} INFO - DAG(s) 'fraud_detection_training' retrieved from /opt/airflow/dags/fruad_detection_training_dag.py
[2025-11-02T15:58:24.691+0000] {logging_mixin.py:190} INFO - [2025-11-02T15:58:24.689+0000] {dag.py:3239} INFO - Sync 1 DAGs
[2025-11-02T15:58:25.099+0000] {processor.py:186} INFO - Started process (PID=338) to work on /opt/airflow/dags/fruad_detection_training_dag.py
[2025-11-02T15:58:25.100+0000] {processor.py:914} INFO - Processing file /opt/airflow/dags/fruad_detection_training_dag.py for tasks to queue
[2025-11-02T15:58:25.108+0000] {logging_mixin.py:190} INFO - [2025-11-02T15:58:25.107+0000] {dagbag.py:588} INFO - Filling up the DagBag from /opt/airflow/dags/fruad_detection_training_dag.py
[2025-11-02T15:58:25.130+0000] {processor.py:925} INFO - DAG(s) 'fraud_detection_training' retrieved from /opt/airflow/dags/fruad_detection_training_dag.py
[2025-11-02T15:58:25.415+0000] {logging_mixin.py:190} INFO - [2025-11-02T15:58:25.415+0000] {dag.py:4180} INFO - Setting next_dagrun for fraud_detection_training to 2025-11-01 03:00:00+00:00, run_after=2025-11-02 03:00:00+00:00
[2025-11-02T15:58:30.137+0000] {logging_mixin.py:190} INFO - [2025-11-02T15:58:30.137+0000] {dag.py:3239} INFO - Sync 1 DAGs
[2025-11-02T15:58:30.718+0000] {processor.py:208} INFO - Processing /opt/airflow/dags/fruad_detection_training_dag.py took 10.781 seconds
[2025-11-02T15:58:30.859+0000] {logging_mixin.py:190} INFO - [2025-11-02T15:58:30.858+0000] {dag.py:4180} INFO - Setting next_dagrun for fraud_detection_training to 2025-11-01 03:00:00+00:00, run_after=2025-11-02 03:00:00+00:00
[2025-11-02T15:58:34.605+0000] {processor.py:208} INFO - Processing /opt/airflow/dags/fruad_detection_training_dag.py took 9.521 seconds
[2025-11-02T15:59:04.406+0000] {processor.py:186} INFO - Started process (PID=370) to work on /opt/airflow/dags/fruad_detection_training_dag.py
[2025-11-02T15:59:04.407+0000] {processor.py:914} INFO - Processing file /opt/airflow/dags/fruad_detection_training_dag.py for tasks to queue
[2025-11-02T15:59:04.414+0000] {logging_mixin.py:190} INFO - [2025-11-02T15:59:04.413+0000] {dagbag.py:588} INFO - Filling up the DagBag from /opt/airflow/dags/fruad_detection_training_dag.py
[2025-11-02T15:59:04.426+0000] {processor.py:925} INFO - DAG(s) 'fraud_detection_training' retrieved from /opt/airflow/dags/fruad_detection_training_dag.py
[2025-11-02T15:59:06.449+0000] {processor.py:186} INFO - Started process (PID=351) to work on /opt/airflow/dags/fruad_detection_training_dag.py
[2025-11-02T15:59:06.450+0000] {processor.py:914} INFO - Processing file /opt/airflow/dags/fruad_detection_training_dag.py for tasks to queue
[2025-11-02T15:59:06.453+0000] {logging_mixin.py:190} INFO - [2025-11-02T15:59:06.452+0000] {dagbag.py:588} INFO - Filling up the DagBag from /opt/airflow/dags/fruad_detection_training_dag.py
[2025-11-02T15:59:06.478+0000] {processor.py:925} INFO - DAG(s) 'fraud_detection_training' retrieved from /opt/airflow/dags/fruad_detection_training_dag.py
[2025-11-02T15:59:10.872+0000] {logging_mixin.py:190} INFO - [2025-11-02T15:59:10.871+0000] {dag.py:3239} INFO - Sync 1 DAGs
[2025-11-02T15:59:11.337+0000] {logging_mixin.py:190} INFO - [2025-11-02T15:59:11.336+0000] {dag.py:3239} INFO - Sync 1 DAGs
[2025-11-02T15:59:11.589+0000] {logging_mixin.py:190} INFO - [2025-11-02T15:59:11.588+0000] {dag.py:4180} INFO - Setting next_dagrun for fraud_detection_training to 2025-11-01 03:00:00+00:00, run_after=2025-11-02 03:00:00+00:00
[2025-11-02T15:59:14.793+0000] {logging_mixin.py:190} INFO - [2025-11-02T15:59:14.793+0000] {dag.py:4180} INFO - Setting next_dagrun for fraud_detection_training to 2025-11-01 03:00:00+00:00, run_after=2025-11-02 03:00:00+00:00
[2025-11-02T15:59:15.962+0000] {processor.py:208} INFO - Processing /opt/airflow/dags/fruad_detection_training_dag.py took 11.565 seconds
[2025-11-02T15:59:18.690+0000] {processor.py:208} INFO - Processing /opt/airflow/dags/fruad_detection_training_dag.py took 12.250 seconds
[2025-11-02T15:59:50.533+0000] {processor.py:186} INFO - Started process (PID=387) to work on /opt/airflow/dags/fruad_detection_training_dag.py
[2025-11-02T15:59:50.534+0000] {processor.py:914} INFO - Processing file /opt/airflow/dags/fruad_detection_training_dag.py for tasks to queue
[2025-11-02T15:59:50.538+0000] {logging_mixin.py:190} INFO - [2025-11-02T15:59:50.538+0000] {dagbag.py:588} INFO - Filling up the DagBag from /opt/airflow/dags/fruad_detection_training_dag.py
[2025-11-02T15:59:50.555+0000] {processor.py:925} INFO - DAG(s) 'fraud_detection_training' retrieved from /opt/airflow/dags/fruad_detection_training_dag.py
[2025-11-02T15:59:51.026+0000] {processor.py:186} INFO - Started process (PID=358) to work on /opt/airflow/dags/fruad_detection_training_dag.py
[2025-11-02T15:59:51.028+0000] {processor.py:914} INFO - Processing file /opt/airflow/dags/fruad_detection_training_dag.py for tasks to queue
[2025-11-02T15:59:51.041+0000] {logging_mixin.py:190} INFO - [2025-11-02T15:59:51.040+0000] {dagbag.py:588} INFO - Filling up the DagBag from /opt/airflow/dags/fruad_detection_training_dag.py
[2025-11-02T15:59:51.068+0000] {processor.py:925} INFO - DAG(s) 'fraud_detection_training' retrieved from /opt/airflow/dags/fruad_detection_training_dag.py
[2025-11-02T15:59:55.841+0000] {logging_mixin.py:190} INFO - [2025-11-02T15:59:55.840+0000] {dag.py:3239} INFO - Sync 1 DAGs
[2025-11-02T15:59:56.792+0000] {logging_mixin.py:190} INFO - [2025-11-02T15:59:56.789+0000] {dag.py:3239} INFO - Sync 1 DAGs
[2025-11-02T15:59:57.702+0000] {logging_mixin.py:190} INFO - [2025-11-02T15:59:57.702+0000] {dag.py:4180} INFO - Setting next_dagrun for fraud_detection_training to 2025-11-01 03:00:00+00:00, run_after=2025-11-02 03:00:00+00:00
[2025-11-02T16:00:00.176+0000] {logging_mixin.py:190} INFO - [2025-11-02T16:00:00.170+0000] {dag.py:4180} INFO - Setting next_dagrun for fraud_detection_training to 2025-11-01 03:00:00+00:00, run_after=2025-11-02 03:00:00+00:00
[2025-11-02T16:00:01.739+0000] {processor.py:208} INFO - Processing /opt/airflow/dags/fruad_detection_training_dag.py took 11.212 seconds
[2025-11-02T16:00:04.627+0000] {processor.py:208} INFO - Processing /opt/airflow/dags/fruad_detection_training_dag.py took 13.611 seconds
[2025-11-02T16:00:35.296+0000] {processor.py:186} INFO - Started process (PID=398) to work on /opt/airflow/dags/fruad_detection_training_dag.py
[2025-11-02T16:00:35.297+0000] {processor.py:914} INFO - Processing file /opt/airflow/dags/fruad_detection_training_dag.py for tasks to queue
[2025-11-02T16:00:35.302+0000] {logging_mixin.py:190} INFO - [2025-11-02T16:00:35.301+0000] {dagbag.py:588} INFO - Filling up the DagBag from /opt/airflow/dags/fruad_detection_training_dag.py
[2025-11-02T16:00:35.333+0000] {processor.py:925} INFO - DAG(s) 'fraud_detection_training' retrieved from /opt/airflow/dags/fruad_detection_training_dag.py
[2025-11-02T16:00:38.075+0000] {processor.py:186} INFO - Started process (PID=371) to work on /opt/airflow/dags/fruad_detection_training_dag.py
[2025-11-02T16:00:38.075+0000] {processor.py:914} INFO - Processing file /opt/airflow/dags/fruad_detection_training_dag.py for tasks to queue
[2025-11-02T16:00:38.078+0000] {logging_mixin.py:190} INFO - [2025-11-02T16:00:38.078+0000] {dagbag.py:588} INFO - Filling up the DagBag from /opt/airflow/dags/fruad_detection_training_dag.py
[2025-11-02T16:00:38.108+0000] {processor.py:925} INFO - DAG(s) 'fraud_detection_training' retrieved from /opt/airflow/dags/fruad_detection_training_dag.py
[2025-11-02T16:00:41.018+0000] {logging_mixin.py:190} INFO - [2025-11-02T16:00:41.016+0000] {dag.py:3239} INFO - Sync 1 DAGs
[2025-11-02T16:00:41.741+0000] {logging_mixin.py:190} INFO - [2025-11-02T16:00:41.740+0000] {dag.py:4180} INFO - Setting next_dagrun for fraud_detection_training to 2025-11-01 03:00:00+00:00, run_after=2025-11-02 03:00:00+00:00
[2025-11-02T16:00:43.572+0000] {logging_mixin.py:190} INFO - [2025-11-02T16:00:43.571+0000] {dag.py:3239} INFO - Sync 1 DAGs
[2025-11-02T16:00:44.746+0000] {logging_mixin.py:190} INFO - [2025-11-02T16:00:44.746+0000] {dag.py:4180} INFO - Setting next_dagrun for fraud_detection_training to 2025-11-01 03:00:00+00:00, run_after=2025-11-02 03:00:00+00:00
[2025-11-02T16:00:46.719+0000] {processor.py:208} INFO - Processing /opt/airflow/dags/fruad_detection_training_dag.py took 11.432 seconds
[2025-11-02T16:00:48.509+0000] {processor.py:208} INFO - Processing /opt/airflow/dags/fruad_detection_training_dag.py took 10.443 seconds
[2025-11-02T16:01:21.729+0000] {processor.py:186} INFO - Started process (PID=378) to work on /opt/airflow/dags/fruad_detection_training_dag.py
[2025-11-02T16:01:21.734+0000] {processor.py:914} INFO - Processing file /opt/airflow/dags/fruad_detection_training_dag.py for tasks to queue
[2025-11-02T16:01:21.742+0000] {logging_mixin.py:190} INFO - [2025-11-02T16:01:21.740+0000] {dagbag.py:588} INFO - Filling up the DagBag from /opt/airflow/dags/fruad_detection_training_dag.py
[2025-11-02T16:01:21.799+0000] {processor.py:925} INFO - DAG(s) 'fraud_detection_training' retrieved from /opt/airflow/dags/fruad_detection_training_dag.py
[2025-11-02T16:01:22.301+0000] {processor.py:186} INFO - Started process (PID=415) to work on /opt/airflow/dags/fruad_detection_training_dag.py
[2025-11-02T16:01:22.309+0000] {processor.py:914} INFO - Processing file /opt/airflow/dags/fruad_detection_training_dag.py for tasks to queue
[2025-11-02T16:01:22.317+0000] {logging_mixin.py:190} INFO - [2025-11-02T16:01:22.316+0000] {dagbag.py:588} INFO - Filling up the DagBag from /opt/airflow/dags/fruad_detection_training_dag.py
[2025-11-02T16:01:22.341+0000] {processor.py:925} INFO - DAG(s) 'fraud_detection_training' retrieved from /opt/airflow/dags/fruad_detection_training_dag.py
[2025-11-02T16:01:27.898+0000] {logging_mixin.py:190} INFO - [2025-11-02T16:01:27.897+0000] {dag.py:3239} INFO - Sync 1 DAGs
[2025-11-02T16:01:28.009+0000] {logging_mixin.py:190} INFO - [2025-11-02T16:01:28.008+0000] {dag.py:3239} INFO - Sync 1 DAGs
[2025-11-02T16:01:29.053+0000] {logging_mixin.py:190} INFO - [2025-11-02T16:01:29.053+0000] {dag.py:4180} INFO - Setting next_dagrun for fraud_detection_training to 2025-11-01 03:00:00+00:00, run_after=2025-11-02 03:00:00+00:00
[2025-11-02T16:01:31.133+0000] {logging_mixin.py:190} INFO - [2025-11-02T16:01:31.133+0000] {dag.py:4180} INFO - Setting next_dagrun for fraud_detection_training to 2025-11-01 03:00:00+00:00, run_after=2025-11-02 03:00:00+00:00
[2025-11-02T16:01:33.195+0000] {processor.py:208} INFO - Processing /opt/airflow/dags/fruad_detection_training_dag.py took 11.472 seconds
[2025-11-02T16:01:35.190+0000] {processor.py:208} INFO - Processing /opt/airflow/dags/fruad_detection_training_dag.py took 12.903 seconds
[2025-11-02T16:02:05.851+0000] {processor.py:186} INFO - Started process (PID=385) to work on /opt/airflow/dags/fruad_detection_training_dag.py
[2025-11-02T16:02:05.853+0000] {processor.py:914} INFO - Processing file /opt/airflow/dags/fruad_detection_training_dag.py for tasks to queue
[2025-11-02T16:02:05.864+0000] {logging_mixin.py:190} INFO - [2025-11-02T16:02:05.862+0000] {dagbag.py:588} INFO - Filling up the DagBag from /opt/airflow/dags/fruad_detection_training_dag.py
[2025-11-02T16:02:05.893+0000] {processor.py:925} INFO - DAG(s) 'fraud_detection_training' retrieved from /opt/airflow/dags/fruad_detection_training_dag.py
[2025-11-02T16:02:07.792+0000] {processor.py:186} INFO - Started process (PID=426) to work on /opt/airflow/dags/fruad_detection_training_dag.py
[2025-11-02T16:02:07.793+0000] {processor.py:914} INFO - Processing file /opt/airflow/dags/fruad_detection_training_dag.py for tasks to queue
[2025-11-02T16:02:07.796+0000] {logging_mixin.py:190} INFO - [2025-11-02T16:02:07.796+0000] {dagbag.py:588} INFO - Filling up the DagBag from /opt/airflow/dags/fruad_detection_training_dag.py
[2025-11-02T16:02:07.819+0000] {processor.py:925} INFO - DAG(s) 'fraud_detection_training' retrieved from /opt/airflow/dags/fruad_detection_training_dag.py
[2025-11-02T16:02:11.222+0000] {logging_mixin.py:190} INFO - [2025-11-02T16:02:11.221+0000] {dag.py:3239} INFO - Sync 1 DAGs
[2025-11-02T16:02:11.952+0000] {logging_mixin.py:190} INFO - [2025-11-02T16:02:11.952+0000] {dag.py:4180} INFO - Setting next_dagrun for fraud_detection_training to 2025-11-01 03:00:00+00:00, run_after=2025-11-02 03:00:00+00:00
[2025-11-02T16:02:13.901+0000] {logging_mixin.py:190} INFO - [2025-11-02T16:02:13.900+0000] {dag.py:3239} INFO - Sync 1 DAGs
[2025-11-02T16:02:14.634+0000] {logging_mixin.py:190} INFO - [2025-11-02T16:02:14.633+0000] {dag.py:4180} INFO - Setting next_dagrun for fraud_detection_training to 2025-11-01 03:00:00+00:00, run_after=2025-11-02 03:00:00+00:00
[2025-11-02T16:02:17.057+0000] {processor.py:208} INFO - Processing /opt/airflow/dags/fruad_detection_training_dag.py took 11.215 seconds
[2025-11-02T16:02:19.257+0000] {processor.py:208} INFO - Processing /opt/airflow/dags/fruad_detection_training_dag.py took 11.471 seconds
[2025-11-02T16:02:50.633+0000] {processor.py:186} INFO - Started process (PID=398) to work on /opt/airflow/dags/fruad_detection_training_dag.py
[2025-11-02T16:02:50.638+0000] {processor.py:914} INFO - Processing file /opt/airflow/dags/fruad_detection_training_dag.py for tasks to queue
[2025-11-02T16:02:50.644+0000] {logging_mixin.py:190} INFO - [2025-11-02T16:02:50.643+0000] {dagbag.py:588} INFO - Filling up the DagBag from /opt/airflow/dags/fruad_detection_training_dag.py
[2025-11-02T16:02:50.687+0000] {processor.py:925} INFO - DAG(s) 'fraud_detection_training' retrieved from /opt/airflow/dags/fruad_detection_training_dag.py
[2025-11-02T16:02:55.216+0000] {processor.py:186} INFO - Started process (PID=443) to work on /opt/airflow/dags/fruad_detection_training_dag.py
[2025-11-02T16:02:55.224+0000] {processor.py:914} INFO - Processing file /opt/airflow/dags/fruad_detection_training_dag.py for tasks to queue
[2025-11-02T16:02:55.235+0000] {logging_mixin.py:190} INFO - [2025-11-02T16:02:55.235+0000] {dagbag.py:588} INFO - Filling up the DagBag from /opt/airflow/dags/fruad_detection_training_dag.py
[2025-11-02T16:02:55.262+0000] {processor.py:925} INFO - DAG(s) 'fraud_detection_training' retrieved from /opt/airflow/dags/fruad_detection_training_dag.py
[2025-11-02T16:02:55.867+0000] {logging_mixin.py:190} INFO - [2025-11-02T16:02:55.866+0000] {dag.py:3239} INFO - Sync 1 DAGs
[2025-11-02T16:02:57.292+0000] {logging_mixin.py:190} INFO - [2025-11-02T16:02:57.292+0000] {dag.py:4180} INFO - Setting next_dagrun for fraud_detection_training to 2025-11-01 03:00:00+00:00, run_after=2025-11-02 03:00:00+00:00
[2025-11-02T16:03:01.660+0000] {logging_mixin.py:190} INFO - [2025-11-02T16:03:01.659+0000] {dag.py:3239} INFO - Sync 1 DAGs
[2025-11-02T16:03:02.291+0000] {processor.py:208} INFO - Processing /opt/airflow/dags/fruad_detection_training_dag.py took 11.665 seconds
[2025-11-02T16:03:02.417+0000] {logging_mixin.py:190} INFO - [2025-11-02T16:03:02.417+0000] {dag.py:4180} INFO - Setting next_dagrun for fraud_detection_training to 2025-11-01 03:00:00+00:00, run_after=2025-11-02 03:00:00+00:00
[2025-11-02T16:03:05.739+0000] {processor.py:208} INFO - Processing /opt/airflow/dags/fruad_detection_training_dag.py took 10.550 seconds
[2025-11-02T16:03:37.026+0000] {processor.py:186} INFO - Started process (PID=454) to work on /opt/airflow/dags/fruad_detection_training_dag.py
[2025-11-02T16:03:37.028+0000] {processor.py:914} INFO - Processing file /opt/airflow/dags/fruad_detection_training_dag.py for tasks to queue
[2025-11-02T16:03:37.036+0000] {logging_mixin.py:190} INFO - [2025-11-02T16:03:37.034+0000] {dagbag.py:588} INFO - Filling up the DagBag from /opt/airflow/dags/fruad_detection_training_dag.py
[2025-11-02T16:03:37.055+0000] {processor.py:925} INFO - DAG(s) 'fraud_detection_training' retrieved from /opt/airflow/dags/fruad_detection_training_dag.py
[2025-11-02T16:03:38.329+0000] {processor.py:186} INFO - Started process (PID=405) to work on /opt/airflow/dags/fruad_detection_training_dag.py
[2025-11-02T16:03:38.332+0000] {processor.py:914} INFO - Processing file /opt/airflow/dags/fruad_detection_training_dag.py for tasks to queue
[2025-11-02T16:03:38.336+0000] {logging_mixin.py:190} INFO - [2025-11-02T16:03:38.335+0000] {dagbag.py:588} INFO - Filling up the DagBag from /opt/airflow/dags/fruad_detection_training_dag.py
[2025-11-02T16:03:38.363+0000] {processor.py:925} INFO - DAG(s) 'fraud_detection_training' retrieved from /opt/airflow/dags/fruad_detection_training_dag.py
[2025-11-02T16:03:43.192+0000] {logging_mixin.py:190} INFO - [2025-11-02T16:03:43.191+0000] {dag.py:3239} INFO - Sync 1 DAGs
[2025-11-02T16:03:44.204+0000] {logging_mixin.py:190} INFO - [2025-11-02T16:03:44.203+0000] {dag.py:4180} INFO - Setting next_dagrun for fraud_detection_training to 2025-11-01 03:00:00+00:00, run_after=2025-11-02 03:00:00+00:00
[2025-11-02T16:03:44.332+0000] {logging_mixin.py:190} INFO - [2025-11-02T16:03:44.331+0000] {dag.py:3239} INFO - Sync 1 DAGs
[2025-11-02T16:03:46.296+0000] {logging_mixin.py:190} INFO - [2025-11-02T16:03:46.295+0000] {dag.py:4180} INFO - Setting next_dagrun for fraud_detection_training to 2025-11-01 03:00:00+00:00, run_after=2025-11-02 03:00:00+00:00
[2025-11-02T16:03:48.596+0000] {processor.py:208} INFO - Processing /opt/airflow/dags/fruad_detection_training_dag.py took 11.579 seconds
[2025-11-02T16:03:50.485+0000] {processor.py:208} INFO - Processing /opt/airflow/dags/fruad_detection_training_dag.py took 12.164 seconds
[2025-11-02T16:04:22.409+0000] {processor.py:186} INFO - Started process (PID=418) to work on /opt/airflow/dags/fruad_detection_training_dag.py
[2025-11-02T16:04:22.411+0000] {processor.py:914} INFO - Processing file /opt/airflow/dags/fruad_detection_training_dag.py for tasks to queue
[2025-11-02T16:04:22.417+0000] {logging_mixin.py:190} INFO - [2025-11-02T16:04:22.416+0000] {dagbag.py:588} INFO - Filling up the DagBag from /opt/airflow/dags/fruad_detection_training_dag.py
[2025-11-02T16:04:22.434+0000] {processor.py:925} INFO - DAG(s) 'fraud_detection_training' retrieved from /opt/airflow/dags/fruad_detection_training_dag.py
[2025-11-02T16:04:27.180+0000] {logging_mixin.py:190} INFO - [2025-11-02T16:04:27.179+0000] {dag.py:3239} INFO - Sync 1 DAGs
[2025-11-02T16:04:27.905+0000] {logging_mixin.py:190} INFO - [2025-11-02T16:04:27.904+0000] {dag.py:4180} INFO - Setting next_dagrun for fraud_detection_training to 2025-11-01 03:00:00+00:00, run_after=2025-11-02 03:00:00+00:00
[2025-11-02T16:04:29.003+0000] {processor.py:186} INFO - Started process (PID=471) to work on /opt/airflow/dags/fruad_detection_training_dag.py
[2025-11-02T16:04:29.004+0000] {processor.py:914} INFO - Processing file /opt/airflow/dags/fruad_detection_training_dag.py for tasks to queue
[2025-11-02T16:04:29.007+0000] {logging_mixin.py:190} INFO - [2025-11-02T16:04:29.007+0000] {dagbag.py:588} INFO - Filling up the DagBag from /opt/airflow/dags/fruad_detection_training_dag.py
[2025-11-02T16:04:29.025+0000] {processor.py:925} INFO - DAG(s) 'fraud_detection_training' retrieved from /opt/airflow/dags/fruad_detection_training_dag.py
[2025-11-02T16:04:31.595+0000] {processor.py:208} INFO - Processing /opt/airflow/dags/fruad_detection_training_dag.py took 9.202 seconds
[2025-11-02T16:04:34.257+0000] {logging_mixin.py:190} INFO - [2025-11-02T16:04:34.254+0000] {dag.py:3239} INFO - Sync 1 DAGs
[2025-11-02T16:04:35.007+0000] {logging_mixin.py:190} INFO - [2025-11-02T16:04:35.006+0000] {dag.py:4180} INFO - Setting next_dagrun for fraud_detection_training to 2025-11-01 03:00:00+00:00, run_after=2025-11-02 03:00:00+00:00
[2025-11-02T16:04:38.750+0000] {processor.py:208} INFO - Processing /opt/airflow/dags/fruad_detection_training_dag.py took 9.756 seconds
[2025-11-02T16:05:04.685+0000] {processor.py:186} INFO - Started process (PID=425) to work on /opt/airflow/dags/fruad_detection_training_dag.py
[2025-11-02T16:05:04.687+0000] {processor.py:914} INFO - Processing file /opt/airflow/dags/fruad_detection_training_dag.py for tasks to queue
[2025-11-02T16:05:04.695+0000] {logging_mixin.py:190} INFO - [2025-11-02T16:05:04.695+0000] {dagbag.py:588} INFO - Filling up the DagBag from /opt/airflow/dags/fruad_detection_training_dag.py
[2025-11-02T16:05:04.727+0000] {processor.py:925} INFO - DAG(s) 'fraud_detection_training' retrieved from /opt/airflow/dags/fruad_detection_training_dag.py
[2025-11-02T16:05:12.026+0000] {logging_mixin.py:190} INFO - [2025-11-02T16:05:12.025+0000] {dag.py:3239} INFO - Sync 1 DAGs
[2025-11-02T16:05:12.277+0000] {processor.py:186} INFO - Started process (PID=483) to work on /opt/airflow/dags/fruad_detection_training_dag.py
[2025-11-02T16:05:12.279+0000] {processor.py:914} INFO - Processing file /opt/airflow/dags/fruad_detection_training_dag.py for tasks to queue
[2025-11-02T16:05:12.282+0000] {logging_mixin.py:190} INFO - [2025-11-02T16:05:12.282+0000] {dagbag.py:588} INFO - Filling up the DagBag from /opt/airflow/dags/fruad_detection_training_dag.py
[2025-11-02T16:05:12.295+0000] {processor.py:925} INFO - DAG(s) 'fraud_detection_training' retrieved from /opt/airflow/dags/fruad_detection_training_dag.py
[2025-11-02T16:05:13.215+0000] {logging_mixin.py:190} INFO - [2025-11-02T16:05:13.214+0000] {dag.py:4180} INFO - Setting next_dagrun for fraud_detection_training to 2025-11-01 03:00:00+00:00, run_after=2025-11-02 03:00:00+00:00
[2025-11-02T16:05:18.133+0000] {logging_mixin.py:190} INFO - [2025-11-02T16:05:18.132+0000] {dag.py:3239} INFO - Sync 1 DAGs
[2025-11-02T16:05:18.356+0000] {processor.py:208} INFO - Processing /opt/airflow/dags/fruad_detection_training_dag.py took 13.683 seconds
[2025-11-02T16:05:19.299+0000] {logging_mixin.py:190} INFO - [2025-11-02T16:05:19.299+0000] {dag.py:4180} INFO - Setting next_dagrun for fraud_detection_training to 2025-11-01 03:00:00+00:00, run_after=2025-11-02 03:00:00+00:00
[2025-11-02T16:05:23.932+0000] {processor.py:208} INFO - Processing /opt/airflow/dags/fruad_detection_training_dag.py took 11.670 seconds
