[2025-03-23T10:35:40.472+0000] {local_task_job_runner.py:123} INFO - ::group::Pre task execution logs
[2025-03-23T10:35:40.483+0000] {taskinstance.py:2614} INFO - Dependencies all met for dep_context=non-requeueable deps ti=<TaskInstance: fraud_detection_training.execute_training manual__2025-03-23T10:35:38.777664+00:00 [queued]>
[2025-03-23T10:35:40.487+0000] {taskinstance.py:2614} INFO - Dependencies all met for dep_context=requeueable deps ti=<TaskInstance: fraud_detection_training.execute_training manual__2025-03-23T10:35:38.777664+00:00 [queued]>
[2025-03-23T10:35:40.487+0000] {taskinstance.py:2867} INFO - Starting attempt 1 of 1
[2025-03-23T10:35:40.493+0000] {taskinstance.py:2890} INFO - Executing <Task(PythonOperator): execute_training> on 2025-03-23 10:35:38.777664+00:00
[2025-03-23T10:35:40.496+0000] {warnings.py:112} WARNING - /home/***/.local/lib/python3.12/site-packages/***/task/task_runner/standard_task_runner.py:70: DeprecationWarning: This process (pid=120) is multi-threaded, use of fork() may lead to deadlocks in the child.
  pid = os.fork()

[2025-03-23T10:35:40.497+0000] {standard_task_runner.py:72} INFO - Started process 121 to run task
[2025-03-23T10:35:40.497+0000] {standard_task_runner.py:104} INFO - Running: ['***', 'tasks', 'run', 'fraud_detection_training', 'execute_training', 'manual__2025-03-23T10:35:38.777664+00:00', '--job-id', '6', '--raw', '--subdir', 'DAGS_FOLDER/fruad_detection_training_dag.py', '--cfg-path', '/tmp/tmpjarjlx8z']
[2025-03-23T10:35:40.498+0000] {standard_task_runner.py:105} INFO - Job 6: Subtask execute_training
[2025-03-23T10:35:40.533+0000] {task_command.py:467} INFO - Running <TaskInstance: fraud_detection_training.execute_training manual__2025-03-23T10:35:38.777664+00:00 [running]> on host b29bd579ad45
[2025-03-23T10:35:40.579+0000] {taskinstance.py:3134} INFO - Exporting env vars: AIRFLOW_CTX_DAG_OWNER='***' AIRFLOW_CTX_DAG_ID='fraud_detection_training' AIRFLOW_CTX_TASK_ID='execute_training' AIRFLOW_CTX_EXECUTION_DATE='2025-03-23T10:35:38.777664+00:00' AIRFLOW_CTX_TRY_NUMBER='1' AIRFLOW_CTX_DAG_RUN_ID='manual__2025-03-23T10:35:38.777664+00:00'
[2025-03-23T10:35:40.580+0000] {taskinstance.py:732} INFO - ::endgroup::
[2025-03-23T10:35:41.154+0000] {font_manager.py:1639} INFO - generated new fontManager
[2025-03-23T10:35:43.492+0000] {warnings.py:112} WARNING - /opt/***/dags/fraud_detection_training.py:45: UserWarning: The numpy.array_api submodule is still experimental. See NEP 47.
  from numpy.array_api import astype

[2025-03-23T10:35:43.517+0000] {fruad_detection_training_dag.py:18} INFO - Starting training...
[2025-03-23T10:35:43.525+0000] {fraud_detection_training.py:126} INFO - Configuration loaded successfully
[2025-03-23T10:35:43.597+0000] {fraud_detection_training.py:169} INFO - Minio connection verified. Buckets: ['mlflow']
[2025-03-23T10:35:43.619+0000] {fraud_detection_training.py:337} INFO - Starting model training process
[2025-03-23T10:35:43.620+0000] {fraud_detection_training.py:183} INFO - Starting Kafka consumer with config: {'bootstrap_servers': 'pkc-921jm.us-east-2.aws.confluent.cloud:9092', 'username': 'N2I6QDSAFXKGXQJX', 'password': 'f+T6MLkzJMhrY1Xo9UMZ2WNMpWn2lP8ki+bU3LAXYTRplGK2eV2jXWKQxEQguFDz', 'topic': 'fraud_topic_1', 'output_topic': 'fraud_alert', 'group_id': 'python-group-1'}
[2025-03-23T10:35:43.630+0000] {fraud_detection_training.py:212} INFO - Explicitly started receiving messages from Kafka topic: fraud_topic_1
[2025-03-23T10:35:51.258+0000] {fraud_detection_training.py:238} INFO - Explicit Random Sample: Received message from Kafka: {"transaction_id": "cac4ab61-898c-427f-b444-eb02530d9b07", "user_id": 2986, "amount": 1282.59, "currency": "USD", "merchant": "Taylor Inc", "timestamp": "2025-03-23T10:24:01.228422+00:00", "location": "GT", "is_fraud": 0}
[2025-03-23T10:35:51.494+0000] {fraud_detection_training.py:238} INFO - Explicit Random Sample: Received message from Kafka: {"transaction_id": "32f1399e-8608-44ff-a0bf-fd962cd2db21", "user_id": 6035, "amount": 6835.27, "currency": "USD", "merchant": "Thompson Group", "timestamp": "2025-03-23T10:29:24.326465+00:00", "location": "AR", "is_fraud": 0}
[2025-03-23T10:35:51.495+0000] {fraud_detection_training.py:238} INFO - Explicit Random Sample: Received message from Kafka: {"transaction_id": "45d69da2-83d9-41d6-b5f9-c7baf835fa4a", "user_id": 4116, "amount": 9681.49, "currency": "USD", "merchant": "Miller Inc", "timestamp": "2025-03-23T10:32:39.220112+00:00", "location": "NZ", "is_fraud": 0}
[2025-03-23T10:36:11.519+0000] {fraud_detection_training.py:221} INFO - Explicitly reached max empty polls—assuming no more messages.
[2025-03-23T10:36:11.737+0000] {fraud_detection_training.py:244} INFO - Explicitly closed Kafka consumer. Total messages explicitly fetched: 386
[2025-03-23T10:36:12.242+0000] {fraud_detection_training.py:422} INFO - Starting hyperparameter tuning...
[2025-03-23T10:36:12.250+0000] {warnings.py:112} WARNING - /home/***/.local/lib/python3.12/site-packages/joblib/parallel.py:1359: UserWarning: Loky-backed parallel loops cannot be called in a multiprocessing, setting n_jobs=1
  n_jobs = self._backend.configure(n_jobs=self.n_jobs, parallel=self,

[2025-03-23T10:36:18.555+0000] {fraud_detection_training.py:426} INFO - Best hyperparameters: {'classifier__subsample': 0.6, 'classifier__reg_alpha': 0, 'classifier__max_depth': 3, 'classifier__learning_rate': 0.01, 'classifier__gamma': 0.1, 'classifier__colsample_bytree': 1.0}
[2025-03-23T10:36:18.558+0000] {fraud_detection_training.py:434} INFO - Optimal threshold determined: 0.7979
[2025-03-23T10:36:18.909+0000] {credentials.py:1147} INFO - Found credentials in environment variables.
[2025-03-23T10:36:18.971+0000] {warnings.py:112} WARNING - /home/***/.local/lib/python3.12/site-packages/mlflow/types/utils.py:452: UserWarning: Hint: Inferred schema contains integer column(s). Integer columns in Python cannot represent missing values. If your input data contains missing values at inference time, it will be encoded as floats and will cause a schema enforcement error. The best way to avoid this problem is to infer the model schema based on a realistic data sample (training dataset) that includes missing values. Alternatively, you can declare integer columns as doubles (float64) whenever these columns may have missing values. See `Handling Integers With Missing Values <https://www.mlflow.org/docs/latest/models.html#handling-integers-with-missing-values>`_ for more details.
  warnings.warn(

[2025-03-23T10:36:21.775+0000] {logging_mixin.py:190} WARNING - Successfully registered model 'fraud_detection_model'.
[2025-03-23T10:36:21.790+0000] {logging_mixin.py:190} WARNING - 2025/03/23 10:36:21 INFO mlflow.store.model_registry.abstract_store: Waiting up to 300 seconds for model version to finish creation. Model name: fraud_detection_model, version 1
[2025-03-23T10:36:21.790+0000] {logging_mixin.py:190} WARNING - Created version '1' of model 'fraud_detection_model'.
[2025-03-23T10:36:21.794+0000] {fraud_detection_training.py:498} INFO - Training successfully completed with metrics: {'auc_pr': 0.7083826809855243, 'precision': 1.0, 'recall': 0.06666666666666667, 'f1': 0.125, 'threshold': 0.7979393005371094}
[2025-03-23T10:36:21.799+0000] {logging_mixin.py:190} INFO - 🏃 View run crawling-worm-249 at: http://mlflow-server:5500/#/experiments/1/runs/c25164deca474c03ada0f8970cb6760e
[2025-03-23T10:36:21.799+0000] {logging_mixin.py:190} INFO - 🧪 View experiment at: http://mlflow-server:5500/#/experiments/1
[2025-03-23T10:36:21.803+0000] {python.py:240} INFO - Done. Returned value was: {'status': 'success', 'precision': {'auc_pr': 0.7083826809855243, 'precision': 1.0, 'recall': 0.06666666666666667, 'f1': 0.125, 'threshold': 0.7979393005371094}}
[2025-03-23T10:36:21.818+0000] {taskinstance.py:341} INFO - ::group::Post task execution logs
[2025-03-23T10:36:21.818+0000] {taskinstance.py:353} INFO - Marking task as SUCCESS. dag_id=fraud_detection_training, task_id=execute_training, run_id=manual__2025-03-23T10:35:38.777664+00:00, execution_date=20250323T103538, start_date=20250323T103540, end_date=20250323T103621
[2025-03-23T10:36:21.861+0000] {local_task_job_runner.py:266} INFO - Task exited with return code 0
[2025-03-23T10:36:21.871+0000] {taskinstance.py:3901} INFO - 1 downstream tasks scheduled from follow-on schedule check
[2025-03-23T10:36:21.872+0000] {local_task_job_runner.py:245} INFO - ::endgroup::
