[2025-03-23T02:30:20.688+0000] {local_task_job_runner.py:123} INFO - ::group::Pre task execution logs
[2025-03-23T02:30:20.696+0000] {taskinstance.py:2614} INFO - Dependencies all met for dep_context=non-requeueable deps ti=<TaskInstance: fraud_detection_training.cleanup_resources scheduled__2025-03-21T03:00:00+00:00 [queued]>
[2025-03-23T02:30:20.699+0000] {taskinstance.py:2614} INFO - Dependencies all met for dep_context=requeueable deps ti=<TaskInstance: fraud_detection_training.cleanup_resources scheduled__2025-03-21T03:00:00+00:00 [queued]>
[2025-03-23T02:30:20.700+0000] {taskinstance.py:2867} INFO - Starting attempt 1 of 1
[2025-03-23T02:30:20.704+0000] {taskinstance.py:2890} INFO - Executing <Task(BashOperator): cleanup_resources> on 2025-03-21 03:00:00+00:00
[2025-03-23T02:30:20.707+0000] {warnings.py:112} WARNING - /home/***/.local/lib/python3.12/site-packages/***/task/task_runner/standard_task_runner.py:70: DeprecationWarning: This process (pid=89) is multi-threaded, use of fork() may lead to deadlocks in the child.
  pid = os.fork()

[2025-03-23T02:30:20.708+0000] {standard_task_runner.py:72} INFO - Started process 90 to run task
[2025-03-23T02:30:20.708+0000] {standard_task_runner.py:104} INFO - Running: ['***', 'tasks', 'run', 'fraud_detection_training', 'cleanup_resources', 'scheduled__2025-03-21T03:00:00+00:00', '--job-id', '7', '--raw', '--subdir', 'DAGS_FOLDER/fruad_detection_training_dag.py', '--cfg-path', '/tmp/tmpa6sntx2q']
[2025-03-23T02:30:20.709+0000] {standard_task_runner.py:105} INFO - Job 7: Subtask cleanup_resources
[2025-03-23T02:30:20.734+0000] {task_command.py:467} INFO - Running <TaskInstance: fraud_detection_training.cleanup_resources scheduled__2025-03-21T03:00:00+00:00 [running]> on host e476430ad825
[2025-03-23T02:30:20.759+0000] {taskinstance.py:3134} INFO - Exporting env vars: AIRFLOW_CTX_DAG_OWNER='***' AIRFLOW_CTX_DAG_ID='fraud_detection_training' AIRFLOW_CTX_TASK_ID='cleanup_resources' AIRFLOW_CTX_EXECUTION_DATE='2025-03-21T03:00:00+00:00' AIRFLOW_CTX_TRY_NUMBER='1' AIRFLOW_CTX_DAG_RUN_ID='scheduled__2025-03-21T03:00:00+00:00'
[2025-03-23T02:30:20.760+0000] {taskinstance.py:732} INFO - ::endgroup::
[2025-03-23T02:30:20.764+0000] {subprocess.py:78} INFO - Tmp dir root location: /tmp
[2025-03-23T02:30:20.765+0000] {subprocess.py:88} INFO - Running command: ['/usr/bin/bash', '-c', 'rm -f /tmp/*.pkl']
[2025-03-23T02:30:20.768+0000] {subprocess.py:99} INFO - Output:
[2025-03-23T02:30:20.772+0000] {subprocess.py:110} INFO - Command exited with return code 0
[2025-03-23T02:30:20.779+0000] {taskinstance.py:341} INFO - ::group::Post task execution logs
[2025-03-23T02:30:20.780+0000] {taskinstance.py:353} INFO - Marking task as SUCCESS. dag_id=fraud_detection_training, task_id=cleanup_resources, run_id=scheduled__2025-03-21T03:00:00+00:00, execution_date=20250321T030000, start_date=20250323T023020, end_date=20250323T023020
[2025-03-23T02:30:20.811+0000] {local_task_job_runner.py:266} INFO - Task exited with return code 0
[2025-03-23T02:30:20.817+0000] {taskinstance.py:3901} INFO - 0 downstream tasks scheduled from follow-on schedule check
[2025-03-23T02:30:20.817+0000] {local_task_job_runner.py:245} INFO - ::endgroup::
