[2025-03-23T08:52:24.098+0000] {local_task_job_runner.py:123} INFO - ::group::Pre task execution logs
[2025-03-23T08:52:24.105+0000] {taskinstance.py:2614} INFO - Dependencies all met for dep_context=non-requeueable deps ti=<TaskInstance: fraud_detection_training.execute_training manual__2025-03-23T08:52:22.024402+00:00 [queued]>
[2025-03-23T08:52:24.108+0000] {taskinstance.py:2614} INFO - Dependencies all met for dep_context=requeueable deps ti=<TaskInstance: fraud_detection_training.execute_training manual__2025-03-23T08:52:22.024402+00:00 [queued]>
[2025-03-23T08:52:24.108+0000] {taskinstance.py:2867} INFO - Starting attempt 1 of 1
[2025-03-23T08:52:24.112+0000] {taskinstance.py:2890} INFO - Executing <Task(PythonOperator): execute_training> on 2025-03-23 08:52:22.024402+00:00
[2025-03-23T08:52:24.114+0000] {warnings.py:112} WARNING - /home/***/.local/lib/python3.12/site-packages/***/task/task_runner/standard_task_runner.py:70: DeprecationWarning: This process (pid=305) is multi-threaded, use of fork() may lead to deadlocks in the child.
  pid = os.fork()

[2025-03-23T08:52:24.115+0000] {standard_task_runner.py:72} INFO - Started process 306 to run task
[2025-03-23T08:52:24.115+0000] {standard_task_runner.py:104} INFO - Running: ['***', 'tasks', 'run', 'fraud_detection_training', 'execute_training', 'manual__2025-03-23T08:52:22.024402+00:00', '--job-id', '61', '--raw', '--subdir', 'DAGS_FOLDER/fruad_detection_training_dag.py', '--cfg-path', '/tmp/tmp7hm0p4jc']
[2025-03-23T08:52:24.116+0000] {standard_task_runner.py:105} INFO - Job 61: Subtask execute_training
[2025-03-23T08:52:24.130+0000] {task_command.py:467} INFO - Running <TaskInstance: fraud_detection_training.execute_training manual__2025-03-23T08:52:22.024402+00:00 [running]> on host 44aceeee01ab
[2025-03-23T08:52:24.153+0000] {taskinstance.py:3134} INFO - Exporting env vars: AIRFLOW_CTX_DAG_OWNER='***' AIRFLOW_CTX_DAG_ID='fraud_detection_training' AIRFLOW_CTX_TASK_ID='execute_training' AIRFLOW_CTX_EXECUTION_DATE='2025-03-23T08:52:22.024402+00:00' AIRFLOW_CTX_TRY_NUMBER='1' AIRFLOW_CTX_DAG_RUN_ID='manual__2025-03-23T08:52:22.024402+00:00'
[2025-03-23T08:52:24.154+0000] {taskinstance.py:732} INFO - ::endgroup::
[2025-03-23T08:52:25.378+0000] {warnings.py:112} WARNING - /opt/***/dags/fraud_detection_training.py:45: UserWarning: The numpy.array_api submodule is still experimental. See NEP 47.
  from numpy.array_api import astype

[2025-03-23T08:52:25.406+0000] {fruad_detection_training_dag.py:18} INFO - Starting training...
[2025-03-23T08:52:25.409+0000] {fraud_detection_training.py:122} INFO - Configuration loaded successfully
[2025-03-23T08:52:25.460+0000] {fraud_detection_training.py:165} INFO - Minio connection verified. Buckets: ['mlflow']
[2025-03-23T08:52:25.705+0000] {fraud_detection_training.py:322} INFO - Starting model training process
[2025-03-23T08:52:25.705+0000] {fraud_detection_training.py:176} INFO - {'mlflow': {'registered_model_name': 'fraud_detection_xgboost', 'tracking_uri': 'http://mlflow-server:5500', 'artifact_location': 's3://mlflow/fraud_detection', 's3_endpoint_url': 'http://minio:9000'}, 'kafka': {'bootstrap_servers': 'pkc-921jm.us-east-2.aws.confluent.cloud:9092', 'username': 'N2I6QDSAFXKGXQJX', 'password': '***', 'topic': 'fraud_topic_1', 'output_topic': 'fraud_alert', 'group_id': 'python-group-1'}, 'model': {'test_size': 0.25, 'seed': 150, 'params': {'n_estimators': 300, 'learning_rate': 0.05, 'max_depth': 5, 'subsample': 0.8, 'colsample_bytree': 0.8, 'scale_pos_weight': 1, 'tree_method': 'hist'}, 'path': '/app/models/fraud_detection_model.pkl'}, 'spark': {'app_name': 'FraudDetectionInference', 'packages': 'org.mlflow:mlflow-spark:2.6.0,com.google.guava:guava:30.1.1-jre,org.apache.spark:spark-sql-kafka-0-10_2.12:3.5.4,org.apache.hadoop:hadoop-aws:3.3.0,com.amazonaws:aws-java-sdk:1.11.469', 'shuffle_partition': 200, 'checkpoint_location': 'checkpoints'}}
[2025-03-23T08:52:25.706+0000] {fraud_detection_training.py:483} ERROR - Training failed: KafkaError{code=_INVALID_ARG,val=-186,str="No such configuration property: "bootstrap_servers""}
Traceback (most recent call last):
  File "/opt/airflow/dags/fraud_detection_training.py", line 325, in train_model
    df = self.read_from_kafka()
         ^^^^^^^^^^^^^^^^^^^^^^
  File "/opt/airflow/dags/fraud_detection_training.py", line 188, in read_from_kafka
    consumer = Consumer(consumer_config)
               ^^^^^^^^^^^^^^^^^^^^^^^^^
cimpl.KafkaException: KafkaError{code=_INVALID_ARG,val=-186,str="No such configuration property: "bootstrap_servers""}
[2025-03-23T08:52:25.706+0000] {fruad_detection_training_dag.py:24} ERROR - Failed to train model: KafkaError{code=_INVALID_ARG,val=-186,str="No such configuration property: "bootstrap_servers""}
[2025-03-23T08:52:25.710+0000] {taskinstance.py:3313} ERROR - Task failed with exception
Traceback (most recent call last):
  File "/opt/airflow/dags/fruad_detection_training_dag.py", line 20, in _train_model
    model, precision = trainer.train_model()
                       ^^^^^^^^^^^^^^^^^^^^^
  File "/opt/airflow/dags/fraud_detection_training.py", line 325, in train_model
    df = self.read_from_kafka()
         ^^^^^^^^^^^^^^^^^^^^^^
  File "/opt/airflow/dags/fraud_detection_training.py", line 188, in read_from_kafka
    consumer = Consumer(consumer_config)
               ^^^^^^^^^^^^^^^^^^^^^^^^^
cimpl.KafkaException: KafkaError{code=_INVALID_ARG,val=-186,str="No such configuration property: "bootstrap_servers""}

During handling of the above exception, another exception occurred:

Traceback (most recent call last):
  File "/home/airflow/.local/lib/python3.12/site-packages/airflow/models/taskinstance.py", line 768, in _execute_task
    result = _execute_callable(context=context, **execute_callable_kwargs)
             ^^^^^^^^^^^^^^^^^^^^^^^^^^^^^^^^^^^^^^^^^^^^^^^^^^^^^^^^^^^^^
  File "/home/airflow/.local/lib/python3.12/site-packages/airflow/models/taskinstance.py", line 734, in _execute_callable
    return ExecutionCallableRunner(
           ^^^^^^^^^^^^^^^^^^^^^^^^
  File "/home/airflow/.local/lib/python3.12/site-packages/airflow/utils/operator_helpers.py", line 252, in run
    return self.func(*args, **kwargs)
           ^^^^^^^^^^^^^^^^^^^^^^^^^^
  File "/home/airflow/.local/lib/python3.12/site-packages/airflow/models/baseoperator.py", line 424, in wrapper
    return func(self, *args, **kwargs)
           ^^^^^^^^^^^^^^^^^^^^^^^^^^^
  File "/home/airflow/.local/lib/python3.12/site-packages/airflow/operators/python.py", line 238, in execute
    return_value = self.execute_callable()
                   ^^^^^^^^^^^^^^^^^^^^^^^
  File "/home/airflow/.local/lib/python3.12/site-packages/airflow/operators/python.py", line 256, in execute_callable
    return runner.run(*self.op_args, **self.op_kwargs)
           ^^^^^^^^^^^^^^^^^^^^^^^^^^^^^^^^^^^^^^^^^^^
  File "/home/airflow/.local/lib/python3.12/site-packages/airflow/utils/operator_helpers.py", line 252, in run
    return self.func(*args, **kwargs)
           ^^^^^^^^^^^^^^^^^^^^^^^^^^
  File "/opt/airflow/dags/fruad_detection_training_dag.py", line 25, in _train_model
    raise AirflowException(f'Failed to train model: {str(e)}')
airflow.exceptions.AirflowException: Failed to train model: KafkaError{code=_INVALID_ARG,val=-186,str="No such configuration property: "bootstrap_servers""}
[2025-03-23T08:52:25.712+0000] {taskinstance.py:1226} INFO - Marking task as FAILED. dag_id=fraud_detection_training, task_id=execute_training, run_id=manual__2025-03-23T08:52:22.024402+00:00, execution_date=20250323T085222, start_date=20250323T085224, end_date=20250323T085225
[2025-03-23T08:52:25.721+0000] {taskinstance.py:341} INFO - ::group::Post task execution logs
[2025-03-23T08:52:25.721+0000] {standard_task_runner.py:124} ERROR - Failed to execute job 61 for task execute_training (Failed to train model: KafkaError{code=_INVALID_ARG,val=-186,str="No such configuration property: "bootstrap_servers""}; 306)
Traceback (most recent call last):
  File "/opt/airflow/dags/fruad_detection_training_dag.py", line 20, in _train_model
    model, precision = trainer.train_model()
                       ^^^^^^^^^^^^^^^^^^^^^
  File "/opt/airflow/dags/fraud_detection_training.py", line 325, in train_model
    df = self.read_from_kafka()
         ^^^^^^^^^^^^^^^^^^^^^^
  File "/opt/airflow/dags/fraud_detection_training.py", line 188, in read_from_kafka
    consumer = Consumer(consumer_config)
               ^^^^^^^^^^^^^^^^^^^^^^^^^
cimpl.KafkaException: KafkaError{code=_INVALID_ARG,val=-186,str="No such configuration property: "bootstrap_servers""}

During handling of the above exception, another exception occurred:

Traceback (most recent call last):
  File "/home/airflow/.local/lib/python3.12/site-packages/airflow/task/task_runner/standard_task_runner.py", line 117, in _start_by_fork
    ret = args.func(args, dag=self.dag)
          ^^^^^^^^^^^^^^^^^^^^^^^^^^^^^
  File "/home/airflow/.local/lib/python3.12/site-packages/airflow/cli/cli_config.py", line 49, in command
    return func(*args, **kwargs)
           ^^^^^^^^^^^^^^^^^^^^^
  File "/home/airflow/.local/lib/python3.12/site-packages/airflow/utils/cli.py", line 116, in wrapper
    return f(*args, **kwargs)
           ^^^^^^^^^^^^^^^^^^
  File "/home/airflow/.local/lib/python3.12/site-packages/airflow/cli/commands/task_command.py", line 483, in task_run
    task_return_code = _run_task_by_selected_method(args, _dag, ti)
                       ^^^^^^^^^^^^^^^^^^^^^^^^^^^^^^^^^^^^^^^^^^^^
  File "/home/airflow/.local/lib/python3.12/site-packages/airflow/cli/commands/task_command.py", line 256, in _run_task_by_selected_method
    return _run_raw_task(args, ti)
           ^^^^^^^^^^^^^^^^^^^^^^^
  File "/home/airflow/.local/lib/python3.12/site-packages/airflow/cli/commands/task_command.py", line 341, in _run_raw_task
    return ti._run_raw_task(
           ^^^^^^^^^^^^^^^^^
  File "/home/airflow/.local/lib/python3.12/site-packages/airflow/utils/session.py", line 97, in wrapper
    return func(*args, session=session, **kwargs)
           ^^^^^^^^^^^^^^^^^^^^^^^^^^^^^^^^^^^^^^
  File "/home/airflow/.local/lib/python3.12/site-packages/airflow/models/taskinstance.py", line 3006, in _run_raw_task
    return _run_raw_task(
           ^^^^^^^^^^^^^^
  File "/home/airflow/.local/lib/python3.12/site-packages/airflow/models/taskinstance.py", line 274, in _run_raw_task
    TaskInstance._execute_task_with_callbacks(
  File "/home/airflow/.local/lib/python3.12/site-packages/airflow/models/taskinstance.py", line 3161, in _execute_task_with_callbacks
    result = self._execute_task(context, task_orig)
             ^^^^^^^^^^^^^^^^^^^^^^^^^^^^^^^^^^^^^^
  File "/home/airflow/.local/lib/python3.12/site-packages/airflow/models/taskinstance.py", line 3185, in _execute_task
    return _execute_task(self, context, task_orig)
           ^^^^^^^^^^^^^^^^^^^^^^^^^^^^^^^^^^^^^^^
  File "/home/airflow/.local/lib/python3.12/site-packages/airflow/models/taskinstance.py", line 768, in _execute_task
    result = _execute_callable(context=context, **execute_callable_kwargs)
             ^^^^^^^^^^^^^^^^^^^^^^^^^^^^^^^^^^^^^^^^^^^^^^^^^^^^^^^^^^^^^
  File "/home/airflow/.local/lib/python3.12/site-packages/airflow/models/taskinstance.py", line 734, in _execute_callable
    return ExecutionCallableRunner(
           ^^^^^^^^^^^^^^^^^^^^^^^^
  File "/home/airflow/.local/lib/python3.12/site-packages/airflow/utils/operator_helpers.py", line 252, in run
    return self.func(*args, **kwargs)
           ^^^^^^^^^^^^^^^^^^^^^^^^^^
  File "/home/airflow/.local/lib/python3.12/site-packages/airflow/models/baseoperator.py", line 424, in wrapper
    return func(self, *args, **kwargs)
           ^^^^^^^^^^^^^^^^^^^^^^^^^^^
  File "/home/airflow/.local/lib/python3.12/site-packages/airflow/operators/python.py", line 238, in execute
    return_value = self.execute_callable()
                   ^^^^^^^^^^^^^^^^^^^^^^^
  File "/home/airflow/.local/lib/python3.12/site-packages/airflow/operators/python.py", line 256, in execute_callable
    return runner.run(*self.op_args, **self.op_kwargs)
           ^^^^^^^^^^^^^^^^^^^^^^^^^^^^^^^^^^^^^^^^^^^
  File "/home/airflow/.local/lib/python3.12/site-packages/airflow/utils/operator_helpers.py", line 252, in run
    return self.func(*args, **kwargs)
           ^^^^^^^^^^^^^^^^^^^^^^^^^^
  File "/opt/airflow/dags/fruad_detection_training_dag.py", line 25, in _train_model
    raise AirflowException(f'Failed to train model: {str(e)}')
airflow.exceptions.AirflowException: Failed to train model: KafkaError{code=_INVALID_ARG,val=-186,str="No such configuration property: "bootstrap_servers""}
[2025-03-23T08:52:25.761+0000] {local_task_job_runner.py:266} INFO - Task exited with return code 1
[2025-03-23T08:52:25.770+0000] {taskinstance.py:3901} INFO - 1 downstream tasks scheduled from follow-on schedule check
[2025-03-23T08:52:25.770+0000] {local_task_job_runner.py:245} INFO - ::endgroup::
