[2025-03-09T11:00:01.466+0000] {local_task_job_runner.py:123} INFO - ::group::Pre task execution logs
[2025-03-09T11:00:01.475+0000] {taskinstance.py:2614} INFO - Dependencies all met for dep_context=non-requeueable deps ti=<TaskInstance: fraud_detection_training.cleanup_resources manual__2025-03-09T10:59:59.344889+00:00 [queued]>
[2025-03-09T11:00:01.477+0000] {taskinstance.py:2614} INFO - Dependencies all met for dep_context=requeueable deps ti=<TaskInstance: fraud_detection_training.cleanup_resources manual__2025-03-09T10:59:59.344889+00:00 [queued]>
[2025-03-09T11:00:01.477+0000] {taskinstance.py:2867} INFO - Starting attempt 1 of 1
[2025-03-09T11:00:01.481+0000] {taskinstance.py:2890} INFO - Executing <Task(BashOperator): cleanup_resources> on 2025-03-09 10:59:59.344889+00:00
[2025-03-09T11:00:01.484+0000] {warnings.py:112} WARNING - /home/***/.local/lib/python3.12/site-packages/***/task/task_runner/standard_task_runner.py:70: DeprecationWarning: This process (pid=1951) is multi-threaded, use of fork() may lead to deadlocks in the child.
  pid = os.fork()

[2025-03-09T11:00:01.484+0000] {standard_task_runner.py:72} INFO - Started process 1952 to run task
[2025-03-09T11:00:01.485+0000] {standard_task_runner.py:104} INFO - Running: ['***', 'tasks', 'run', 'fraud_detection_training', 'cleanup_resources', 'manual__2025-03-09T10:59:59.344889+00:00', '--job-id', '21', '--raw', '--subdir', 'DAGS_FOLDER/fruad_detection_training_dag.py', '--cfg-path', '/tmp/tmppih1o1x6']
[2025-03-09T11:00:01.485+0000] {standard_task_runner.py:105} INFO - Job 21: Subtask cleanup_resources
[2025-03-09T11:00:01.499+0000] {task_command.py:467} INFO - Running <TaskInstance: fraud_detection_training.cleanup_resources manual__2025-03-09T10:59:59.344889+00:00 [running]> on host ee06172d541c
[2025-03-09T11:00:01.524+0000] {taskinstance.py:3134} INFO - Exporting env vars: AIRFLOW_CTX_DAG_OWNER='***' AIRFLOW_CTX_DAG_ID='fraud_detection_training' AIRFLOW_CTX_TASK_ID='cleanup_resources' AIRFLOW_CTX_EXECUTION_DATE='2025-03-09T10:59:59.344889+00:00' AIRFLOW_CTX_TRY_NUMBER='1' AIRFLOW_CTX_DAG_RUN_ID='manual__2025-03-09T10:59:59.344889+00:00'
[2025-03-09T11:00:01.525+0000] {taskinstance.py:732} INFO - ::endgroup::
[2025-03-09T11:00:01.532+0000] {subprocess.py:78} INFO - Tmp dir root location: /tmp
[2025-03-09T11:00:01.532+0000] {subprocess.py:88} INFO - Running command: ['/usr/bin/bash', '-c', 'rm -f /tmp/*.pkl']
[2025-03-09T11:00:01.535+0000] {subprocess.py:99} INFO - Output:
[2025-03-09T11:00:01.537+0000] {subprocess.py:110} INFO - Command exited with return code 0
[2025-03-09T11:00:01.545+0000] {taskinstance.py:341} INFO - ::group::Post task execution logs
[2025-03-09T11:00:01.545+0000] {taskinstance.py:353} INFO - Marking task as SUCCESS. dag_id=fraud_detection_training, task_id=cleanup_resources, run_id=manual__2025-03-09T10:59:59.344889+00:00, execution_date=20250309T105959, start_date=20250309T110001, end_date=20250309T110001
[2025-03-09T11:00:01.583+0000] {local_task_job_runner.py:266} INFO - Task exited with return code 0
[2025-03-09T11:00:01.590+0000] {taskinstance.py:3901} INFO - 0 downstream tasks scheduled from follow-on schedule check
[2025-03-09T11:00:01.590+0000] {local_task_job_runner.py:245} INFO - ::endgroup::
