[2025-11-04T01:14:09.182+0000] {processor.py:186} INFO - Started process (PID=74) to work on /opt/airflow/dags/fruad_detection_training_dag.py
[2025-11-04T01:14:09.194+0000] {processor.py:914} INFO - Processing file /opt/airflow/dags/fruad_detection_training_dag.py for tasks to queue
[2025-11-04T01:14:09.198+0000] {logging_mixin.py:190} INFO - [2025-11-04T01:14:09.197+0000] {dagbag.py:588} INFO - Filling up the DagBag from /opt/airflow/dags/fruad_detection_training_dag.py
[2025-11-04T01:14:09.242+0000] {processor.py:925} INFO - DAG(s) 'fraud_detection_training' retrieved from /opt/airflow/dags/fruad_detection_training_dag.py
[2025-11-04T01:14:13.666+0000] {logging_mixin.py:190} INFO - [2025-11-04T01:14:13.661+0000] {dag.py:3239} INFO - Sync 1 DAGs
[2025-11-04T01:14:14.413+0000] {logging_mixin.py:190} INFO - [2025-11-04T01:14:14.413+0000] {dag.py:4180} INFO - Setting next_dagrun for fraud_detection_training to 2025-11-02 03:00:00+00:00, run_after=2025-11-03 03:00:00+00:00
[2025-11-04T01:14:17.636+0000] {processor.py:208} INFO - Processing /opt/airflow/dags/fruad_detection_training_dag.py took 8.467 seconds
[2025-11-04T01:14:50.321+0000] {processor.py:186} INFO - Started process (PID=81) to work on /opt/airflow/dags/fruad_detection_training_dag.py
[2025-11-04T01:14:50.326+0000] {processor.py:914} INFO - Processing file /opt/airflow/dags/fruad_detection_training_dag.py for tasks to queue
[2025-11-04T01:14:50.335+0000] {logging_mixin.py:190} INFO - [2025-11-04T01:14:50.334+0000] {dagbag.py:588} INFO - Filling up the DagBag from /opt/airflow/dags/fruad_detection_training_dag.py
[2025-11-04T01:14:50.387+0000] {processor.py:925} INFO - DAG(s) 'fraud_detection_training' retrieved from /opt/airflow/dags/fruad_detection_training_dag.py
[2025-11-04T01:14:54.746+0000] {logging_mixin.py:190} INFO - [2025-11-04T01:14:54.733+0000] {dag.py:3239} INFO - Sync 1 DAGs
[2025-11-04T01:14:55.635+0000] {logging_mixin.py:190} INFO - [2025-11-04T01:14:55.634+0000] {dag.py:4180} INFO - Setting next_dagrun for fraud_detection_training to 2025-11-02 03:00:00+00:00, run_after=2025-11-03 03:00:00+00:00
[2025-11-04T01:14:58.817+0000] {processor.py:208} INFO - Processing /opt/airflow/dags/fruad_detection_training_dag.py took 8.513 seconds
[2025-11-04T01:15:31.295+0000] {processor.py:186} INFO - Started process (PID=88) to work on /opt/airflow/dags/fruad_detection_training_dag.py
[2025-11-04T01:15:31.297+0000] {processor.py:914} INFO - Processing file /opt/airflow/dags/fruad_detection_training_dag.py for tasks to queue
[2025-11-04T01:15:31.306+0000] {logging_mixin.py:190} INFO - [2025-11-04T01:15:31.305+0000] {dagbag.py:588} INFO - Filling up the DagBag from /opt/airflow/dags/fruad_detection_training_dag.py
[2025-11-04T01:15:31.345+0000] {processor.py:925} INFO - DAG(s) 'fraud_detection_training' retrieved from /opt/airflow/dags/fruad_detection_training_dag.py
[2025-11-04T01:15:35.919+0000] {logging_mixin.py:190} INFO - [2025-11-04T01:15:35.916+0000] {dag.py:3239} INFO - Sync 1 DAGs
[2025-11-04T01:15:36.743+0000] {logging_mixin.py:190} INFO - [2025-11-04T01:15:36.741+0000] {dag.py:4180} INFO - Setting next_dagrun for fraud_detection_training to 2025-11-02 03:00:00+00:00, run_after=2025-11-03 03:00:00+00:00
[2025-11-04T01:15:40.012+0000] {processor.py:208} INFO - Processing /opt/airflow/dags/fruad_detection_training_dag.py took 8.753 seconds
[2025-11-04T01:16:11.925+0000] {processor.py:186} INFO - Started process (PID=101) to work on /opt/airflow/dags/fruad_detection_training_dag.py
[2025-11-04T01:16:11.929+0000] {processor.py:914} INFO - Processing file /opt/airflow/dags/fruad_detection_training_dag.py for tasks to queue
[2025-11-04T01:16:11.939+0000] {logging_mixin.py:190} INFO - [2025-11-04T01:16:11.938+0000] {dagbag.py:588} INFO - Filling up the DagBag from /opt/airflow/dags/fruad_detection_training_dag.py
[2025-11-04T01:16:11.969+0000] {processor.py:925} INFO - DAG(s) 'fraud_detection_training' retrieved from /opt/airflow/dags/fruad_detection_training_dag.py
[2025-11-04T01:16:16.227+0000] {logging_mixin.py:190} INFO - [2025-11-04T01:16:16.226+0000] {dag.py:3239} INFO - Sync 1 DAGs
[2025-11-04T01:16:16.975+0000] {logging_mixin.py:190} INFO - [2025-11-04T01:16:16.975+0000] {dag.py:4180} INFO - Setting next_dagrun for fraud_detection_training to 2025-11-02 03:00:00+00:00, run_after=2025-11-03 03:00:00+00:00
[2025-11-04T01:16:20.220+0000] {processor.py:208} INFO - Processing /opt/airflow/dags/fruad_detection_training_dag.py took 8.308 seconds
[2025-11-04T01:16:53.283+0000] {processor.py:186} INFO - Started process (PID=108) to work on /opt/airflow/dags/fruad_detection_training_dag.py
[2025-11-04T01:16:53.284+0000] {processor.py:914} INFO - Processing file /opt/airflow/dags/fruad_detection_training_dag.py for tasks to queue
[2025-11-04T01:16:53.287+0000] {logging_mixin.py:190} INFO - [2025-11-04T01:16:53.286+0000] {dagbag.py:588} INFO - Filling up the DagBag from /opt/airflow/dags/fruad_detection_training_dag.py
[2025-11-04T01:16:53.301+0000] {processor.py:925} INFO - DAG(s) 'fraud_detection_training' retrieved from /opt/airflow/dags/fruad_detection_training_dag.py
[2025-11-04T01:16:57.400+0000] {logging_mixin.py:190} INFO - [2025-11-04T01:16:57.399+0000] {dag.py:3239} INFO - Sync 1 DAGs
[2025-11-04T01:16:58.104+0000] {logging_mixin.py:190} INFO - [2025-11-04T01:16:58.104+0000] {dag.py:4180} INFO - Setting next_dagrun for fraud_detection_training to 2025-11-02 03:00:00+00:00, run_after=2025-11-03 03:00:00+00:00
[2025-11-04T01:17:01.261+0000] {processor.py:208} INFO - Processing /opt/airflow/dags/fruad_detection_training_dag.py took 7.985 seconds
[2025-11-04T01:17:34.963+0000] {processor.py:186} INFO - Started process (PID=115) to work on /opt/airflow/dags/fruad_detection_training_dag.py
[2025-11-04T01:17:34.967+0000] {processor.py:914} INFO - Processing file /opt/airflow/dags/fruad_detection_training_dag.py for tasks to queue
[2025-11-04T01:17:34.973+0000] {logging_mixin.py:190} INFO - [2025-11-04T01:17:34.972+0000] {dagbag.py:588} INFO - Filling up the DagBag from /opt/airflow/dags/fruad_detection_training_dag.py
[2025-11-04T01:17:34.995+0000] {processor.py:925} INFO - DAG(s) 'fraud_detection_training' retrieved from /opt/airflow/dags/fruad_detection_training_dag.py
[2025-11-04T01:17:39.325+0000] {logging_mixin.py:190} INFO - [2025-11-04T01:17:39.325+0000] {dag.py:3239} INFO - Sync 1 DAGs
[2025-11-04T01:17:40.030+0000] {logging_mixin.py:190} INFO - [2025-11-04T01:17:40.030+0000] {dag.py:4180} INFO - Setting next_dagrun for fraud_detection_training to 2025-11-02 03:00:00+00:00, run_after=2025-11-03 03:00:00+00:00
[2025-11-04T01:17:43.221+0000] {processor.py:208} INFO - Processing /opt/airflow/dags/fruad_detection_training_dag.py took 8.269 seconds
[2025-11-04T01:18:15.618+0000] {processor.py:186} INFO - Started process (PID=128) to work on /opt/airflow/dags/fruad_detection_training_dag.py
[2025-11-04T01:18:15.619+0000] {processor.py:914} INFO - Processing file /opt/airflow/dags/fruad_detection_training_dag.py for tasks to queue
[2025-11-04T01:18:15.621+0000] {logging_mixin.py:190} INFO - [2025-11-04T01:18:15.621+0000] {dagbag.py:588} INFO - Filling up the DagBag from /opt/airflow/dags/fruad_detection_training_dag.py
[2025-11-04T01:18:15.644+0000] {processor.py:925} INFO - DAG(s) 'fraud_detection_training' retrieved from /opt/airflow/dags/fruad_detection_training_dag.py
[2025-11-04T01:18:19.818+0000] {logging_mixin.py:190} INFO - [2025-11-04T01:18:19.817+0000] {dag.py:3239} INFO - Sync 1 DAGs
[2025-11-04T01:18:20.536+0000] {logging_mixin.py:190} INFO - [2025-11-04T01:18:20.536+0000] {dag.py:4180} INFO - Setting next_dagrun for fraud_detection_training to 2025-11-02 03:00:00+00:00, run_after=2025-11-03 03:00:00+00:00
[2025-11-04T01:18:23.772+0000] {processor.py:208} INFO - Processing /opt/airflow/dags/fruad_detection_training_dag.py took 8.163 seconds
[2025-11-04T01:18:58.090+0000] {processor.py:186} INFO - Started process (PID=135) to work on /opt/airflow/dags/fruad_detection_training_dag.py
[2025-11-04T01:18:58.092+0000] {processor.py:914} INFO - Processing file /opt/airflow/dags/fruad_detection_training_dag.py for tasks to queue
[2025-11-04T01:18:58.098+0000] {logging_mixin.py:190} INFO - [2025-11-04T01:18:58.098+0000] {dagbag.py:588} INFO - Filling up the DagBag from /opt/airflow/dags/fruad_detection_training_dag.py
[2025-11-04T01:18:58.127+0000] {processor.py:925} INFO - DAG(s) 'fraud_detection_training' retrieved from /opt/airflow/dags/fruad_detection_training_dag.py
[2025-11-04T01:19:03.111+0000] {logging_mixin.py:190} INFO - [2025-11-04T01:19:03.111+0000] {dag.py:3239} INFO - Sync 1 DAGs
[2025-11-04T01:19:03.801+0000] {logging_mixin.py:190} INFO - [2025-11-04T01:19:03.800+0000] {dag.py:4180} INFO - Setting next_dagrun for fraud_detection_training to 2025-11-02 03:00:00+00:00, run_after=2025-11-03 03:00:00+00:00
[2025-11-04T01:19:06.943+0000] {processor.py:208} INFO - Processing /opt/airflow/dags/fruad_detection_training_dag.py took 8.860 seconds
[2025-11-04T01:25:48.768+0000] {processor.py:186} INFO - Started process (PID=70) to work on /opt/airflow/dags/fruad_detection_training_dag.py
[2025-11-04T01:25:48.771+0000] {processor.py:914} INFO - Processing file /opt/airflow/dags/fruad_detection_training_dag.py for tasks to queue
[2025-11-04T01:25:48.773+0000] {logging_mixin.py:190} INFO - [2025-11-04T01:25:48.773+0000] {dagbag.py:588} INFO - Filling up the DagBag from /opt/airflow/dags/fruad_detection_training_dag.py
[2025-11-04T01:25:48.792+0000] {processor.py:925} INFO - DAG(s) 'fraud_detection_training' retrieved from /opt/airflow/dags/fruad_detection_training_dag.py
[2025-11-04T01:25:52.909+0000] {logging_mixin.py:190} INFO - [2025-11-04T01:25:52.908+0000] {dag.py:3239} INFO - Sync 1 DAGs
[2025-11-04T01:25:53.615+0000] {logging_mixin.py:190} INFO - [2025-11-04T01:25:53.615+0000] {dag.py:4180} INFO - Setting next_dagrun for fraud_detection_training to 2025-11-02 03:00:00+00:00, run_after=2025-11-03 03:00:00+00:00
[2025-11-04T01:38:21.159+0000] {processor.py:186} INFO - Started process (PID=63) to work on /opt/airflow/dags/fruad_detection_training_dag.py
[2025-11-04T01:38:21.160+0000] {processor.py:914} INFO - Processing file /opt/airflow/dags/fruad_detection_training_dag.py for tasks to queue
[2025-11-04T01:38:21.169+0000] {logging_mixin.py:190} INFO - [2025-11-04T01:38:21.168+0000] {dagbag.py:588} INFO - Filling up the DagBag from /opt/airflow/dags/fruad_detection_training_dag.py
[2025-11-04T01:38:21.180+0000] {processor.py:925} INFO - DAG(s) 'fraud_detection_training' retrieved from /opt/airflow/dags/fruad_detection_training_dag.py
[2025-11-04T01:38:25.266+0000] {logging_mixin.py:190} INFO - [2025-11-04T01:38:25.266+0000] {dag.py:3239} INFO - Sync 1 DAGs
[2025-11-04T01:38:25.958+0000] {logging_mixin.py:190} INFO - [2025-11-04T01:38:25.958+0000] {dag.py:4180} INFO - Setting next_dagrun for fraud_detection_training to 2025-11-02 03:00:00+00:00, run_after=2025-11-03 03:00:00+00:00
[2025-11-04T01:38:29.125+0000] {processor.py:208} INFO - Processing /opt/airflow/dags/fruad_detection_training_dag.py took 7.971 seconds
[2025-11-04T01:39:02.029+0000] {processor.py:186} INFO - Started process (PID=70) to work on /opt/airflow/dags/fruad_detection_training_dag.py
[2025-11-04T01:39:02.030+0000] {processor.py:914} INFO - Processing file /opt/airflow/dags/fruad_detection_training_dag.py for tasks to queue
[2025-11-04T01:39:02.035+0000] {logging_mixin.py:190} INFO - [2025-11-04T01:39:02.034+0000] {dagbag.py:588} INFO - Filling up the DagBag from /opt/airflow/dags/fruad_detection_training_dag.py
[2025-11-04T01:39:02.048+0000] {processor.py:925} INFO - DAG(s) 'fraud_detection_training' retrieved from /opt/airflow/dags/fruad_detection_training_dag.py
[2025-11-04T01:39:06.190+0000] {logging_mixin.py:190} INFO - [2025-11-04T01:39:06.190+0000] {dag.py:3239} INFO - Sync 1 DAGs
[2025-11-04T01:39:06.910+0000] {logging_mixin.py:190} INFO - [2025-11-04T01:39:06.909+0000] {dag.py:4180} INFO - Setting next_dagrun for fraud_detection_training to 2025-11-02 03:00:00+00:00, run_after=2025-11-03 03:00:00+00:00
[2025-11-04T01:39:10.082+0000] {processor.py:208} INFO - Processing /opt/airflow/dags/fruad_detection_training_dag.py took 8.064 seconds
[2025-11-04T01:39:43.120+0000] {processor.py:186} INFO - Started process (PID=77) to work on /opt/airflow/dags/fruad_detection_training_dag.py
[2025-11-04T01:39:43.122+0000] {processor.py:914} INFO - Processing file /opt/airflow/dags/fruad_detection_training_dag.py for tasks to queue
[2025-11-04T01:39:43.124+0000] {logging_mixin.py:190} INFO - [2025-11-04T01:39:43.124+0000] {dagbag.py:588} INFO - Filling up the DagBag from /opt/airflow/dags/fruad_detection_training_dag.py
[2025-11-04T01:39:43.148+0000] {processor.py:925} INFO - DAG(s) 'fraud_detection_training' retrieved from /opt/airflow/dags/fruad_detection_training_dag.py
[2025-11-04T01:39:47.272+0000] {logging_mixin.py:190} INFO - [2025-11-04T01:39:47.271+0000] {dag.py:3239} INFO - Sync 1 DAGs
[2025-11-04T01:39:48.020+0000] {logging_mixin.py:190} INFO - [2025-11-04T01:39:48.019+0000] {dag.py:4180} INFO - Setting next_dagrun for fraud_detection_training to 2025-11-02 03:00:00+00:00, run_after=2025-11-03 03:00:00+00:00
[2025-11-04T01:39:51.196+0000] {processor.py:208} INFO - Processing /opt/airflow/dags/fruad_detection_training_dag.py took 8.088 seconds
[2025-11-04T01:40:23.145+0000] {processor.py:186} INFO - Started process (PID=90) to work on /opt/airflow/dags/fruad_detection_training_dag.py
[2025-11-04T01:40:23.146+0000] {processor.py:914} INFO - Processing file /opt/airflow/dags/fruad_detection_training_dag.py for tasks to queue
[2025-11-04T01:40:23.149+0000] {logging_mixin.py:190} INFO - [2025-11-04T01:40:23.149+0000] {dagbag.py:588} INFO - Filling up the DagBag from /opt/airflow/dags/fruad_detection_training_dag.py
[2025-11-04T01:40:23.163+0000] {processor.py:925} INFO - DAG(s) 'fraud_detection_training' retrieved from /opt/airflow/dags/fruad_detection_training_dag.py
[2025-11-04T01:40:27.247+0000] {logging_mixin.py:190} INFO - [2025-11-04T01:40:27.246+0000] {dag.py:3239} INFO - Sync 1 DAGs
[2025-11-04T01:40:27.940+0000] {logging_mixin.py:190} INFO - [2025-11-04T01:40:27.939+0000] {dag.py:4180} INFO - Setting next_dagrun for fraud_detection_training to 2025-11-02 03:00:00+00:00, run_after=2025-11-03 03:00:00+00:00
[2025-11-04T01:40:31.100+0000] {processor.py:208} INFO - Processing /opt/airflow/dags/fruad_detection_training_dag.py took 7.961 seconds
[2025-11-04T01:41:02.210+0000] {processor.py:186} INFO - Started process (PID=97) to work on /opt/airflow/dags/fruad_detection_training_dag.py
[2025-11-04T01:41:02.210+0000] {processor.py:914} INFO - Processing file /opt/airflow/dags/fruad_detection_training_dag.py for tasks to queue
[2025-11-04T01:41:02.213+0000] {logging_mixin.py:190} INFO - [2025-11-04T01:41:02.212+0000] {dagbag.py:588} INFO - Filling up the DagBag from /opt/airflow/dags/fruad_detection_training_dag.py
[2025-11-04T01:41:02.224+0000] {processor.py:925} INFO - DAG(s) 'fraud_detection_training' retrieved from /opt/airflow/dags/fruad_detection_training_dag.py
[2025-11-04T01:41:06.320+0000] {logging_mixin.py:190} INFO - [2025-11-04T01:41:06.320+0000] {dag.py:3239} INFO - Sync 1 DAGs
[2025-11-04T01:41:07.018+0000] {logging_mixin.py:190} INFO - [2025-11-04T01:41:07.018+0000] {dag.py:4180} INFO - Setting next_dagrun for fraud_detection_training to 2025-11-02 03:00:00+00:00, run_after=2025-11-03 03:00:00+00:00
[2025-11-04T01:41:10.195+0000] {processor.py:208} INFO - Processing /opt/airflow/dags/fruad_detection_training_dag.py took 7.991 seconds
[2025-11-04T01:41:42.913+0000] {processor.py:186} INFO - Started process (PID=104) to work on /opt/airflow/dags/fruad_detection_training_dag.py
[2025-11-04T01:41:42.914+0000] {processor.py:914} INFO - Processing file /opt/airflow/dags/fruad_detection_training_dag.py for tasks to queue
[2025-11-04T01:41:42.917+0000] {logging_mixin.py:190} INFO - [2025-11-04T01:41:42.917+0000] {dagbag.py:588} INFO - Filling up the DagBag from /opt/airflow/dags/fruad_detection_training_dag.py
[2025-11-04T01:41:42.932+0000] {processor.py:925} INFO - DAG(s) 'fraud_detection_training' retrieved from /opt/airflow/dags/fruad_detection_training_dag.py
[2025-11-04T01:41:47.045+0000] {logging_mixin.py:190} INFO - [2025-11-04T01:41:47.045+0000] {dag.py:3239} INFO - Sync 1 DAGs
[2025-11-04T01:41:47.737+0000] {logging_mixin.py:190} INFO - [2025-11-04T01:41:47.737+0000] {dag.py:4180} INFO - Setting next_dagrun for fraud_detection_training to 2025-11-02 03:00:00+00:00, run_after=2025-11-03 03:00:00+00:00
[2025-11-04T01:41:50.912+0000] {processor.py:208} INFO - Processing /opt/airflow/dags/fruad_detection_training_dag.py took 8.004 seconds
[2025-11-04T06:38:55.776+0000] {processor.py:186} INFO - Started process (PID=330) to work on /opt/airflow/dags/fruad_detection_training_dag.py
[2025-11-04T06:38:55.778+0000] {processor.py:914} INFO - Processing file /opt/airflow/dags/fruad_detection_training_dag.py for tasks to queue
[2025-11-04T06:38:55.781+0000] {logging_mixin.py:190} INFO - [2025-11-04T06:38:55.780+0000] {dagbag.py:588} INFO - Filling up the DagBag from /opt/airflow/dags/fruad_detection_training_dag.py
[2025-11-04T06:38:55.796+0000] {processor.py:925} INFO - DAG(s) 'fraud_detection_training' retrieved from /opt/airflow/dags/fruad_detection_training_dag.py
[2025-11-04T06:38:59.994+0000] {logging_mixin.py:190} INFO - [2025-11-04T06:38:59.993+0000] {dag.py:3239} INFO - Sync 1 DAGs
[2025-11-04T06:39:00.726+0000] {logging_mixin.py:190} INFO - [2025-11-04T06:39:00.726+0000] {dag.py:4180} INFO - Setting next_dagrun for fraud_detection_training to 2025-11-03 03:00:00+00:00, run_after=2025-11-04 03:00:00+00:00
[2025-11-04T06:39:04.022+0000] {processor.py:208} INFO - Processing /opt/airflow/dags/fruad_detection_training_dag.py took 8.252 seconds
[2025-11-04T06:39:35.642+0000] {processor.py:186} INFO - Started process (PID=348) to work on /opt/airflow/dags/fruad_detection_training_dag.py
[2025-11-04T06:39:35.643+0000] {processor.py:914} INFO - Processing file /opt/airflow/dags/fruad_detection_training_dag.py for tasks to queue
[2025-11-04T06:39:35.647+0000] {logging_mixin.py:190} INFO - [2025-11-04T06:39:35.647+0000] {dagbag.py:588} INFO - Filling up the DagBag from /opt/airflow/dags/fruad_detection_training_dag.py
[2025-11-04T06:39:35.675+0000] {processor.py:925} INFO - DAG(s) 'fraud_detection_training' retrieved from /opt/airflow/dags/fruad_detection_training_dag.py
[2025-11-04T06:39:39.814+0000] {logging_mixin.py:190} INFO - [2025-11-04T06:39:39.813+0000] {dag.py:3239} INFO - Sync 1 DAGs
[2025-11-04T06:39:40.555+0000] {logging_mixin.py:190} INFO - [2025-11-04T06:39:40.554+0000] {dag.py:4180} INFO - Setting next_dagrun for fraud_detection_training to 2025-11-03 03:00:00+00:00, run_after=2025-11-04 03:00:00+00:00
[2025-11-04T06:39:43.765+0000] {processor.py:208} INFO - Processing /opt/airflow/dags/fruad_detection_training_dag.py took 8.131 seconds
[2025-11-04T06:40:17.225+0000] {processor.py:186} INFO - Started process (PID=359) to work on /opt/airflow/dags/fruad_detection_training_dag.py
[2025-11-04T06:40:17.226+0000] {processor.py:914} INFO - Processing file /opt/airflow/dags/fruad_detection_training_dag.py for tasks to queue
[2025-11-04T06:40:17.230+0000] {logging_mixin.py:190} INFO - [2025-11-04T06:40:17.229+0000] {dagbag.py:588} INFO - Filling up the DagBag from /opt/airflow/dags/fruad_detection_training_dag.py
[2025-11-04T06:40:17.253+0000] {processor.py:925} INFO - DAG(s) 'fraud_detection_training' retrieved from /opt/airflow/dags/fruad_detection_training_dag.py
[2025-11-04T06:40:21.549+0000] {logging_mixin.py:190} INFO - [2025-11-04T06:40:21.548+0000] {dag.py:3239} INFO - Sync 1 DAGs
[2025-11-04T06:40:22.569+0000] {logging_mixin.py:190} INFO - [2025-11-04T06:40:22.569+0000] {dag.py:4180} INFO - Setting next_dagrun for fraud_detection_training to 2025-11-03 03:00:00+00:00, run_after=2025-11-04 03:00:00+00:00
[2025-11-04T06:40:25.848+0000] {processor.py:208} INFO - Processing /opt/airflow/dags/fruad_detection_training_dag.py took 8.634 seconds
[2025-11-04T06:40:58.493+0000] {processor.py:186} INFO - Started process (PID=383) to work on /opt/airflow/dags/fruad_detection_training_dag.py
[2025-11-04T06:40:58.494+0000] {processor.py:914} INFO - Processing file /opt/airflow/dags/fruad_detection_training_dag.py for tasks to queue
[2025-11-04T06:40:58.502+0000] {logging_mixin.py:190} INFO - [2025-11-04T06:40:58.502+0000] {dagbag.py:588} INFO - Filling up the DagBag from /opt/airflow/dags/fruad_detection_training_dag.py
[2025-11-04T06:40:58.524+0000] {processor.py:925} INFO - DAG(s) 'fraud_detection_training' retrieved from /opt/airflow/dags/fruad_detection_training_dag.py
[2025-11-04T06:41:03.225+0000] {logging_mixin.py:190} INFO - [2025-11-04T06:41:03.224+0000] {dag.py:3239} INFO - Sync 1 DAGs
[2025-11-04T06:41:03.954+0000] {logging_mixin.py:190} INFO - [2025-11-04T06:41:03.953+0000] {dag.py:4180} INFO - Setting next_dagrun for fraud_detection_training to 2025-11-03 03:00:00+00:00, run_after=2025-11-04 03:00:00+00:00
[2025-11-04T06:41:07.181+0000] {processor.py:208} INFO - Processing /opt/airflow/dags/fruad_detection_training_dag.py took 8.695 seconds
[2025-11-04T06:41:40.050+0000] {processor.py:186} INFO - Started process (PID=400) to work on /opt/airflow/dags/fruad_detection_training_dag.py
[2025-11-04T06:41:40.050+0000] {processor.py:914} INFO - Processing file /opt/airflow/dags/fruad_detection_training_dag.py for tasks to queue
[2025-11-04T06:41:40.052+0000] {logging_mixin.py:190} INFO - [2025-11-04T06:41:40.052+0000] {dagbag.py:588} INFO - Filling up the DagBag from /opt/airflow/dags/fruad_detection_training_dag.py
[2025-11-04T06:41:40.062+0000] {processor.py:925} INFO - DAG(s) 'fraud_detection_training' retrieved from /opt/airflow/dags/fruad_detection_training_dag.py
[2025-11-04T06:41:44.175+0000] {logging_mixin.py:190} INFO - [2025-11-04T06:41:44.174+0000] {dag.py:3239} INFO - Sync 1 DAGs
[2025-11-04T06:41:44.903+0000] {logging_mixin.py:190} INFO - [2025-11-04T06:41:44.902+0000] {dag.py:4180} INFO - Setting next_dagrun for fraud_detection_training to 2025-11-03 03:00:00+00:00, run_after=2025-11-04 03:00:00+00:00
[2025-11-04T06:41:48.162+0000] {processor.py:208} INFO - Processing /opt/airflow/dags/fruad_detection_training_dag.py took 8.118 seconds
[2025-11-04T06:42:21.690+0000] {processor.py:186} INFO - Started process (PID=411) to work on /opt/airflow/dags/fruad_detection_training_dag.py
[2025-11-04T06:42:21.691+0000] {processor.py:914} INFO - Processing file /opt/airflow/dags/fruad_detection_training_dag.py for tasks to queue
[2025-11-04T06:42:21.695+0000] {logging_mixin.py:190} INFO - [2025-11-04T06:42:21.694+0000] {dagbag.py:588} INFO - Filling up the DagBag from /opt/airflow/dags/fruad_detection_training_dag.py
[2025-11-04T06:42:21.720+0000] {processor.py:925} INFO - DAG(s) 'fraud_detection_training' retrieved from /opt/airflow/dags/fruad_detection_training_dag.py
[2025-11-04T06:42:25.894+0000] {logging_mixin.py:190} INFO - [2025-11-04T06:42:25.893+0000] {dag.py:3239} INFO - Sync 1 DAGs
[2025-11-04T06:42:26.609+0000] {logging_mixin.py:190} INFO - [2025-11-04T06:42:26.608+0000] {dag.py:4180} INFO - Setting next_dagrun for fraud_detection_training to 2025-11-03 03:00:00+00:00, run_after=2025-11-04 03:00:00+00:00
[2025-11-04T06:42:29.791+0000] {processor.py:208} INFO - Processing /opt/airflow/dags/fruad_detection_training_dag.py took 8.110 seconds
[2025-11-04T06:43:02.742+0000] {processor.py:186} INFO - Started process (PID=433) to work on /opt/airflow/dags/fruad_detection_training_dag.py
[2025-11-04T06:43:02.746+0000] {processor.py:914} INFO - Processing file /opt/airflow/dags/fruad_detection_training_dag.py for tasks to queue
[2025-11-04T06:43:02.758+0000] {logging_mixin.py:190} INFO - [2025-11-04T06:43:02.755+0000] {dagbag.py:588} INFO - Filling up the DagBag from /opt/airflow/dags/fruad_detection_training_dag.py
[2025-11-04T06:43:02.813+0000] {processor.py:925} INFO - DAG(s) 'fraud_detection_training' retrieved from /opt/airflow/dags/fruad_detection_training_dag.py
[2025-11-04T06:43:06.996+0000] {logging_mixin.py:190} INFO - [2025-11-04T06:43:06.994+0000] {dag.py:3239} INFO - Sync 1 DAGs
[2025-11-04T06:43:07.709+0000] {logging_mixin.py:190} INFO - [2025-11-04T06:43:07.709+0000] {dag.py:4180} INFO - Setting next_dagrun for fraud_detection_training to 2025-11-03 03:00:00+00:00, run_after=2025-11-04 03:00:00+00:00
[2025-11-04T06:43:11.094+0000] {processor.py:208} INFO - Processing /opt/airflow/dags/fruad_detection_training_dag.py took 8.390 seconds
[2025-11-04T06:43:45.043+0000] {processor.py:186} INFO - Started process (PID=444) to work on /opt/airflow/dags/fruad_detection_training_dag.py
[2025-11-04T06:43:45.045+0000] {processor.py:914} INFO - Processing file /opt/airflow/dags/fruad_detection_training_dag.py for tasks to queue
[2025-11-04T06:43:45.052+0000] {logging_mixin.py:190} INFO - [2025-11-04T06:43:45.052+0000] {dagbag.py:588} INFO - Filling up the DagBag from /opt/airflow/dags/fruad_detection_training_dag.py
[2025-11-04T06:43:45.100+0000] {processor.py:925} INFO - DAG(s) 'fraud_detection_training' retrieved from /opt/airflow/dags/fruad_detection_training_dag.py
[2025-11-04T06:43:50.068+0000] {logging_mixin.py:190} INFO - [2025-11-04T06:43:50.067+0000] {dag.py:3239} INFO - Sync 1 DAGs
[2025-11-04T06:43:50.815+0000] {logging_mixin.py:190} INFO - [2025-11-04T06:43:50.814+0000] {dag.py:4180} INFO - Setting next_dagrun for fraud_detection_training to 2025-11-03 03:00:00+00:00, run_after=2025-11-04 03:00:00+00:00
[2025-11-04T06:43:54.160+0000] {processor.py:208} INFO - Processing /opt/airflow/dags/fruad_detection_training_dag.py took 9.133 seconds
[2025-11-04T08:55:47.994+0000] {processor.py:186} INFO - Started process (PID=197) to work on /opt/airflow/dags/fruad_detection_training_dag.py
[2025-11-04T08:55:47.998+0000] {processor.py:914} INFO - Processing file /opt/airflow/dags/fruad_detection_training_dag.py for tasks to queue
[2025-11-04T08:55:48.002+0000] {logging_mixin.py:190} INFO - [2025-11-04T08:55:48.002+0000] {dagbag.py:588} INFO - Filling up the DagBag from /opt/airflow/dags/fruad_detection_training_dag.py
[2025-11-04T08:55:48.136+0000] {processor.py:925} INFO - DAG(s) 'fraud_detection_training' retrieved from /opt/airflow/dags/fruad_detection_training_dag.py
[2025-11-04T08:55:48.776+0000] {logging_mixin.py:190} INFO - [2025-11-04T08:55:48.775+0000] {override.py:1912} INFO - Created Permission View: can delete on DAG:fraud_detection_training
[2025-11-04T08:55:48.791+0000] {logging_mixin.py:190} INFO - [2025-11-04T08:55:48.791+0000] {override.py:1912} INFO - Created Permission View: can read on DAG:fraud_detection_training
[2025-11-04T08:55:48.800+0000] {logging_mixin.py:190} INFO - [2025-11-04T08:55:48.800+0000] {override.py:1912} INFO - Created Permission View: can edit on DAG:fraud_detection_training
[2025-11-04T08:55:48.809+0000] {logging_mixin.py:190} INFO - [2025-11-04T08:55:48.809+0000] {override.py:1912} INFO - Created Permission View: can create on DAG Run:fraud_detection_training
[2025-11-04T08:55:48.816+0000] {logging_mixin.py:190} INFO - [2025-11-04T08:55:48.815+0000] {override.py:1912} INFO - Created Permission View: menu access on DAG Run:fraud_detection_training
[2025-11-04T08:55:48.826+0000] {logging_mixin.py:190} INFO - [2025-11-04T08:55:48.826+0000] {override.py:1912} INFO - Created Permission View: can read on DAG Run:fraud_detection_training
[2025-11-04T08:55:48.836+0000] {logging_mixin.py:190} INFO - [2025-11-04T08:55:48.836+0000] {override.py:1912} INFO - Created Permission View: can delete on DAG Run:fraud_detection_training
[2025-11-04T08:55:48.837+0000] {logging_mixin.py:190} INFO - [2025-11-04T08:55:48.837+0000] {dag.py:3239} INFO - Sync 1 DAGs
[2025-11-04T08:55:48.857+0000] {logging_mixin.py:190} INFO - [2025-11-04T08:55:48.856+0000] {dag.py:3262} INFO - Creating ORM DAG for fraud_detection_training
[2025-11-04T08:55:48.865+0000] {logging_mixin.py:190} INFO - [2025-11-04T08:55:48.865+0000] {dag.py:4180} INFO - Setting next_dagrun for fraud_detection_training to 2025-11-03 03:00:00+00:00, run_after=2025-11-04 03:00:00+00:00
[2025-11-04T08:55:48.904+0000] {processor.py:208} INFO - Processing /opt/airflow/dags/fruad_detection_training_dag.py took 0.925 seconds
[2025-11-04T08:56:19.098+0000] {processor.py:186} INFO - Started process (PID=208) to work on /opt/airflow/dags/fruad_detection_training_dag.py
[2025-11-04T08:56:19.101+0000] {processor.py:914} INFO - Processing file /opt/airflow/dags/fruad_detection_training_dag.py for tasks to queue
[2025-11-04T08:56:19.110+0000] {logging_mixin.py:190} INFO - [2025-11-04T08:56:19.110+0000] {dagbag.py:588} INFO - Filling up the DagBag from /opt/airflow/dags/fruad_detection_training_dag.py
[2025-11-04T08:56:19.217+0000] {processor.py:925} INFO - DAG(s) 'fraud_detection_training' retrieved from /opt/airflow/dags/fruad_detection_training_dag.py
[2025-11-04T08:56:19.410+0000] {logging_mixin.py:190} INFO - [2025-11-04T08:56:19.410+0000] {dag.py:3239} INFO - Sync 1 DAGs
[2025-11-04T08:56:19.514+0000] {logging_mixin.py:190} INFO - [2025-11-04T08:56:19.514+0000] {dag.py:4180} INFO - Setting next_dagrun for fraud_detection_training to 2025-11-03 03:00:00+00:00, run_after=2025-11-04 03:00:00+00:00
[2025-11-04T08:56:19.610+0000] {processor.py:208} INFO - Processing /opt/airflow/dags/fruad_detection_training_dag.py took 0.532 seconds
[2025-11-04T08:56:50.282+0000] {processor.py:186} INFO - Started process (PID=219) to work on /opt/airflow/dags/fruad_detection_training_dag.py
[2025-11-04T08:56:50.287+0000] {processor.py:914} INFO - Processing file /opt/airflow/dags/fruad_detection_training_dag.py for tasks to queue
[2025-11-04T08:56:50.294+0000] {logging_mixin.py:190} INFO - [2025-11-04T08:56:50.292+0000] {dagbag.py:588} INFO - Filling up the DagBag from /opt/airflow/dags/fruad_detection_training_dag.py
[2025-11-04T08:56:50.408+0000] {processor.py:925} INFO - DAG(s) 'fraud_detection_training' retrieved from /opt/airflow/dags/fruad_detection_training_dag.py
[2025-11-04T08:56:50.572+0000] {logging_mixin.py:190} INFO - [2025-11-04T08:56:50.572+0000] {dag.py:3239} INFO - Sync 1 DAGs
[2025-11-04T08:56:50.650+0000] {logging_mixin.py:190} INFO - [2025-11-04T08:56:50.650+0000] {dag.py:4180} INFO - Setting next_dagrun for fraud_detection_training to 2025-11-03 03:00:00+00:00, run_after=2025-11-04 03:00:00+00:00
[2025-11-04T08:56:51.474+0000] {processor.py:208} INFO - Processing /opt/airflow/dags/fruad_detection_training_dag.py took 1.274 seconds
[2025-11-04T08:57:22.359+0000] {processor.py:186} INFO - Started process (PID=230) to work on /opt/airflow/dags/fruad_detection_training_dag.py
[2025-11-04T08:57:22.363+0000] {processor.py:914} INFO - Processing file /opt/airflow/dags/fruad_detection_training_dag.py for tasks to queue
[2025-11-04T08:57:22.368+0000] {logging_mixin.py:190} INFO - [2025-11-04T08:57:22.367+0000] {dagbag.py:588} INFO - Filling up the DagBag from /opt/airflow/dags/fruad_detection_training_dag.py
[2025-11-04T08:57:22.389+0000] {processor.py:925} INFO - DAG(s) 'fraud_detection_training' retrieved from /opt/airflow/dags/fruad_detection_training_dag.py
[2025-11-04T08:57:22.463+0000] {logging_mixin.py:190} INFO - [2025-11-04T08:57:22.463+0000] {dag.py:3239} INFO - Sync 1 DAGs
[2025-11-04T08:57:22.505+0000] {logging_mixin.py:190} INFO - [2025-11-04T08:57:22.505+0000] {dag.py:4180} INFO - Setting next_dagrun for fraud_detection_training to 2025-11-03 03:00:00+00:00, run_after=2025-11-04 03:00:00+00:00
[2025-11-04T08:57:22.533+0000] {processor.py:208} INFO - Processing /opt/airflow/dags/fruad_detection_training_dag.py took 0.199 seconds
[2025-11-04T08:57:52.948+0000] {processor.py:186} INFO - Started process (PID=240) to work on /opt/airflow/dags/fruad_detection_training_dag.py
[2025-11-04T08:57:52.950+0000] {processor.py:914} INFO - Processing file /opt/airflow/dags/fruad_detection_training_dag.py for tasks to queue
[2025-11-04T08:57:52.958+0000] {logging_mixin.py:190} INFO - [2025-11-04T08:57:52.957+0000] {dagbag.py:588} INFO - Filling up the DagBag from /opt/airflow/dags/fruad_detection_training_dag.py
[2025-11-04T08:57:52.994+0000] {processor.py:925} INFO - DAG(s) 'fraud_detection_training' retrieved from /opt/airflow/dags/fruad_detection_training_dag.py
[2025-11-04T08:57:53.127+0000] {logging_mixin.py:190} INFO - [2025-11-04T08:57:53.127+0000] {dag.py:3239} INFO - Sync 1 DAGs
[2025-11-04T08:57:53.167+0000] {logging_mixin.py:190} INFO - [2025-11-04T08:57:53.167+0000] {dag.py:4180} INFO - Setting next_dagrun for fraud_detection_training to 2025-11-03 03:00:00+00:00, run_after=2025-11-04 03:00:00+00:00
[2025-11-04T08:57:53.948+0000] {processor.py:208} INFO - Processing /opt/airflow/dags/fruad_detection_training_dag.py took 1.018 seconds
[2025-11-04T08:58:24.685+0000] {processor.py:186} INFO - Started process (PID=250) to work on /opt/airflow/dags/fruad_detection_training_dag.py
[2025-11-04T08:58:24.689+0000] {processor.py:914} INFO - Processing file /opt/airflow/dags/fruad_detection_training_dag.py for tasks to queue
[2025-11-04T08:58:24.693+0000] {logging_mixin.py:190} INFO - [2025-11-04T08:58:24.693+0000] {dagbag.py:588} INFO - Filling up the DagBag from /opt/airflow/dags/fruad_detection_training_dag.py
[2025-11-04T08:58:24.723+0000] {processor.py:925} INFO - DAG(s) 'fraud_detection_training' retrieved from /opt/airflow/dags/fruad_detection_training_dag.py
[2025-11-04T08:58:24.801+0000] {logging_mixin.py:190} INFO - [2025-11-04T08:58:24.801+0000] {dag.py:3239} INFO - Sync 1 DAGs
[2025-11-04T08:58:24.909+0000] {logging_mixin.py:190} INFO - [2025-11-04T08:58:24.909+0000] {dag.py:4180} INFO - Setting next_dagrun for fraud_detection_training to 2025-11-03 03:00:00+00:00, run_after=2025-11-04 03:00:00+00:00
[2025-11-04T08:58:25.042+0000] {processor.py:208} INFO - Processing /opt/airflow/dags/fruad_detection_training_dag.py took 0.366 seconds
[2025-11-04T08:58:56.396+0000] {processor.py:186} INFO - Started process (PID=261) to work on /opt/airflow/dags/fruad_detection_training_dag.py
[2025-11-04T08:58:56.401+0000] {processor.py:914} INFO - Processing file /opt/airflow/dags/fruad_detection_training_dag.py for tasks to queue
[2025-11-04T08:58:56.422+0000] {logging_mixin.py:190} INFO - [2025-11-04T08:58:56.416+0000] {dagbag.py:588} INFO - Filling up the DagBag from /opt/airflow/dags/fruad_detection_training_dag.py
[2025-11-04T08:58:56.566+0000] {processor.py:925} INFO - DAG(s) 'fraud_detection_training' retrieved from /opt/airflow/dags/fruad_detection_training_dag.py
[2025-11-04T08:58:56.807+0000] {logging_mixin.py:190} INFO - [2025-11-04T08:58:56.806+0000] {dag.py:3239} INFO - Sync 1 DAGs
[2025-11-04T08:58:56.937+0000] {logging_mixin.py:190} INFO - [2025-11-04T08:58:56.936+0000] {dag.py:4180} INFO - Setting next_dagrun for fraud_detection_training to 2025-11-03 03:00:00+00:00, run_after=2025-11-04 03:00:00+00:00
[2025-11-04T08:58:56.999+0000] {processor.py:208} INFO - Processing /opt/airflow/dags/fruad_detection_training_dag.py took 0.637 seconds
[2025-11-04T08:59:27.334+0000] {processor.py:186} INFO - Started process (PID=272) to work on /opt/airflow/dags/fruad_detection_training_dag.py
[2025-11-04T08:59:27.362+0000] {processor.py:914} INFO - Processing file /opt/airflow/dags/fruad_detection_training_dag.py for tasks to queue
[2025-11-04T08:59:27.391+0000] {logging_mixin.py:190} INFO - [2025-11-04T08:59:27.390+0000] {dagbag.py:588} INFO - Filling up the DagBag from /opt/airflow/dags/fruad_detection_training_dag.py
[2025-11-04T08:59:27.551+0000] {processor.py:925} INFO - DAG(s) 'fraud_detection_training' retrieved from /opt/airflow/dags/fruad_detection_training_dag.py
[2025-11-04T08:59:28.063+0000] {logging_mixin.py:190} INFO - [2025-11-04T08:59:28.062+0000] {dag.py:3239} INFO - Sync 1 DAGs
[2025-11-04T08:59:28.183+0000] {logging_mixin.py:190} INFO - [2025-11-04T08:59:28.182+0000] {dag.py:4180} INFO - Setting next_dagrun for fraud_detection_training to 2025-11-03 03:00:00+00:00, run_after=2025-11-04 03:00:00+00:00
[2025-11-04T08:59:28.362+0000] {processor.py:208} INFO - Processing /opt/airflow/dags/fruad_detection_training_dag.py took 1.096 seconds
[2025-11-04T08:59:59.708+0000] {processor.py:186} INFO - Started process (PID=283) to work on /opt/airflow/dags/fruad_detection_training_dag.py
[2025-11-04T08:59:59.712+0000] {processor.py:914} INFO - Processing file /opt/airflow/dags/fruad_detection_training_dag.py for tasks to queue
[2025-11-04T08:59:59.730+0000] {logging_mixin.py:190} INFO - [2025-11-04T08:59:59.727+0000] {dagbag.py:588} INFO - Filling up the DagBag from /opt/airflow/dags/fruad_detection_training_dag.py
[2025-11-04T08:59:59.835+0000] {processor.py:925} INFO - DAG(s) 'fraud_detection_training' retrieved from /opt/airflow/dags/fruad_detection_training_dag.py
[2025-11-04T09:00:00.299+0000] {logging_mixin.py:190} INFO - [2025-11-04T09:00:00.294+0000] {dag.py:3239} INFO - Sync 1 DAGs
[2025-11-04T09:00:00.465+0000] {logging_mixin.py:190} INFO - [2025-11-04T09:00:00.464+0000] {dag.py:4180} INFO - Setting next_dagrun for fraud_detection_training to 2025-11-03 03:00:00+00:00, run_after=2025-11-04 03:00:00+00:00
[2025-11-04T09:00:00.716+0000] {processor.py:208} INFO - Processing /opt/airflow/dags/fruad_detection_training_dag.py took 1.066 seconds
[2025-11-04T09:00:31.529+0000] {processor.py:186} INFO - Started process (PID=294) to work on /opt/airflow/dags/fruad_detection_training_dag.py
[2025-11-04T09:00:31.530+0000] {processor.py:914} INFO - Processing file /opt/airflow/dags/fruad_detection_training_dag.py for tasks to queue
[2025-11-04T09:00:31.533+0000] {logging_mixin.py:190} INFO - [2025-11-04T09:00:31.533+0000] {dagbag.py:588} INFO - Filling up the DagBag from /opt/airflow/dags/fruad_detection_training_dag.py
[2025-11-04T09:00:31.549+0000] {processor.py:925} INFO - DAG(s) 'fraud_detection_training' retrieved from /opt/airflow/dags/fruad_detection_training_dag.py
[2025-11-04T09:00:31.584+0000] {logging_mixin.py:190} INFO - [2025-11-04T09:00:31.584+0000] {dag.py:3239} INFO - Sync 1 DAGs
[2025-11-04T09:00:31.615+0000] {logging_mixin.py:190} INFO - [2025-11-04T09:00:31.615+0000] {dag.py:4180} INFO - Setting next_dagrun for fraud_detection_training to 2025-11-03 03:00:00+00:00, run_after=2025-11-04 03:00:00+00:00
[2025-11-04T09:00:33.272+0000] {processor.py:208} INFO - Processing /opt/airflow/dags/fruad_detection_training_dag.py took 1.750 seconds
[2025-11-04T09:01:03.819+0000] {processor.py:186} INFO - Started process (PID=305) to work on /opt/airflow/dags/fruad_detection_training_dag.py
[2025-11-04T09:01:03.827+0000] {processor.py:914} INFO - Processing file /opt/airflow/dags/fruad_detection_training_dag.py for tasks to queue
[2025-11-04T09:01:03.862+0000] {logging_mixin.py:190} INFO - [2025-11-04T09:01:03.861+0000] {dagbag.py:588} INFO - Filling up the DagBag from /opt/airflow/dags/fruad_detection_training_dag.py
[2025-11-04T09:01:03.963+0000] {processor.py:925} INFO - DAG(s) 'fraud_detection_training' retrieved from /opt/airflow/dags/fruad_detection_training_dag.py
[2025-11-04T09:01:04.200+0000] {logging_mixin.py:190} INFO - [2025-11-04T09:01:04.200+0000] {dag.py:3239} INFO - Sync 1 DAGs
[2025-11-04T09:01:04.284+0000] {logging_mixin.py:190} INFO - [2025-11-04T09:01:04.284+0000] {dag.py:4180} INFO - Setting next_dagrun for fraud_detection_training to 2025-11-03 03:00:00+00:00, run_after=2025-11-04 03:00:00+00:00
[2025-11-04T09:01:04.346+0000] {processor.py:208} INFO - Processing /opt/airflow/dags/fruad_detection_training_dag.py took 0.638 seconds
[2025-11-04T09:01:34.744+0000] {processor.py:186} INFO - Started process (PID=317) to work on /opt/airflow/dags/fruad_detection_training_dag.py
[2025-11-04T09:01:34.752+0000] {processor.py:914} INFO - Processing file /opt/airflow/dags/fruad_detection_training_dag.py for tasks to queue
[2025-11-04T09:01:34.773+0000] {logging_mixin.py:190} INFO - [2025-11-04T09:01:34.765+0000] {dagbag.py:588} INFO - Filling up the DagBag from /opt/airflow/dags/fruad_detection_training_dag.py
[2025-11-04T09:01:34.873+0000] {processor.py:925} INFO - DAG(s) 'fraud_detection_training' retrieved from /opt/airflow/dags/fruad_detection_training_dag.py
[2025-11-04T09:01:35.056+0000] {logging_mixin.py:190} INFO - [2025-11-04T09:01:35.056+0000] {dag.py:3239} INFO - Sync 1 DAGs
[2025-11-04T09:01:35.175+0000] {logging_mixin.py:190} INFO - [2025-11-04T09:01:35.175+0000] {dag.py:4180} INFO - Setting next_dagrun for fraud_detection_training to 2025-11-03 03:00:00+00:00, run_after=2025-11-04 03:00:00+00:00
[2025-11-04T09:01:35.237+0000] {processor.py:208} INFO - Processing /opt/airflow/dags/fruad_detection_training_dag.py took 0.559 seconds
[2025-11-04T09:02:05.365+0000] {processor.py:186} INFO - Started process (PID=328) to work on /opt/airflow/dags/fruad_detection_training_dag.py
[2025-11-04T09:02:05.369+0000] {processor.py:914} INFO - Processing file /opt/airflow/dags/fruad_detection_training_dag.py for tasks to queue
[2025-11-04T09:02:05.380+0000] {logging_mixin.py:190} INFO - [2025-11-04T09:02:05.380+0000] {dagbag.py:588} INFO - Filling up the DagBag from /opt/airflow/dags/fruad_detection_training_dag.py
[2025-11-04T09:02:05.431+0000] {processor.py:925} INFO - DAG(s) 'fraud_detection_training' retrieved from /opt/airflow/dags/fruad_detection_training_dag.py
[2025-11-04T09:02:05.606+0000] {logging_mixin.py:190} INFO - [2025-11-04T09:02:05.602+0000] {dag.py:3239} INFO - Sync 1 DAGs
[2025-11-04T09:02:05.671+0000] {logging_mixin.py:190} INFO - [2025-11-04T09:02:05.670+0000] {dag.py:4180} INFO - Setting next_dagrun for fraud_detection_training to 2025-11-03 03:00:00+00:00, run_after=2025-11-04 03:00:00+00:00
[2025-11-04T09:02:05.778+0000] {processor.py:208} INFO - Processing /opt/airflow/dags/fruad_detection_training_dag.py took 0.439 seconds
[2025-11-04T09:02:36.363+0000] {processor.py:186} INFO - Started process (PID=339) to work on /opt/airflow/dags/fruad_detection_training_dag.py
[2025-11-04T09:02:36.369+0000] {processor.py:914} INFO - Processing file /opt/airflow/dags/fruad_detection_training_dag.py for tasks to queue
[2025-11-04T09:02:36.389+0000] {logging_mixin.py:190} INFO - [2025-11-04T09:02:36.379+0000] {dagbag.py:588} INFO - Filling up the DagBag from /opt/airflow/dags/fruad_detection_training_dag.py
[2025-11-04T09:02:36.422+0000] {processor.py:925} INFO - DAG(s) 'fraud_detection_training' retrieved from /opt/airflow/dags/fruad_detection_training_dag.py
[2025-11-04T09:02:36.524+0000] {logging_mixin.py:190} INFO - [2025-11-04T09:02:36.523+0000] {dag.py:3239} INFO - Sync 1 DAGs
[2025-11-04T09:02:36.581+0000] {logging_mixin.py:190} INFO - [2025-11-04T09:02:36.580+0000] {dag.py:4180} INFO - Setting next_dagrun for fraud_detection_training to 2025-11-03 03:00:00+00:00, run_after=2025-11-04 03:00:00+00:00
[2025-11-04T09:02:36.612+0000] {processor.py:208} INFO - Processing /opt/airflow/dags/fruad_detection_training_dag.py took 0.322 seconds
[2025-11-04T09:03:06.991+0000] {processor.py:186} INFO - Started process (PID=350) to work on /opt/airflow/dags/fruad_detection_training_dag.py
[2025-11-04T09:03:06.992+0000] {processor.py:914} INFO - Processing file /opt/airflow/dags/fruad_detection_training_dag.py for tasks to queue
[2025-11-04T09:03:06.997+0000] {logging_mixin.py:190} INFO - [2025-11-04T09:03:06.997+0000] {dagbag.py:588} INFO - Filling up the DagBag from /opt/airflow/dags/fruad_detection_training_dag.py
[2025-11-04T09:03:07.033+0000] {processor.py:925} INFO - DAG(s) 'fraud_detection_training' retrieved from /opt/airflow/dags/fruad_detection_training_dag.py
[2025-11-04T09:03:07.125+0000] {logging_mixin.py:190} INFO - [2025-11-04T09:03:07.125+0000] {dag.py:3239} INFO - Sync 1 DAGs
[2025-11-04T09:03:07.281+0000] {logging_mixin.py:190} INFO - [2025-11-04T09:03:07.281+0000] {dag.py:4180} INFO - Setting next_dagrun for fraud_detection_training to 2025-11-03 03:00:00+00:00, run_after=2025-11-04 03:00:00+00:00
[2025-11-04T09:03:07.352+0000] {processor.py:208} INFO - Processing /opt/airflow/dags/fruad_detection_training_dag.py took 0.376 seconds
[2025-11-04T09:03:37.805+0000] {processor.py:186} INFO - Started process (PID=361) to work on /opt/airflow/dags/fruad_detection_training_dag.py
[2025-11-04T09:03:37.809+0000] {processor.py:914} INFO - Processing file /opt/airflow/dags/fruad_detection_training_dag.py for tasks to queue
[2025-11-04T09:03:37.828+0000] {logging_mixin.py:190} INFO - [2025-11-04T09:03:37.827+0000] {dagbag.py:588} INFO - Filling up the DagBag from /opt/airflow/dags/fruad_detection_training_dag.py
[2025-11-04T09:03:37.898+0000] {processor.py:925} INFO - DAG(s) 'fraud_detection_training' retrieved from /opt/airflow/dags/fruad_detection_training_dag.py
[2025-11-04T09:03:38.059+0000] {logging_mixin.py:190} INFO - [2025-11-04T09:03:38.058+0000] {dag.py:3239} INFO - Sync 1 DAGs
[2025-11-04T09:03:38.275+0000] {logging_mixin.py:190} INFO - [2025-11-04T09:03:38.275+0000] {dag.py:4180} INFO - Setting next_dagrun for fraud_detection_training to 2025-11-03 03:00:00+00:00, run_after=2025-11-04 03:00:00+00:00
[2025-11-04T09:03:38.374+0000] {processor.py:208} INFO - Processing /opt/airflow/dags/fruad_detection_training_dag.py took 0.587 seconds
[2025-11-04T09:04:08.967+0000] {processor.py:186} INFO - Started process (PID=371) to work on /opt/airflow/dags/fruad_detection_training_dag.py
[2025-11-04T09:04:08.968+0000] {processor.py:914} INFO - Processing file /opt/airflow/dags/fruad_detection_training_dag.py for tasks to queue
[2025-11-04T09:04:08.972+0000] {logging_mixin.py:190} INFO - [2025-11-04T09:04:08.971+0000] {dagbag.py:588} INFO - Filling up the DagBag from /opt/airflow/dags/fruad_detection_training_dag.py
[2025-11-04T09:04:08.987+0000] {processor.py:925} INFO - DAG(s) 'fraud_detection_training' retrieved from /opt/airflow/dags/fruad_detection_training_dag.py
[2025-11-04T09:04:09.036+0000] {logging_mixin.py:190} INFO - [2025-11-04T09:04:09.035+0000] {dag.py:3239} INFO - Sync 1 DAGs
[2025-11-04T09:04:09.071+0000] {logging_mixin.py:190} INFO - [2025-11-04T09:04:09.070+0000] {dag.py:4180} INFO - Setting next_dagrun for fraud_detection_training to 2025-11-03 03:00:00+00:00, run_after=2025-11-04 03:00:00+00:00
[2025-11-04T09:04:09.097+0000] {processor.py:208} INFO - Processing /opt/airflow/dags/fruad_detection_training_dag.py took 0.136 seconds
[2025-11-04T09:04:39.465+0000] {processor.py:186} INFO - Started process (PID=382) to work on /opt/airflow/dags/fruad_detection_training_dag.py
[2025-11-04T09:04:39.467+0000] {processor.py:914} INFO - Processing file /opt/airflow/dags/fruad_detection_training_dag.py for tasks to queue
[2025-11-04T09:04:39.474+0000] {logging_mixin.py:190} INFO - [2025-11-04T09:04:39.473+0000] {dagbag.py:588} INFO - Filling up the DagBag from /opt/airflow/dags/fruad_detection_training_dag.py
[2025-11-04T09:04:39.504+0000] {processor.py:925} INFO - DAG(s) 'fraud_detection_training' retrieved from /opt/airflow/dags/fruad_detection_training_dag.py
[2025-11-04T09:04:39.584+0000] {logging_mixin.py:190} INFO - [2025-11-04T09:04:39.584+0000] {dag.py:3239} INFO - Sync 1 DAGs
[2025-11-04T09:04:39.629+0000] {logging_mixin.py:190} INFO - [2025-11-04T09:04:39.629+0000] {dag.py:4180} INFO - Setting next_dagrun for fraud_detection_training to 2025-11-03 03:00:00+00:00, run_after=2025-11-04 03:00:00+00:00
[2025-11-04T09:04:39.661+0000] {processor.py:208} INFO - Processing /opt/airflow/dags/fruad_detection_training_dag.py took 0.214 seconds
[2025-11-04T09:05:09.808+0000] {processor.py:186} INFO - Started process (PID=393) to work on /opt/airflow/dags/fruad_detection_training_dag.py
[2025-11-04T09:05:09.810+0000] {processor.py:914} INFO - Processing file /opt/airflow/dags/fruad_detection_training_dag.py for tasks to queue
[2025-11-04T09:05:09.817+0000] {logging_mixin.py:190} INFO - [2025-11-04T09:05:09.815+0000] {dagbag.py:588} INFO - Filling up the DagBag from /opt/airflow/dags/fruad_detection_training_dag.py
[2025-11-04T09:05:09.844+0000] {processor.py:925} INFO - DAG(s) 'fraud_detection_training' retrieved from /opt/airflow/dags/fruad_detection_training_dag.py
[2025-11-04T09:05:09.923+0000] {logging_mixin.py:190} INFO - [2025-11-04T09:05:09.922+0000] {dag.py:3239} INFO - Sync 1 DAGs
[2025-11-04T09:05:09.985+0000] {logging_mixin.py:190} INFO - [2025-11-04T09:05:09.984+0000] {dag.py:4180} INFO - Setting next_dagrun for fraud_detection_training to 2025-11-03 03:00:00+00:00, run_after=2025-11-04 03:00:00+00:00
[2025-11-04T09:05:10.020+0000] {processor.py:208} INFO - Processing /opt/airflow/dags/fruad_detection_training_dag.py took 0.226 seconds
[2025-11-04T09:05:40.231+0000] {processor.py:186} INFO - Started process (PID=403) to work on /opt/airflow/dags/fruad_detection_training_dag.py
[2025-11-04T09:05:40.234+0000] {processor.py:914} INFO - Processing file /opt/airflow/dags/fruad_detection_training_dag.py for tasks to queue
[2025-11-04T09:05:40.238+0000] {logging_mixin.py:190} INFO - [2025-11-04T09:05:40.238+0000] {dagbag.py:588} INFO - Filling up the DagBag from /opt/airflow/dags/fruad_detection_training_dag.py
[2025-11-04T09:05:40.258+0000] {processor.py:925} INFO - DAG(s) 'fraud_detection_training' retrieved from /opt/airflow/dags/fruad_detection_training_dag.py
[2025-11-04T09:05:40.303+0000] {logging_mixin.py:190} INFO - [2025-11-04T09:05:40.303+0000] {dag.py:3239} INFO - Sync 1 DAGs
[2025-11-04T09:05:40.335+0000] {logging_mixin.py:190} INFO - [2025-11-04T09:05:40.335+0000] {dag.py:4180} INFO - Setting next_dagrun for fraud_detection_training to 2025-11-03 03:00:00+00:00, run_after=2025-11-04 03:00:00+00:00
[2025-11-04T09:05:40.349+0000] {processor.py:208} INFO - Processing /opt/airflow/dags/fruad_detection_training_dag.py took 0.128 seconds
[2025-11-04T09:06:10.937+0000] {processor.py:186} INFO - Started process (PID=413) to work on /opt/airflow/dags/fruad_detection_training_dag.py
[2025-11-04T09:06:10.938+0000] {processor.py:914} INFO - Processing file /opt/airflow/dags/fruad_detection_training_dag.py for tasks to queue
[2025-11-04T09:06:10.942+0000] {logging_mixin.py:190} INFO - [2025-11-04T09:06:10.942+0000] {dagbag.py:588} INFO - Filling up the DagBag from /opt/airflow/dags/fruad_detection_training_dag.py
[2025-11-04T09:06:10.955+0000] {processor.py:925} INFO - DAG(s) 'fraud_detection_training' retrieved from /opt/airflow/dags/fruad_detection_training_dag.py
[2025-11-04T09:06:10.984+0000] {logging_mixin.py:190} INFO - [2025-11-04T09:06:10.984+0000] {dag.py:3239} INFO - Sync 1 DAGs
[2025-11-04T09:06:11.003+0000] {logging_mixin.py:190} INFO - [2025-11-04T09:06:11.003+0000] {dag.py:4180} INFO - Setting next_dagrun for fraud_detection_training to 2025-11-03 03:00:00+00:00, run_after=2025-11-04 03:00:00+00:00
[2025-11-04T09:06:11.037+0000] {processor.py:208} INFO - Processing /opt/airflow/dags/fruad_detection_training_dag.py took 0.107 seconds
[2025-11-04T09:06:52.152+0000] {processor.py:186} INFO - Started process (PID=418) to work on /opt/airflow/dags/fruad_detection_training_dag.py
[2025-11-04T09:06:52.155+0000] {processor.py:914} INFO - Processing file /opt/airflow/dags/fruad_detection_training_dag.py for tasks to queue
[2025-11-04T09:06:52.158+0000] {logging_mixin.py:190} INFO - [2025-11-04T09:06:52.158+0000] {dagbag.py:588} INFO - Filling up the DagBag from /opt/airflow/dags/fruad_detection_training_dag.py
[2025-11-04T09:06:52.171+0000] {processor.py:925} INFO - DAG(s) 'fraud_detection_training' retrieved from /opt/airflow/dags/fruad_detection_training_dag.py
[2025-11-04T09:06:52.200+0000] {logging_mixin.py:190} INFO - [2025-11-04T09:06:52.200+0000] {dag.py:3239} INFO - Sync 1 DAGs
[2025-11-04T09:06:52.222+0000] {logging_mixin.py:190} INFO - [2025-11-04T09:06:52.222+0000] {dag.py:4180} INFO - Setting next_dagrun for fraud_detection_training to 2025-11-03 03:00:00+00:00, run_after=2025-11-04 03:00:00+00:00
[2025-11-04T09:06:52.243+0000] {processor.py:208} INFO - Processing /opt/airflow/dags/fruad_detection_training_dag.py took 0.098 seconds
[2025-11-04T09:13:51.288+0000] {processor.py:186} INFO - Started process (PID=429) to work on /opt/airflow/dags/fruad_detection_training_dag.py
[2025-11-04T09:13:51.289+0000] {processor.py:914} INFO - Processing file /opt/airflow/dags/fruad_detection_training_dag.py for tasks to queue
[2025-11-04T09:13:51.292+0000] {logging_mixin.py:190} INFO - [2025-11-04T09:13:51.292+0000] {dagbag.py:588} INFO - Filling up the DagBag from /opt/airflow/dags/fruad_detection_training_dag.py
[2025-11-04T09:13:51.308+0000] {processor.py:925} INFO - DAG(s) 'fraud_detection_training' retrieved from /opt/airflow/dags/fruad_detection_training_dag.py
[2025-11-04T09:13:51.347+0000] {logging_mixin.py:190} INFO - [2025-11-04T09:13:51.346+0000] {dag.py:3239} INFO - Sync 1 DAGs
[2025-11-04T09:13:51.371+0000] {logging_mixin.py:190} INFO - [2025-11-04T09:13:51.371+0000] {dag.py:4180} INFO - Setting next_dagrun for fraud_detection_training to 2025-11-03 03:00:00+00:00, run_after=2025-11-04 03:00:00+00:00
[2025-11-04T09:13:51.451+0000] {processor.py:208} INFO - Processing /opt/airflow/dags/fruad_detection_training_dag.py took 0.173 seconds
[2025-11-04T09:14:21.599+0000] {processor.py:186} INFO - Started process (PID=440) to work on /opt/airflow/dags/fruad_detection_training_dag.py
[2025-11-04T09:14:21.600+0000] {processor.py:914} INFO - Processing file /opt/airflow/dags/fruad_detection_training_dag.py for tasks to queue
[2025-11-04T09:14:21.602+0000] {logging_mixin.py:190} INFO - [2025-11-04T09:14:21.601+0000] {dagbag.py:588} INFO - Filling up the DagBag from /opt/airflow/dags/fruad_detection_training_dag.py
[2025-11-04T09:14:21.614+0000] {processor.py:925} INFO - DAG(s) 'fraud_detection_training' retrieved from /opt/airflow/dags/fruad_detection_training_dag.py
[2025-11-04T09:14:21.641+0000] {logging_mixin.py:190} INFO - [2025-11-04T09:14:21.641+0000] {dag.py:3239} INFO - Sync 1 DAGs
[2025-11-04T09:14:21.662+0000] {logging_mixin.py:190} INFO - [2025-11-04T09:14:21.662+0000] {dag.py:4180} INFO - Setting next_dagrun for fraud_detection_training to 2025-11-03 03:00:00+00:00, run_after=2025-11-04 03:00:00+00:00
[2025-11-04T09:14:21.725+0000] {processor.py:208} INFO - Processing /opt/airflow/dags/fruad_detection_training_dag.py took 0.133 seconds
[2025-11-04T09:14:51.874+0000] {processor.py:186} INFO - Started process (PID=451) to work on /opt/airflow/dags/fruad_detection_training_dag.py
[2025-11-04T09:14:51.875+0000] {processor.py:914} INFO - Processing file /opt/airflow/dags/fruad_detection_training_dag.py for tasks to queue
[2025-11-04T09:14:51.877+0000] {logging_mixin.py:190} INFO - [2025-11-04T09:14:51.877+0000] {dagbag.py:588} INFO - Filling up the DagBag from /opt/airflow/dags/fruad_detection_training_dag.py
[2025-11-04T09:14:51.885+0000] {processor.py:925} INFO - DAG(s) 'fraud_detection_training' retrieved from /opt/airflow/dags/fruad_detection_training_dag.py
[2025-11-04T09:14:51.908+0000] {logging_mixin.py:190} INFO - [2025-11-04T09:14:51.908+0000] {dag.py:3239} INFO - Sync 1 DAGs
[2025-11-04T09:14:51.920+0000] {logging_mixin.py:190} INFO - [2025-11-04T09:14:51.920+0000] {dag.py:4180} INFO - Setting next_dagrun for fraud_detection_training to 2025-11-03 03:00:00+00:00, run_after=2025-11-04 03:00:00+00:00
[2025-11-04T09:14:51.927+0000] {processor.py:208} INFO - Processing /opt/airflow/dags/fruad_detection_training_dag.py took 0.059 seconds
[2025-11-04T09:15:22.358+0000] {processor.py:186} INFO - Started process (PID=462) to work on /opt/airflow/dags/fruad_detection_training_dag.py
[2025-11-04T09:15:22.364+0000] {processor.py:914} INFO - Processing file /opt/airflow/dags/fruad_detection_training_dag.py for tasks to queue
[2025-11-04T09:15:22.377+0000] {logging_mixin.py:190} INFO - [2025-11-04T09:15:22.375+0000] {dagbag.py:588} INFO - Filling up the DagBag from /opt/airflow/dags/fruad_detection_training_dag.py
[2025-11-04T09:15:22.437+0000] {processor.py:925} INFO - DAG(s) 'fraud_detection_training' retrieved from /opt/airflow/dags/fruad_detection_training_dag.py
[2025-11-04T09:15:22.539+0000] {logging_mixin.py:190} INFO - [2025-11-04T09:15:22.538+0000] {dag.py:3239} INFO - Sync 1 DAGs
[2025-11-04T09:15:22.602+0000] {logging_mixin.py:190} INFO - [2025-11-04T09:15:22.601+0000] {dag.py:4180} INFO - Setting next_dagrun for fraud_detection_training to 2025-11-03 03:00:00+00:00, run_after=2025-11-04 03:00:00+00:00
[2025-11-04T09:15:22.649+0000] {processor.py:208} INFO - Processing /opt/airflow/dags/fruad_detection_training_dag.py took 0.316 seconds
[2025-11-04T09:20:34.601+0000] {processor.py:186} INFO - Started process (PID=473) to work on /opt/airflow/dags/fruad_detection_training_dag.py
[2025-11-04T09:20:34.602+0000] {processor.py:914} INFO - Processing file /opt/airflow/dags/fruad_detection_training_dag.py for tasks to queue
[2025-11-04T09:20:34.605+0000] {logging_mixin.py:190} INFO - [2025-11-04T09:20:34.604+0000] {dagbag.py:588} INFO - Filling up the DagBag from /opt/airflow/dags/fruad_detection_training_dag.py
[2025-11-04T09:20:34.616+0000] {processor.py:925} INFO - DAG(s) 'fraud_detection_training' retrieved from /opt/airflow/dags/fruad_detection_training_dag.py
[2025-11-04T09:20:34.679+0000] {logging_mixin.py:190} INFO - [2025-11-04T09:20:34.679+0000] {dag.py:3239} INFO - Sync 1 DAGs
[2025-11-04T09:20:34.698+0000] {logging_mixin.py:190} INFO - [2025-11-04T09:20:34.698+0000] {dag.py:4180} INFO - Setting next_dagrun for fraud_detection_training to 2025-11-03 03:00:00+00:00, run_after=2025-11-04 03:00:00+00:00
[2025-11-04T09:20:34.729+0000] {processor.py:208} INFO - Processing /opt/airflow/dags/fruad_detection_training_dag.py took 0.135 seconds
[2025-11-04T09:21:04.878+0000] {processor.py:186} INFO - Started process (PID=484) to work on /opt/airflow/dags/fruad_detection_training_dag.py
[2025-11-04T09:21:04.881+0000] {processor.py:914} INFO - Processing file /opt/airflow/dags/fruad_detection_training_dag.py for tasks to queue
[2025-11-04T09:21:04.894+0000] {logging_mixin.py:190} INFO - [2025-11-04T09:21:04.893+0000] {dagbag.py:588} INFO - Filling up the DagBag from /opt/airflow/dags/fruad_detection_training_dag.py
[2025-11-04T09:21:04.914+0000] {processor.py:925} INFO - DAG(s) 'fraud_detection_training' retrieved from /opt/airflow/dags/fruad_detection_training_dag.py
[2025-11-04T09:21:04.944+0000] {logging_mixin.py:190} INFO - [2025-11-04T09:21:04.944+0000] {dag.py:3239} INFO - Sync 1 DAGs
[2025-11-04T09:21:04.958+0000] {logging_mixin.py:190} INFO - [2025-11-04T09:21:04.958+0000] {dag.py:4180} INFO - Setting next_dagrun for fraud_detection_training to 2025-11-03 03:00:00+00:00, run_after=2025-11-04 03:00:00+00:00
[2025-11-04T09:21:05.064+0000] {processor.py:208} INFO - Processing /opt/airflow/dags/fruad_detection_training_dag.py took 0.194 seconds
[2025-11-04T09:21:35.270+0000] {processor.py:186} INFO - Started process (PID=495) to work on /opt/airflow/dags/fruad_detection_training_dag.py
[2025-11-04T09:21:35.272+0000] {processor.py:914} INFO - Processing file /opt/airflow/dags/fruad_detection_training_dag.py for tasks to queue
[2025-11-04T09:21:35.276+0000] {logging_mixin.py:190} INFO - [2025-11-04T09:21:35.275+0000] {dagbag.py:588} INFO - Filling up the DagBag from /opt/airflow/dags/fruad_detection_training_dag.py
[2025-11-04T09:21:35.292+0000] {processor.py:925} INFO - DAG(s) 'fraud_detection_training' retrieved from /opt/airflow/dags/fruad_detection_training_dag.py
[2025-11-04T09:21:35.331+0000] {logging_mixin.py:190} INFO - [2025-11-04T09:21:35.331+0000] {dag.py:3239} INFO - Sync 1 DAGs
[2025-11-04T09:21:35.352+0000] {logging_mixin.py:190} INFO - [2025-11-04T09:21:35.352+0000] {dag.py:4180} INFO - Setting next_dagrun for fraud_detection_training to 2025-11-03 03:00:00+00:00, run_after=2025-11-04 03:00:00+00:00
[2025-11-04T09:21:35.371+0000] {processor.py:208} INFO - Processing /opt/airflow/dags/fruad_detection_training_dag.py took 0.109 seconds
[2025-11-04T09:22:05.553+0000] {processor.py:186} INFO - Started process (PID=506) to work on /opt/airflow/dags/fruad_detection_training_dag.py
[2025-11-04T09:22:05.554+0000] {processor.py:914} INFO - Processing file /opt/airflow/dags/fruad_detection_training_dag.py for tasks to queue
[2025-11-04T09:22:05.556+0000] {logging_mixin.py:190} INFO - [2025-11-04T09:22:05.556+0000] {dagbag.py:588} INFO - Filling up the DagBag from /opt/airflow/dags/fruad_detection_training_dag.py
[2025-11-04T09:22:05.565+0000] {processor.py:925} INFO - DAG(s) 'fraud_detection_training' retrieved from /opt/airflow/dags/fruad_detection_training_dag.py
[2025-11-04T09:22:05.588+0000] {logging_mixin.py:190} INFO - [2025-11-04T09:22:05.588+0000] {dag.py:3239} INFO - Sync 1 DAGs
[2025-11-04T09:22:05.603+0000] {logging_mixin.py:190} INFO - [2025-11-04T09:22:05.603+0000] {dag.py:4180} INFO - Setting next_dagrun for fraud_detection_training to 2025-11-03 03:00:00+00:00, run_after=2025-11-04 03:00:00+00:00
[2025-11-04T09:22:06.222+0000] {processor.py:208} INFO - Processing /opt/airflow/dags/fruad_detection_training_dag.py took 0.673 seconds
[2025-11-04T09:22:36.497+0000] {processor.py:186} INFO - Started process (PID=517) to work on /opt/airflow/dags/fruad_detection_training_dag.py
[2025-11-04T09:22:36.498+0000] {processor.py:914} INFO - Processing file /opt/airflow/dags/fruad_detection_training_dag.py for tasks to queue
[2025-11-04T09:22:36.500+0000] {logging_mixin.py:190} INFO - [2025-11-04T09:22:36.500+0000] {dagbag.py:588} INFO - Filling up the DagBag from /opt/airflow/dags/fruad_detection_training_dag.py
[2025-11-04T09:22:36.512+0000] {processor.py:925} INFO - DAG(s) 'fraud_detection_training' retrieved from /opt/airflow/dags/fruad_detection_training_dag.py
[2025-11-04T09:22:36.545+0000] {logging_mixin.py:190} INFO - [2025-11-04T09:22:36.545+0000] {dag.py:3239} INFO - Sync 1 DAGs
[2025-11-04T09:22:36.567+0000] {logging_mixin.py:190} INFO - [2025-11-04T09:22:36.567+0000] {dag.py:4180} INFO - Setting next_dagrun for fraud_detection_training to 2025-11-03 03:00:00+00:00, run_after=2025-11-04 03:00:00+00:00
[2025-11-04T09:22:37.561+0000] {processor.py:208} INFO - Processing /opt/airflow/dags/fruad_detection_training_dag.py took 1.073 seconds
[2025-11-04T09:23:07.956+0000] {processor.py:186} INFO - Started process (PID=528) to work on /opt/airflow/dags/fruad_detection_training_dag.py
[2025-11-04T09:23:07.957+0000] {processor.py:914} INFO - Processing file /opt/airflow/dags/fruad_detection_training_dag.py for tasks to queue
[2025-11-04T09:23:07.963+0000] {logging_mixin.py:190} INFO - [2025-11-04T09:23:07.961+0000] {dagbag.py:588} INFO - Filling up the DagBag from /opt/airflow/dags/fruad_detection_training_dag.py
[2025-11-04T09:23:08.035+0000] {processor.py:925} INFO - DAG(s) 'fraud_detection_training' retrieved from /opt/airflow/dags/fruad_detection_training_dag.py
[2025-11-04T09:23:08.158+0000] {logging_mixin.py:190} INFO - [2025-11-04T09:23:08.158+0000] {dag.py:3239} INFO - Sync 1 DAGs
[2025-11-04T09:23:08.218+0000] {logging_mixin.py:190} INFO - [2025-11-04T09:23:08.218+0000] {dag.py:4180} INFO - Setting next_dagrun for fraud_detection_training to 2025-11-03 03:00:00+00:00, run_after=2025-11-04 03:00:00+00:00
[2025-11-04T09:23:08.250+0000] {processor.py:208} INFO - Processing /opt/airflow/dags/fruad_detection_training_dag.py took 0.309 seconds
[2025-11-04T09:23:39.042+0000] {processor.py:186} INFO - Started process (PID=539) to work on /opt/airflow/dags/fruad_detection_training_dag.py
[2025-11-04T09:23:39.057+0000] {processor.py:914} INFO - Processing file /opt/airflow/dags/fruad_detection_training_dag.py for tasks to queue
[2025-11-04T09:23:39.133+0000] {logging_mixin.py:190} INFO - [2025-11-04T09:23:39.127+0000] {dagbag.py:588} INFO - Filling up the DagBag from /opt/airflow/dags/fruad_detection_training_dag.py
[2025-11-04T09:23:39.232+0000] {processor.py:925} INFO - DAG(s) 'fraud_detection_training' retrieved from /opt/airflow/dags/fruad_detection_training_dag.py
[2025-11-04T09:23:39.408+0000] {logging_mixin.py:190} INFO - [2025-11-04T09:23:39.407+0000] {dag.py:3239} INFO - Sync 1 DAGs
[2025-11-04T09:23:39.495+0000] {logging_mixin.py:190} INFO - [2025-11-04T09:23:39.493+0000] {dag.py:4180} INFO - Setting next_dagrun for fraud_detection_training to 2025-11-03 03:00:00+00:00, run_after=2025-11-04 03:00:00+00:00
[2025-11-04T09:23:39.548+0000] {processor.py:208} INFO - Processing /opt/airflow/dags/fruad_detection_training_dag.py took 0.668 seconds
[2025-11-04T09:24:10.548+0000] {processor.py:186} INFO - Started process (PID=556) to work on /opt/airflow/dags/fruad_detection_training_dag.py
[2025-11-04T09:24:10.551+0000] {processor.py:914} INFO - Processing file /opt/airflow/dags/fruad_detection_training_dag.py for tasks to queue
[2025-11-04T09:24:10.558+0000] {logging_mixin.py:190} INFO - [2025-11-04T09:24:10.558+0000] {dagbag.py:588} INFO - Filling up the DagBag from /opt/airflow/dags/fruad_detection_training_dag.py
[2025-11-04T09:24:10.587+0000] {processor.py:925} INFO - DAG(s) 'fraud_detection_training' retrieved from /opt/airflow/dags/fruad_detection_training_dag.py
[2025-11-04T09:24:10.646+0000] {logging_mixin.py:190} INFO - [2025-11-04T09:24:10.646+0000] {dag.py:3239} INFO - Sync 1 DAGs
[2025-11-04T09:24:10.679+0000] {logging_mixin.py:190} INFO - [2025-11-04T09:24:10.678+0000] {dag.py:4180} INFO - Setting next_dagrun for fraud_detection_training to 2025-11-03 03:00:00+00:00, run_after=2025-11-04 03:00:00+00:00
[2025-11-04T09:24:11.925+0000] {processor.py:208} INFO - Processing /opt/airflow/dags/fruad_detection_training_dag.py took 1.388 seconds
[2025-11-04T09:24:42.183+0000] {processor.py:186} INFO - Started process (PID=567) to work on /opt/airflow/dags/fruad_detection_training_dag.py
[2025-11-04T09:24:42.184+0000] {processor.py:914} INFO - Processing file /opt/airflow/dags/fruad_detection_training_dag.py for tasks to queue
[2025-11-04T09:24:42.189+0000] {logging_mixin.py:190} INFO - [2025-11-04T09:24:42.189+0000] {dagbag.py:588} INFO - Filling up the DagBag from /opt/airflow/dags/fruad_detection_training_dag.py
[2025-11-04T09:24:42.207+0000] {processor.py:925} INFO - DAG(s) 'fraud_detection_training' retrieved from /opt/airflow/dags/fruad_detection_training_dag.py
[2025-11-04T09:24:42.262+0000] {logging_mixin.py:190} INFO - [2025-11-04T09:24:42.262+0000] {dag.py:3239} INFO - Sync 1 DAGs
[2025-11-04T09:24:42.302+0000] {logging_mixin.py:190} INFO - [2025-11-04T09:24:42.302+0000] {dag.py:4180} INFO - Setting next_dagrun for fraud_detection_training to 2025-11-03 03:00:00+00:00, run_after=2025-11-04 03:00:00+00:00
[2025-11-04T09:24:42.350+0000] {processor.py:208} INFO - Processing /opt/airflow/dags/fruad_detection_training_dag.py took 0.180 seconds
[2025-11-04T09:25:55.928+0000] {processor.py:186} INFO - Started process (PID=202) to work on /opt/airflow/dags/fruad_detection_training_dag.py
[2025-11-04T09:25:55.930+0000] {processor.py:914} INFO - Processing file /opt/airflow/dags/fruad_detection_training_dag.py for tasks to queue
[2025-11-04T09:25:55.937+0000] {logging_mixin.py:190} INFO - [2025-11-04T09:25:55.936+0000] {dagbag.py:588} INFO - Filling up the DagBag from /opt/airflow/dags/fruad_detection_training_dag.py
[2025-11-04T09:25:56.084+0000] {processor.py:925} INFO - DAG(s) 'fraud_detection_training' retrieved from /opt/airflow/dags/fruad_detection_training_dag.py
[2025-11-04T09:25:56.203+0000] {logging_mixin.py:190} INFO - [2025-11-04T09:25:56.203+0000] {dag.py:3239} INFO - Sync 1 DAGs
[2025-11-04T09:25:56.300+0000] {logging_mixin.py:190} INFO - [2025-11-04T09:25:56.299+0000] {dag.py:4180} INFO - Setting next_dagrun for fraud_detection_training to 2025-11-03 03:00:00+00:00, run_after=2025-11-04 03:00:00+00:00
[2025-11-04T09:25:56.409+0000] {processor.py:208} INFO - Processing /opt/airflow/dags/fruad_detection_training_dag.py took 0.492 seconds
[2025-11-04T09:26:26.897+0000] {processor.py:186} INFO - Started process (PID=213) to work on /opt/airflow/dags/fruad_detection_training_dag.py
[2025-11-04T09:26:26.898+0000] {processor.py:914} INFO - Processing file /opt/airflow/dags/fruad_detection_training_dag.py for tasks to queue
[2025-11-04T09:26:26.909+0000] {logging_mixin.py:190} INFO - [2025-11-04T09:26:26.907+0000] {dagbag.py:588} INFO - Filling up the DagBag from /opt/airflow/dags/fruad_detection_training_dag.py
[2025-11-04T09:26:26.953+0000] {processor.py:925} INFO - DAG(s) 'fraud_detection_training' retrieved from /opt/airflow/dags/fruad_detection_training_dag.py
[2025-11-04T09:26:27.024+0000] {logging_mixin.py:190} INFO - [2025-11-04T09:26:27.023+0000] {dag.py:3239} INFO - Sync 1 DAGs
[2025-11-04T09:26:27.064+0000] {logging_mixin.py:190} INFO - [2025-11-04T09:26:27.064+0000] {dag.py:4180} INFO - Setting next_dagrun for fraud_detection_training to 2025-11-03 03:00:00+00:00, run_after=2025-11-04 03:00:00+00:00
[2025-11-04T09:26:27.085+0000] {processor.py:208} INFO - Processing /opt/airflow/dags/fruad_detection_training_dag.py took 0.200 seconds
[2025-11-04T09:26:57.246+0000] {processor.py:186} INFO - Started process (PID=223) to work on /opt/airflow/dags/fruad_detection_training_dag.py
[2025-11-04T09:26:57.247+0000] {processor.py:914} INFO - Processing file /opt/airflow/dags/fruad_detection_training_dag.py for tasks to queue
[2025-11-04T09:26:57.254+0000] {logging_mixin.py:190} INFO - [2025-11-04T09:26:57.250+0000] {dagbag.py:588} INFO - Filling up the DagBag from /opt/airflow/dags/fruad_detection_training_dag.py
[2025-11-04T09:26:57.283+0000] {processor.py:925} INFO - DAG(s) 'fraud_detection_training' retrieved from /opt/airflow/dags/fruad_detection_training_dag.py
[2025-11-04T09:26:57.325+0000] {logging_mixin.py:190} INFO - [2025-11-04T09:26:57.324+0000] {dag.py:3239} INFO - Sync 1 DAGs
[2025-11-04T09:26:57.350+0000] {logging_mixin.py:190} INFO - [2025-11-04T09:26:57.350+0000] {dag.py:4180} INFO - Setting next_dagrun for fraud_detection_training to 2025-11-03 03:00:00+00:00, run_after=2025-11-04 03:00:00+00:00
[2025-11-04T09:26:57.363+0000] {processor.py:208} INFO - Processing /opt/airflow/dags/fruad_detection_training_dag.py took 0.140 seconds
[2025-11-04T09:27:27.656+0000] {processor.py:186} INFO - Started process (PID=234) to work on /opt/airflow/dags/fruad_detection_training_dag.py
[2025-11-04T09:27:27.657+0000] {processor.py:914} INFO - Processing file /opt/airflow/dags/fruad_detection_training_dag.py for tasks to queue
[2025-11-04T09:27:27.666+0000] {logging_mixin.py:190} INFO - [2025-11-04T09:27:27.662+0000] {dagbag.py:588} INFO - Filling up the DagBag from /opt/airflow/dags/fruad_detection_training_dag.py
[2025-11-04T09:27:27.697+0000] {processor.py:925} INFO - DAG(s) 'fraud_detection_training' retrieved from /opt/airflow/dags/fruad_detection_training_dag.py
[2025-11-04T09:27:27.764+0000] {logging_mixin.py:190} INFO - [2025-11-04T09:27:27.764+0000] {dag.py:3239} INFO - Sync 1 DAGs
[2025-11-04T09:27:27.844+0000] {logging_mixin.py:190} INFO - [2025-11-04T09:27:27.843+0000] {dag.py:4180} INFO - Setting next_dagrun for fraud_detection_training to 2025-11-03 03:00:00+00:00, run_after=2025-11-04 03:00:00+00:00
[2025-11-04T09:27:27.868+0000] {processor.py:208} INFO - Processing /opt/airflow/dags/fruad_detection_training_dag.py took 0.229 seconds
[2025-11-04T09:27:58.171+0000] {processor.py:186} INFO - Started process (PID=245) to work on /opt/airflow/dags/fruad_detection_training_dag.py
[2025-11-04T09:27:58.172+0000] {processor.py:914} INFO - Processing file /opt/airflow/dags/fruad_detection_training_dag.py for tasks to queue
[2025-11-04T09:27:58.178+0000] {logging_mixin.py:190} INFO - [2025-11-04T09:27:58.177+0000] {dagbag.py:588} INFO - Filling up the DagBag from /opt/airflow/dags/fruad_detection_training_dag.py
[2025-11-04T09:27:58.197+0000] {processor.py:925} INFO - DAG(s) 'fraud_detection_training' retrieved from /opt/airflow/dags/fruad_detection_training_dag.py
[2025-11-04T09:27:58.256+0000] {logging_mixin.py:190} INFO - [2025-11-04T09:27:58.255+0000] {dag.py:3239} INFO - Sync 1 DAGs
[2025-11-04T09:27:58.300+0000] {logging_mixin.py:190} INFO - [2025-11-04T09:27:58.300+0000] {dag.py:4180} INFO - Setting next_dagrun for fraud_detection_training to 2025-11-03 03:00:00+00:00, run_after=2025-11-04 03:00:00+00:00
[2025-11-04T09:27:58.353+0000] {processor.py:208} INFO - Processing /opt/airflow/dags/fruad_detection_training_dag.py took 0.190 seconds
[2025-11-04T09:28:28.509+0000] {processor.py:186} INFO - Started process (PID=256) to work on /opt/airflow/dags/fruad_detection_training_dag.py
[2025-11-04T09:28:28.510+0000] {processor.py:914} INFO - Processing file /opt/airflow/dags/fruad_detection_training_dag.py for tasks to queue
[2025-11-04T09:28:28.514+0000] {logging_mixin.py:190} INFO - [2025-11-04T09:28:28.513+0000] {dagbag.py:588} INFO - Filling up the DagBag from /opt/airflow/dags/fruad_detection_training_dag.py
[2025-11-04T09:28:28.541+0000] {processor.py:925} INFO - DAG(s) 'fraud_detection_training' retrieved from /opt/airflow/dags/fruad_detection_training_dag.py
[2025-11-04T09:28:28.588+0000] {logging_mixin.py:190} INFO - [2025-11-04T09:28:28.588+0000] {dag.py:3239} INFO - Sync 1 DAGs
[2025-11-04T09:28:28.621+0000] {logging_mixin.py:190} INFO - [2025-11-04T09:28:28.621+0000] {dag.py:4180} INFO - Setting next_dagrun for fraud_detection_training to 2025-11-03 03:00:00+00:00, run_after=2025-11-04 03:00:00+00:00
[2025-11-04T09:28:28.639+0000] {processor.py:208} INFO - Processing /opt/airflow/dags/fruad_detection_training_dag.py took 0.137 seconds
[2025-11-04T09:28:59.011+0000] {processor.py:186} INFO - Started process (PID=267) to work on /opt/airflow/dags/fruad_detection_training_dag.py
[2025-11-04T09:28:59.012+0000] {processor.py:914} INFO - Processing file /opt/airflow/dags/fruad_detection_training_dag.py for tasks to queue
[2025-11-04T09:28:59.015+0000] {logging_mixin.py:190} INFO - [2025-11-04T09:28:59.014+0000] {dagbag.py:588} INFO - Filling up the DagBag from /opt/airflow/dags/fruad_detection_training_dag.py
[2025-11-04T09:28:59.039+0000] {processor.py:925} INFO - DAG(s) 'fraud_detection_training' retrieved from /opt/airflow/dags/fruad_detection_training_dag.py
[2025-11-04T09:28:59.127+0000] {logging_mixin.py:190} INFO - [2025-11-04T09:28:59.126+0000] {dag.py:3239} INFO - Sync 1 DAGs
[2025-11-04T09:28:59.212+0000] {logging_mixin.py:190} INFO - [2025-11-04T09:28:59.211+0000] {dag.py:4180} INFO - Setting next_dagrun for fraud_detection_training to 2025-11-03 03:00:00+00:00, run_after=2025-11-04 03:00:00+00:00
[2025-11-04T09:28:59.263+0000] {processor.py:208} INFO - Processing /opt/airflow/dags/fruad_detection_training_dag.py took 0.265 seconds
[2025-11-04T09:29:29.359+0000] {processor.py:186} INFO - Started process (PID=278) to work on /opt/airflow/dags/fruad_detection_training_dag.py
[2025-11-04T09:29:29.360+0000] {processor.py:914} INFO - Processing file /opt/airflow/dags/fruad_detection_training_dag.py for tasks to queue
[2025-11-04T09:29:29.363+0000] {logging_mixin.py:190} INFO - [2025-11-04T09:29:29.363+0000] {dagbag.py:588} INFO - Filling up the DagBag from /opt/airflow/dags/fruad_detection_training_dag.py
[2025-11-04T09:29:29.374+0000] {processor.py:925} INFO - DAG(s) 'fraud_detection_training' retrieved from /opt/airflow/dags/fruad_detection_training_dag.py
[2025-11-04T09:29:29.406+0000] {logging_mixin.py:190} INFO - [2025-11-04T09:29:29.406+0000] {dag.py:3239} INFO - Sync 1 DAGs
[2025-11-04T09:29:29.428+0000] {logging_mixin.py:190} INFO - [2025-11-04T09:29:29.428+0000] {dag.py:4180} INFO - Setting next_dagrun for fraud_detection_training to 2025-11-03 03:00:00+00:00, run_after=2025-11-04 03:00:00+00:00
[2025-11-04T09:29:29.438+0000] {processor.py:208} INFO - Processing /opt/airflow/dags/fruad_detection_training_dag.py took 0.085 seconds
[2025-11-04T09:29:59.547+0000] {processor.py:186} INFO - Started process (PID=289) to work on /opt/airflow/dags/fruad_detection_training_dag.py
[2025-11-04T09:29:59.548+0000] {processor.py:914} INFO - Processing file /opt/airflow/dags/fruad_detection_training_dag.py for tasks to queue
[2025-11-04T09:29:59.554+0000] {logging_mixin.py:190} INFO - [2025-11-04T09:29:59.553+0000] {dagbag.py:588} INFO - Filling up the DagBag from /opt/airflow/dags/fruad_detection_training_dag.py
[2025-11-04T09:29:59.571+0000] {processor.py:925} INFO - DAG(s) 'fraud_detection_training' retrieved from /opt/airflow/dags/fruad_detection_training_dag.py
[2025-11-04T09:29:59.602+0000] {logging_mixin.py:190} INFO - [2025-11-04T09:29:59.602+0000] {dag.py:3239} INFO - Sync 1 DAGs
[2025-11-04T09:29:59.623+0000] {logging_mixin.py:190} INFO - [2025-11-04T09:29:59.623+0000] {dag.py:4180} INFO - Setting next_dagrun for fraud_detection_training to 2025-11-03 03:00:00+00:00, run_after=2025-11-04 03:00:00+00:00
[2025-11-04T09:29:59.631+0000] {processor.py:208} INFO - Processing /opt/airflow/dags/fruad_detection_training_dag.py took 0.096 seconds
[2025-11-04T09:30:29.737+0000] {processor.py:186} INFO - Started process (PID=300) to work on /opt/airflow/dags/fruad_detection_training_dag.py
[2025-11-04T09:30:29.738+0000] {processor.py:914} INFO - Processing file /opt/airflow/dags/fruad_detection_training_dag.py for tasks to queue
[2025-11-04T09:30:29.740+0000] {logging_mixin.py:190} INFO - [2025-11-04T09:30:29.740+0000] {dagbag.py:588} INFO - Filling up the DagBag from /opt/airflow/dags/fruad_detection_training_dag.py
[2025-11-04T09:30:29.750+0000] {processor.py:925} INFO - DAG(s) 'fraud_detection_training' retrieved from /opt/airflow/dags/fruad_detection_training_dag.py
[2025-11-04T09:30:29.775+0000] {logging_mixin.py:190} INFO - [2025-11-04T09:30:29.775+0000] {dag.py:3239} INFO - Sync 1 DAGs
[2025-11-04T09:30:29.788+0000] {logging_mixin.py:190} INFO - [2025-11-04T09:30:29.788+0000] {dag.py:4180} INFO - Setting next_dagrun for fraud_detection_training to 2025-11-03 03:00:00+00:00, run_after=2025-11-04 03:00:00+00:00
[2025-11-04T09:30:29.796+0000] {processor.py:208} INFO - Processing /opt/airflow/dags/fruad_detection_training_dag.py took 0.063 seconds
[2025-11-04T09:30:59.909+0000] {processor.py:186} INFO - Started process (PID=311) to work on /opt/airflow/dags/fruad_detection_training_dag.py
[2025-11-04T09:30:59.910+0000] {processor.py:914} INFO - Processing file /opt/airflow/dags/fruad_detection_training_dag.py for tasks to queue
[2025-11-04T09:30:59.913+0000] {logging_mixin.py:190} INFO - [2025-11-04T09:30:59.912+0000] {dagbag.py:588} INFO - Filling up the DagBag from /opt/airflow/dags/fruad_detection_training_dag.py
[2025-11-04T09:30:59.931+0000] {processor.py:925} INFO - DAG(s) 'fraud_detection_training' retrieved from /opt/airflow/dags/fruad_detection_training_dag.py
[2025-11-04T09:30:59.957+0000] {logging_mixin.py:190} INFO - [2025-11-04T09:30:59.957+0000] {dag.py:3239} INFO - Sync 1 DAGs
[2025-11-04T09:30:59.973+0000] {logging_mixin.py:190} INFO - [2025-11-04T09:30:59.973+0000] {dag.py:4180} INFO - Setting next_dagrun for fraud_detection_training to 2025-11-03 03:00:00+00:00, run_after=2025-11-04 03:00:00+00:00
[2025-11-04T09:30:59.981+0000] {processor.py:208} INFO - Processing /opt/airflow/dags/fruad_detection_training_dag.py took 0.077 seconds
[2025-11-04T09:31:30.086+0000] {processor.py:186} INFO - Started process (PID=322) to work on /opt/airflow/dags/fruad_detection_training_dag.py
[2025-11-04T09:31:30.087+0000] {processor.py:914} INFO - Processing file /opt/airflow/dags/fruad_detection_training_dag.py for tasks to queue
[2025-11-04T09:31:30.089+0000] {logging_mixin.py:190} INFO - [2025-11-04T09:31:30.089+0000] {dagbag.py:588} INFO - Filling up the DagBag from /opt/airflow/dags/fruad_detection_training_dag.py
[2025-11-04T09:31:30.099+0000] {processor.py:925} INFO - DAG(s) 'fraud_detection_training' retrieved from /opt/airflow/dags/fruad_detection_training_dag.py
[2025-11-04T09:31:30.121+0000] {logging_mixin.py:190} INFO - [2025-11-04T09:31:30.121+0000] {dag.py:3239} INFO - Sync 1 DAGs
[2025-11-04T09:31:30.140+0000] {logging_mixin.py:190} INFO - [2025-11-04T09:31:30.140+0000] {dag.py:4180} INFO - Setting next_dagrun for fraud_detection_training to 2025-11-03 03:00:00+00:00, run_after=2025-11-04 03:00:00+00:00
[2025-11-04T09:31:30.148+0000] {processor.py:208} INFO - Processing /opt/airflow/dags/fruad_detection_training_dag.py took 0.067 seconds
[2025-11-04T09:32:00.286+0000] {processor.py:186} INFO - Started process (PID=333) to work on /opt/airflow/dags/fruad_detection_training_dag.py
[2025-11-04T09:32:00.287+0000] {processor.py:914} INFO - Processing file /opt/airflow/dags/fruad_detection_training_dag.py for tasks to queue
[2025-11-04T09:32:00.289+0000] {logging_mixin.py:190} INFO - [2025-11-04T09:32:00.288+0000] {dagbag.py:588} INFO - Filling up the DagBag from /opt/airflow/dags/fruad_detection_training_dag.py
[2025-11-04T09:32:00.299+0000] {processor.py:925} INFO - DAG(s) 'fraud_detection_training' retrieved from /opt/airflow/dags/fruad_detection_training_dag.py
[2025-11-04T09:32:00.325+0000] {logging_mixin.py:190} INFO - [2025-11-04T09:32:00.324+0000] {dag.py:3239} INFO - Sync 1 DAGs
[2025-11-04T09:32:00.338+0000] {logging_mixin.py:190} INFO - [2025-11-04T09:32:00.338+0000] {dag.py:4180} INFO - Setting next_dagrun for fraud_detection_training to 2025-11-03 03:00:00+00:00, run_after=2025-11-04 03:00:00+00:00
[2025-11-04T09:32:00.350+0000] {processor.py:208} INFO - Processing /opt/airflow/dags/fruad_detection_training_dag.py took 0.069 seconds
[2025-11-04T09:32:30.444+0000] {processor.py:186} INFO - Started process (PID=344) to work on /opt/airflow/dags/fruad_detection_training_dag.py
[2025-11-04T09:32:30.445+0000] {processor.py:914} INFO - Processing file /opt/airflow/dags/fruad_detection_training_dag.py for tasks to queue
[2025-11-04T09:32:30.447+0000] {logging_mixin.py:190} INFO - [2025-11-04T09:32:30.447+0000] {dagbag.py:588} INFO - Filling up the DagBag from /opt/airflow/dags/fruad_detection_training_dag.py
[2025-11-04T09:32:30.456+0000] {processor.py:925} INFO - DAG(s) 'fraud_detection_training' retrieved from /opt/airflow/dags/fruad_detection_training_dag.py
[2025-11-04T09:32:30.487+0000] {logging_mixin.py:190} INFO - [2025-11-04T09:32:30.487+0000] {dag.py:3239} INFO - Sync 1 DAGs
[2025-11-04T09:32:30.501+0000] {logging_mixin.py:190} INFO - [2025-11-04T09:32:30.501+0000] {dag.py:4180} INFO - Setting next_dagrun for fraud_detection_training to 2025-11-03 03:00:00+00:00, run_after=2025-11-04 03:00:00+00:00
[2025-11-04T09:32:30.511+0000] {processor.py:208} INFO - Processing /opt/airflow/dags/fruad_detection_training_dag.py took 0.072 seconds
[2025-11-04T09:33:00.734+0000] {processor.py:186} INFO - Started process (PID=356) to work on /opt/airflow/dags/fruad_detection_training_dag.py
[2025-11-04T09:33:00.735+0000] {processor.py:914} INFO - Processing file /opt/airflow/dags/fruad_detection_training_dag.py for tasks to queue
[2025-11-04T09:33:00.737+0000] {logging_mixin.py:190} INFO - [2025-11-04T09:33:00.736+0000] {dagbag.py:588} INFO - Filling up the DagBag from /opt/airflow/dags/fruad_detection_training_dag.py
[2025-11-04T09:33:00.749+0000] {processor.py:925} INFO - DAG(s) 'fraud_detection_training' retrieved from /opt/airflow/dags/fruad_detection_training_dag.py
[2025-11-04T09:33:00.774+0000] {logging_mixin.py:190} INFO - [2025-11-04T09:33:00.774+0000] {dag.py:3239} INFO - Sync 1 DAGs
[2025-11-04T09:33:00.788+0000] {logging_mixin.py:190} INFO - [2025-11-04T09:33:00.788+0000] {dag.py:4180} INFO - Setting next_dagrun for fraud_detection_training to 2025-11-03 03:00:00+00:00, run_after=2025-11-04 03:00:00+00:00
[2025-11-04T09:33:00.838+0000] {processor.py:208} INFO - Processing /opt/airflow/dags/fruad_detection_training_dag.py took 0.111 seconds
[2025-11-04T09:33:30.972+0000] {processor.py:186} INFO - Started process (PID=367) to work on /opt/airflow/dags/fruad_detection_training_dag.py
[2025-11-04T09:33:30.973+0000] {processor.py:914} INFO - Processing file /opt/airflow/dags/fruad_detection_training_dag.py for tasks to queue
[2025-11-04T09:33:30.981+0000] {logging_mixin.py:190} INFO - [2025-11-04T09:33:30.980+0000] {dagbag.py:588} INFO - Filling up the DagBag from /opt/airflow/dags/fruad_detection_training_dag.py
[2025-11-04T09:33:30.999+0000] {processor.py:925} INFO - DAG(s) 'fraud_detection_training' retrieved from /opt/airflow/dags/fruad_detection_training_dag.py
[2025-11-04T09:33:31.062+0000] {logging_mixin.py:190} INFO - [2025-11-04T09:33:31.061+0000] {dag.py:3239} INFO - Sync 1 DAGs
[2025-11-04T09:33:31.085+0000] {logging_mixin.py:190} INFO - [2025-11-04T09:33:31.085+0000] {dag.py:4180} INFO - Setting next_dagrun for fraud_detection_training to 2025-11-03 03:00:00+00:00, run_after=2025-11-04 03:00:00+00:00
[2025-11-04T09:33:31.144+0000] {processor.py:208} INFO - Processing /opt/airflow/dags/fruad_detection_training_dag.py took 0.183 seconds
[2025-11-04T09:34:01.223+0000] {processor.py:186} INFO - Started process (PID=378) to work on /opt/airflow/dags/fruad_detection_training_dag.py
[2025-11-04T09:34:01.224+0000] {processor.py:914} INFO - Processing file /opt/airflow/dags/fruad_detection_training_dag.py for tasks to queue
[2025-11-04T09:34:01.229+0000] {logging_mixin.py:190} INFO - [2025-11-04T09:34:01.228+0000] {dagbag.py:588} INFO - Filling up the DagBag from /opt/airflow/dags/fruad_detection_training_dag.py
[2025-11-04T09:34:01.252+0000] {processor.py:925} INFO - DAG(s) 'fraud_detection_training' retrieved from /opt/airflow/dags/fruad_detection_training_dag.py
[2025-11-04T09:34:01.322+0000] {logging_mixin.py:190} INFO - [2025-11-04T09:34:01.322+0000] {dag.py:3239} INFO - Sync 1 DAGs
[2025-11-04T09:34:01.354+0000] {logging_mixin.py:190} INFO - [2025-11-04T09:34:01.354+0000] {dag.py:4180} INFO - Setting next_dagrun for fraud_detection_training to 2025-11-03 03:00:00+00:00, run_after=2025-11-04 03:00:00+00:00
[2025-11-04T09:34:01.372+0000] {processor.py:208} INFO - Processing /opt/airflow/dags/fruad_detection_training_dag.py took 0.161 seconds
[2025-11-04T09:34:31.792+0000] {processor.py:186} INFO - Started process (PID=389) to work on /opt/airflow/dags/fruad_detection_training_dag.py
[2025-11-04T09:34:31.796+0000] {processor.py:914} INFO - Processing file /opt/airflow/dags/fruad_detection_training_dag.py for tasks to queue
[2025-11-04T09:34:31.800+0000] {logging_mixin.py:190} INFO - [2025-11-04T09:34:31.800+0000] {dagbag.py:588} INFO - Filling up the DagBag from /opt/airflow/dags/fruad_detection_training_dag.py
[2025-11-04T09:34:31.824+0000] {processor.py:925} INFO - DAG(s) 'fraud_detection_training' retrieved from /opt/airflow/dags/fruad_detection_training_dag.py
[2025-11-04T09:34:31.884+0000] {logging_mixin.py:190} INFO - [2025-11-04T09:34:31.884+0000] {dag.py:3239} INFO - Sync 1 DAGs
[2025-11-04T09:34:31.926+0000] {logging_mixin.py:190} INFO - [2025-11-04T09:34:31.926+0000] {dag.py:4180} INFO - Setting next_dagrun for fraud_detection_training to 2025-11-03 03:00:00+00:00, run_after=2025-11-04 03:00:00+00:00
[2025-11-04T09:34:31.958+0000] {processor.py:208} INFO - Processing /opt/airflow/dags/fruad_detection_training_dag.py took 0.180 seconds
[2025-11-04T09:35:02.563+0000] {processor.py:186} INFO - Started process (PID=400) to work on /opt/airflow/dags/fruad_detection_training_dag.py
[2025-11-04T09:35:02.565+0000] {processor.py:914} INFO - Processing file /opt/airflow/dags/fruad_detection_training_dag.py for tasks to queue
[2025-11-04T09:35:02.571+0000] {logging_mixin.py:190} INFO - [2025-11-04T09:35:02.570+0000] {dagbag.py:588} INFO - Filling up the DagBag from /opt/airflow/dags/fruad_detection_training_dag.py
[2025-11-04T09:35:02.596+0000] {processor.py:925} INFO - DAG(s) 'fraud_detection_training' retrieved from /opt/airflow/dags/fruad_detection_training_dag.py
[2025-11-04T09:35:02.751+0000] {logging_mixin.py:190} INFO - [2025-11-04T09:35:02.750+0000] {dag.py:3239} INFO - Sync 1 DAGs
[2025-11-04T09:35:02.875+0000] {logging_mixin.py:190} INFO - [2025-11-04T09:35:02.875+0000] {dag.py:4180} INFO - Setting next_dagrun for fraud_detection_training to 2025-11-03 03:00:00+00:00, run_after=2025-11-04 03:00:00+00:00
[2025-11-04T09:35:02.916+0000] {processor.py:208} INFO - Processing /opt/airflow/dags/fruad_detection_training_dag.py took 0.372 seconds
[2025-11-04T09:35:33.422+0000] {processor.py:186} INFO - Started process (PID=411) to work on /opt/airflow/dags/fruad_detection_training_dag.py
[2025-11-04T09:35:33.424+0000] {processor.py:914} INFO - Processing file /opt/airflow/dags/fruad_detection_training_dag.py for tasks to queue
[2025-11-04T09:35:33.430+0000] {logging_mixin.py:190} INFO - [2025-11-04T09:35:33.430+0000] {dagbag.py:588} INFO - Filling up the DagBag from /opt/airflow/dags/fruad_detection_training_dag.py
[2025-11-04T09:35:33.478+0000] {processor.py:925} INFO - DAG(s) 'fraud_detection_training' retrieved from /opt/airflow/dags/fruad_detection_training_dag.py
[2025-11-04T09:35:33.576+0000] {logging_mixin.py:190} INFO - [2025-11-04T09:35:33.576+0000] {dag.py:3239} INFO - Sync 1 DAGs
[2025-11-04T09:35:33.632+0000] {logging_mixin.py:190} INFO - [2025-11-04T09:35:33.632+0000] {dag.py:4180} INFO - Setting next_dagrun for fraud_detection_training to 2025-11-03 03:00:00+00:00, run_after=2025-11-04 03:00:00+00:00
[2025-11-04T09:35:33.671+0000] {processor.py:208} INFO - Processing /opt/airflow/dags/fruad_detection_training_dag.py took 0.258 seconds
[2025-11-04T09:36:04.717+0000] {processor.py:186} INFO - Started process (PID=422) to work on /opt/airflow/dags/fruad_detection_training_dag.py
[2025-11-04T09:36:04.719+0000] {processor.py:914} INFO - Processing file /opt/airflow/dags/fruad_detection_training_dag.py for tasks to queue
[2025-11-04T09:36:04.749+0000] {logging_mixin.py:190} INFO - [2025-11-04T09:36:04.746+0000] {dagbag.py:588} INFO - Filling up the DagBag from /opt/airflow/dags/fruad_detection_training_dag.py
[2025-11-04T09:36:04.782+0000] {processor.py:925} INFO - DAG(s) 'fraud_detection_training' retrieved from /opt/airflow/dags/fruad_detection_training_dag.py
[2025-11-04T09:36:04.877+0000] {logging_mixin.py:190} INFO - [2025-11-04T09:36:04.876+0000] {dag.py:3239} INFO - Sync 1 DAGs
[2025-11-04T09:36:04.916+0000] {logging_mixin.py:190} INFO - [2025-11-04T09:36:04.916+0000] {dag.py:4180} INFO - Setting next_dagrun for fraud_detection_training to 2025-11-03 03:00:00+00:00, run_after=2025-11-04 03:00:00+00:00
[2025-11-04T09:36:04.946+0000] {processor.py:208} INFO - Processing /opt/airflow/dags/fruad_detection_training_dag.py took 0.242 seconds
[2025-11-04T09:36:35.458+0000] {processor.py:186} INFO - Started process (PID=433) to work on /opt/airflow/dags/fruad_detection_training_dag.py
[2025-11-04T09:36:35.459+0000] {processor.py:914} INFO - Processing file /opt/airflow/dags/fruad_detection_training_dag.py for tasks to queue
[2025-11-04T09:36:35.464+0000] {logging_mixin.py:190} INFO - [2025-11-04T09:36:35.464+0000] {dagbag.py:588} INFO - Filling up the DagBag from /opt/airflow/dags/fruad_detection_training_dag.py
[2025-11-04T09:36:35.484+0000] {processor.py:925} INFO - DAG(s) 'fraud_detection_training' retrieved from /opt/airflow/dags/fruad_detection_training_dag.py
[2025-11-04T09:36:35.536+0000] {logging_mixin.py:190} INFO - [2025-11-04T09:36:35.536+0000] {dag.py:3239} INFO - Sync 1 DAGs
[2025-11-04T09:36:35.564+0000] {logging_mixin.py:190} INFO - [2025-11-04T09:36:35.563+0000] {dag.py:4180} INFO - Setting next_dagrun for fraud_detection_training to 2025-11-03 03:00:00+00:00, run_after=2025-11-04 03:00:00+00:00
[2025-11-04T09:36:35.577+0000] {processor.py:208} INFO - Processing /opt/airflow/dags/fruad_detection_training_dag.py took 0.137 seconds
[2025-11-04T09:37:06.544+0000] {processor.py:186} INFO - Started process (PID=444) to work on /opt/airflow/dags/fruad_detection_training_dag.py
[2025-11-04T09:37:06.546+0000] {processor.py:914} INFO - Processing file /opt/airflow/dags/fruad_detection_training_dag.py for tasks to queue
[2025-11-04T09:37:06.558+0000] {logging_mixin.py:190} INFO - [2025-11-04T09:37:06.555+0000] {dagbag.py:588} INFO - Filling up the DagBag from /opt/airflow/dags/fruad_detection_training_dag.py
[2025-11-04T09:37:06.614+0000] {processor.py:925} INFO - DAG(s) 'fraud_detection_training' retrieved from /opt/airflow/dags/fruad_detection_training_dag.py
[2025-11-04T09:37:06.728+0000] {logging_mixin.py:190} INFO - [2025-11-04T09:37:06.728+0000] {dag.py:3239} INFO - Sync 1 DAGs
[2025-11-04T09:37:06.805+0000] {logging_mixin.py:190} INFO - [2025-11-04T09:37:06.804+0000] {dag.py:4180} INFO - Setting next_dagrun for fraud_detection_training to 2025-11-03 03:00:00+00:00, run_after=2025-11-04 03:00:00+00:00
[2025-11-04T09:37:06.845+0000] {processor.py:208} INFO - Processing /opt/airflow/dags/fruad_detection_training_dag.py took 0.341 seconds
[2025-11-04T09:37:37.199+0000] {processor.py:186} INFO - Started process (PID=455) to work on /opt/airflow/dags/fruad_detection_training_dag.py
[2025-11-04T09:37:37.201+0000] {processor.py:914} INFO - Processing file /opt/airflow/dags/fruad_detection_training_dag.py for tasks to queue
[2025-11-04T09:37:37.208+0000] {logging_mixin.py:190} INFO - [2025-11-04T09:37:37.207+0000] {dagbag.py:588} INFO - Filling up the DagBag from /opt/airflow/dags/fruad_detection_training_dag.py
[2025-11-04T09:37:37.239+0000] {processor.py:925} INFO - DAG(s) 'fraud_detection_training' retrieved from /opt/airflow/dags/fruad_detection_training_dag.py
[2025-11-04T09:37:37.299+0000] {logging_mixin.py:190} INFO - [2025-11-04T09:37:37.299+0000] {dag.py:3239} INFO - Sync 1 DAGs
[2025-11-04T09:37:37.330+0000] {logging_mixin.py:190} INFO - [2025-11-04T09:37:37.330+0000] {dag.py:4180} INFO - Setting next_dagrun for fraud_detection_training to 2025-11-03 03:00:00+00:00, run_after=2025-11-04 03:00:00+00:00
[2025-11-04T09:37:37.391+0000] {processor.py:208} INFO - Processing /opt/airflow/dags/fruad_detection_training_dag.py took 0.209 seconds
[2025-11-04T09:38:07.836+0000] {processor.py:186} INFO - Started process (PID=466) to work on /opt/airflow/dags/fruad_detection_training_dag.py
[2025-11-04T09:38:07.837+0000] {processor.py:914} INFO - Processing file /opt/airflow/dags/fruad_detection_training_dag.py for tasks to queue
[2025-11-04T09:38:07.840+0000] {logging_mixin.py:190} INFO - [2025-11-04T09:38:07.840+0000] {dagbag.py:588} INFO - Filling up the DagBag from /opt/airflow/dags/fruad_detection_training_dag.py
[2025-11-04T09:38:07.866+0000] {processor.py:925} INFO - DAG(s) 'fraud_detection_training' retrieved from /opt/airflow/dags/fruad_detection_training_dag.py
[2025-11-04T09:38:07.982+0000] {logging_mixin.py:190} INFO - [2025-11-04T09:38:07.981+0000] {dag.py:3239} INFO - Sync 1 DAGs
[2025-11-04T09:38:08.018+0000] {logging_mixin.py:190} INFO - [2025-11-04T09:38:08.018+0000] {dag.py:4180} INFO - Setting next_dagrun for fraud_detection_training to 2025-11-03 03:00:00+00:00, run_after=2025-11-04 03:00:00+00:00
[2025-11-04T09:38:08.044+0000] {processor.py:208} INFO - Processing /opt/airflow/dags/fruad_detection_training_dag.py took 0.222 seconds
[2025-11-04T09:38:38.241+0000] {processor.py:186} INFO - Started process (PID=477) to work on /opt/airflow/dags/fruad_detection_training_dag.py
[2025-11-04T09:38:38.243+0000] {processor.py:914} INFO - Processing file /opt/airflow/dags/fruad_detection_training_dag.py for tasks to queue
[2025-11-04T09:38:38.247+0000] {logging_mixin.py:190} INFO - [2025-11-04T09:38:38.247+0000] {dagbag.py:588} INFO - Filling up the DagBag from /opt/airflow/dags/fruad_detection_training_dag.py
[2025-11-04T09:38:38.302+0000] {processor.py:925} INFO - DAG(s) 'fraud_detection_training' retrieved from /opt/airflow/dags/fruad_detection_training_dag.py
[2025-11-04T09:38:38.534+0000] {logging_mixin.py:190} INFO - [2025-11-04T09:38:38.534+0000] {dag.py:3239} INFO - Sync 1 DAGs
[2025-11-04T09:38:38.735+0000] {logging_mixin.py:190} INFO - [2025-11-04T09:38:38.732+0000] {dag.py:4180} INFO - Setting next_dagrun for fraud_detection_training to 2025-11-03 03:00:00+00:00, run_after=2025-11-04 03:00:00+00:00
[2025-11-04T09:38:38.814+0000] {processor.py:208} INFO - Processing /opt/airflow/dags/fruad_detection_training_dag.py took 0.605 seconds
[2025-11-04T09:39:09.068+0000] {processor.py:186} INFO - Started process (PID=488) to work on /opt/airflow/dags/fruad_detection_training_dag.py
[2025-11-04T09:39:09.070+0000] {processor.py:914} INFO - Processing file /opt/airflow/dags/fruad_detection_training_dag.py for tasks to queue
[2025-11-04T09:39:09.075+0000] {logging_mixin.py:190} INFO - [2025-11-04T09:39:09.074+0000] {dagbag.py:588} INFO - Filling up the DagBag from /opt/airflow/dags/fruad_detection_training_dag.py
[2025-11-04T09:39:09.097+0000] {processor.py:925} INFO - DAG(s) 'fraud_detection_training' retrieved from /opt/airflow/dags/fruad_detection_training_dag.py
[2025-11-04T09:39:09.148+0000] {logging_mixin.py:190} INFO - [2025-11-04T09:39:09.147+0000] {dag.py:3239} INFO - Sync 1 DAGs
[2025-11-04T09:39:09.173+0000] {logging_mixin.py:190} INFO - [2025-11-04T09:39:09.173+0000] {dag.py:4180} INFO - Setting next_dagrun for fraud_detection_training to 2025-11-03 03:00:00+00:00, run_after=2025-11-04 03:00:00+00:00
[2025-11-04T09:39:09.186+0000] {processor.py:208} INFO - Processing /opt/airflow/dags/fruad_detection_training_dag.py took 0.130 seconds
