[2025-03-09T11:46:01.133+0000] {local_task_job_runner.py:123} INFO - ::group::Pre task execution logs
[2025-03-09T11:46:01.141+0000] {taskinstance.py:2614} INFO - Dependencies all met for dep_context=non-requeueable deps ti=<TaskInstance: fraud_detection_training.execute_training manual__2025-03-09T11:45:58.672446+00:00 [queued]>
[2025-03-09T11:46:01.144+0000] {taskinstance.py:2614} INFO - Dependencies all met for dep_context=requeueable deps ti=<TaskInstance: fraud_detection_training.execute_training manual__2025-03-09T11:45:58.672446+00:00 [queued]>
[2025-03-09T11:46:01.144+0000] {taskinstance.py:2867} INFO - Starting attempt 1 of 1
[2025-03-09T11:46:01.148+0000] {taskinstance.py:2890} INFO - Executing <Task(PythonOperator): execute_training> on 2025-03-09 11:45:58.672446+00:00
[2025-03-09T11:46:01.150+0000] {warnings.py:112} WARNING - /home/***/.local/lib/python3.12/site-packages/***/task/task_runner/standard_task_runner.py:70: DeprecationWarning: This process (pid=70) is multi-threaded, use of fork() may lead to deadlocks in the child.
  pid = os.fork()

[2025-03-09T11:46:01.151+0000] {standard_task_runner.py:72} INFO - Started process 71 to run task
[2025-03-09T11:46:01.151+0000] {standard_task_runner.py:104} INFO - Running: ['***', 'tasks', 'run', 'fraud_detection_training', 'execute_training', 'manual__2025-03-09T11:45:58.672446+00:00', '--job-id', '39', '--raw', '--subdir', 'DAGS_FOLDER/fruad_detection_training_dag.py', '--cfg-path', '/tmp/tmp9vmb53vk']
[2025-03-09T11:46:01.152+0000] {standard_task_runner.py:105} INFO - Job 39: Subtask execute_training
[2025-03-09T11:46:01.177+0000] {task_command.py:467} INFO - Running <TaskInstance: fraud_detection_training.execute_training manual__2025-03-09T11:45:58.672446+00:00 [running]> on host 70a1bf849602
[2025-03-09T11:46:01.205+0000] {taskinstance.py:3134} INFO - Exporting env vars: AIRFLOW_CTX_DAG_OWNER='***' AIRFLOW_CTX_DAG_ID='fraud_detection_training' AIRFLOW_CTX_TASK_ID='execute_training' AIRFLOW_CTX_EXECUTION_DATE='2025-03-09T11:45:58.672446+00:00' AIRFLOW_CTX_TRY_NUMBER='1' AIRFLOW_CTX_DAG_RUN_ID='manual__2025-03-09T11:45:58.672446+00:00'
[2025-03-09T11:46:01.205+0000] {taskinstance.py:732} INFO - ::endgroup::
[2025-03-09T11:46:02.770+0000] {fruad_detection_training_dag.py:18} INFO - Starting training...
[2025-03-09T11:46:02.771+0000] {fraud_detection_training.py:52} INFO - Configuration loaded successfully
[2025-03-09T11:46:02.916+0000] {fraud_detection_training.py:84} INFO - Successfully connected to MinIO. Buckets: ['mlflow']
[2025-03-09T11:46:03.251+0000] {logging_mixin.py:190} WARNING - 2025/03/09 11:46:03 INFO mlflow.tracking.fluent: Experiment with name 'fraud_detection_xgboost' does not exist. Creating a new experiment.
[2025-03-09T11:46:03.254+0000] {python.py:240} INFO - Done. Returned value was: {'status': 'success'}
[2025-03-09T11:46:03.263+0000] {taskinstance.py:341} INFO - ::group::Post task execution logs
[2025-03-09T11:46:03.263+0000] {taskinstance.py:353} INFO - Marking task as SUCCESS. dag_id=fraud_detection_training, task_id=execute_training, run_id=manual__2025-03-09T11:45:58.672446+00:00, execution_date=20250309T114558, start_date=20250309T114601, end_date=20250309T114603
[2025-03-09T11:46:03.289+0000] {local_task_job_runner.py:266} INFO - Task exited with return code 0
[2025-03-09T11:46:03.297+0000] {taskinstance.py:3901} INFO - 1 downstream tasks scheduled from follow-on schedule check
[2025-03-09T11:46:03.297+0000] {local_task_job_runner.py:245} INFO - ::endgroup::
