[2025-03-23T13:46:55.301+0000] {local_task_job_runner.py:123} INFO - ::group::Pre task execution logs
[2025-03-23T13:46:55.312+0000] {taskinstance.py:2614} INFO - Dependencies all met for dep_context=non-requeueable deps ti=<TaskInstance: fraud_detection_training.execute_training manual__2025-03-23T13:46:53.308293+00:00 [queued]>
[2025-03-23T13:46:55.317+0000] {taskinstance.py:2614} INFO - Dependencies all met for dep_context=requeueable deps ti=<TaskInstance: fraud_detection_training.execute_training manual__2025-03-23T13:46:53.308293+00:00 [queued]>
[2025-03-23T13:46:55.318+0000] {taskinstance.py:2867} INFO - Starting attempt 1 of 1
[2025-03-23T13:46:55.322+0000] {taskinstance.py:2890} INFO - Executing <Task(PythonOperator): execute_training> on 2025-03-23 13:46:53.308293+00:00
[2025-03-23T13:46:55.325+0000] {warnings.py:112} WARNING - /home/***/.local/lib/python3.12/site-packages/***/task/task_runner/standard_task_runner.py:70: DeprecationWarning: This process (pid=1333) is multi-threaded, use of fork() may lead to deadlocks in the child.
  pid = os.fork()

[2025-03-23T13:46:55.326+0000] {standard_task_runner.py:72} INFO - Started process 1334 to run task
[2025-03-23T13:46:55.326+0000] {standard_task_runner.py:104} INFO - Running: ['***', 'tasks', 'run', 'fraud_detection_training', 'execute_training', 'manual__2025-03-23T13:46:53.308293+00:00', '--job-id', '16', '--raw', '--subdir', 'DAGS_FOLDER/fruad_detection_training_dag.py', '--cfg-path', '/tmp/tmpbmv99tu0']
[2025-03-23T13:46:55.326+0000] {standard_task_runner.py:105} INFO - Job 16: Subtask execute_training
[2025-03-23T13:46:55.344+0000] {task_command.py:467} INFO - Running <TaskInstance: fraud_detection_training.execute_training manual__2025-03-23T13:46:53.308293+00:00 [running]> on host 26f250f3a53c
[2025-03-23T13:46:55.368+0000] {taskinstance.py:3134} INFO - Exporting env vars: AIRFLOW_CTX_DAG_OWNER='***' AIRFLOW_CTX_DAG_ID='fraud_detection_training' AIRFLOW_CTX_TASK_ID='execute_training' AIRFLOW_CTX_EXECUTION_DATE='2025-03-23T13:46:53.308293+00:00' AIRFLOW_CTX_TRY_NUMBER='1' AIRFLOW_CTX_DAG_RUN_ID='manual__2025-03-23T13:46:53.308293+00:00'
[2025-03-23T13:46:55.368+0000] {taskinstance.py:732} INFO - ::endgroup::
[2025-03-23T13:46:56.886+0000] {warnings.py:112} WARNING - /opt/***/dags/fraud_detection_training.py:45: UserWarning: The numpy.array_api submodule is still experimental. See NEP 47.
  from numpy.array_api import astype

[2025-03-23T13:46:56.919+0000] {fruad_detection_training_dag.py:18} INFO - Starting training...
[2025-03-23T13:46:56.922+0000] {fraud_detection_training.py:126} INFO - Configuration loaded successfully
[2025-03-23T13:46:56.986+0000] {fraud_detection_training.py:169} INFO - Minio connection verified. Buckets: ['mlflow']
[2025-03-23T13:46:57.030+0000] {fraud_detection_training.py:337} INFO - Starting model training process
[2025-03-23T13:46:57.030+0000] {fraud_detection_training.py:183} INFO - Starting Kafka consumer with config: {'bootstrap_servers': 'pkc-921jm.us-east-2.aws.confluent.cloud:9092', 'username': 'N2I6QDSAFXKGXQJX', 'password': 'f+T6MLkzJMhrY1Xo9UMZ2WNMpWn2lP8ki+bU3LAXYTRplGK2eV2jXWKQxEQguFDz', 'topic': 'fraud_topic_1', 'output_topic': 'fraud_alert', 'group_id': 'python-group-1'}
[2025-03-23T13:46:57.044+0000] {fraud_detection_training.py:212} INFO - Explicitly started receiving messages from Kafka topic: fraud_topic_1
[2025-03-23T13:47:09.860+0000] {fraud_detection_training.py:238} INFO - Explicit Random Sample: Received message from Kafka: {"transaction_id": "c283629c-bef6-4f0a-a73a-9af3b19d520b", "user_id": 8663, "amount": 66.2, "currency": "USD", "merchant": "Powell, Ortega and Turner", "timestamp": "2025-03-23T10:40:27.373002+00:00", "location": "KR", "is_fraud": 0}
[2025-03-23T13:47:09.863+0000] {fraud_detection_training.py:238} INFO - Explicit Random Sample: Received message from Kafka: {"transaction_id": "0dc886de-cb4d-4bb4-b45a-153043ef6184", "user_id": 3984, "amount": 1662.86, "currency": "USD", "merchant": "Martinez and Sons", "timestamp": "2025-03-23T10:44:37.136289+00:00", "location": "UY", "is_fraud": 0}
[2025-03-23T13:47:09.864+0000] {fraud_detection_training.py:238} INFO - Explicit Random Sample: Received message from Kafka: {"transaction_id": "ce40e959-82ab-4caf-849f-519451df9a60", "user_id": 5801, "amount": 9512.82, "currency": "USD", "merchant": "Peters Inc", "timestamp": "2025-03-23T10:45:08.653221+00:00", "location": "KG", "is_fraud": 0}
[2025-03-23T13:47:09.866+0000] {fraud_detection_training.py:238} INFO - Explicit Random Sample: Received message from Kafka: {"transaction_id": "37fe0ec7-5506-41df-a6b1-b59eaf2560f1", "user_id": 7241, "amount": 250.71, "currency": "USD", "merchant": "Ho LLC", "timestamp": "2025-03-23T10:53:48.736391+00:00", "location": "CR", "is_fraud": 1}
[2025-03-23T13:47:09.867+0000] {fraud_detection_training.py:238} INFO - Explicit Random Sample: Received message from Kafka: {"transaction_id": "9332c017-9436-41e1-a68c-da546e0362c3", "user_id": 1610, "amount": 688.61, "currency": "USD", "merchant": "Tate-Rodriguez", "timestamp": "2025-03-23T11:06:10.015396+00:00", "location": "MA", "is_fraud": 0}
[2025-03-23T13:47:09.867+0000] {fraud_detection_training.py:238} INFO - Explicit Random Sample: Received message from Kafka: {"transaction_id": "7bba392f-f6c9-49b3-8a3f-6ccacbce36a4", "user_id": 7772, "amount": 1719.2, "currency": "USD", "merchant": "Henderson-Johnson", "timestamp": "2025-03-23T11:04:50.682082+00:00", "location": "GM", "is_fraud": 1}
[2025-03-23T13:47:09.868+0000] {fraud_detection_training.py:238} INFO - Explicit Random Sample: Received message from Kafka: {"transaction_id": "231efbd1-c7de-4f8d-9100-c306c014163b", "user_id": 1214, "amount": 1618.24, "currency": "USD", "merchant": "Sanchez PLC", "timestamp": "2025-03-23T11:07:07.757978+00:00", "location": "PY", "is_fraud": 1}
[2025-03-23T13:47:09.868+0000] {fraud_detection_training.py:238} INFO - Explicit Random Sample: Received message from Kafka: {"transaction_id": "4dfa64e2-3e7d-4ce7-a89c-0c82a06cba89", "user_id": 8344, "amount": 8009.67, "currency": "USD", "merchant": "Johnston, Doyle and Ferguson", "timestamp": "2025-03-23T11:19:23.851710+00:00", "location": "LB", "is_fraud": 0}
[2025-03-23T13:47:09.870+0000] {fraud_detection_training.py:238} INFO - Explicit Random Sample: Received message from Kafka: {"transaction_id": "d8c629a1-540d-46e3-b001-ff36daae1aa2", "user_id": 9959, "amount": 441.69, "currency": "USD", "merchant": "Taylor, Mullen and Cooper", "timestamp": "2025-03-23T11:20:20.316203+00:00", "location": "KN", "is_fraud": 0}
[2025-03-23T13:47:09.870+0000] {fraud_detection_training.py:238} INFO - Explicit Random Sample: Received message from Kafka: {"transaction_id": "0f00cf60-ad66-492d-9f73-5c51b4732f46", "user_id": 1588, "amount": 1598.93, "currency": "USD", "merchant": "Mitchell PLC", "timestamp": "2025-03-23T11:17:41.439946+00:00", "location": "BN", "is_fraud": 0}
[2025-03-23T13:47:09.871+0000] {fraud_detection_training.py:238} INFO - Explicit Random Sample: Received message from Kafka: {"transaction_id": "99e18b05-1898-4c2c-885b-724a8e8f8f5f", "user_id": 2391, "amount": 393.4, "currency": "USD", "merchant": "Ortiz PLC", "timestamp": "2025-03-23T11:25:00.282927+00:00", "location": "MZ", "is_fraud": 1}
[2025-03-23T13:47:09.872+0000] {fraud_detection_training.py:238} INFO - Explicit Random Sample: Received message from Kafka: {"transaction_id": "3434a928-7ae3-4518-a7d2-1d10fa0feb74", "user_id": 8941, "amount": 9814.34, "currency": "USD", "merchant": "Rodgers Ltd", "timestamp": "2025-03-23T11:44:47.480908+00:00", "location": "AL", "is_fraud": 0}
[2025-03-23T13:47:09.873+0000] {fraud_detection_training.py:238} INFO - Explicit Random Sample: Received message from Kafka: {"transaction_id": "a81ce99e-b784-4a51-bb1d-a540cb6363de", "user_id": 2662, "amount": 267.14, "currency": "USD", "merchant": "Gonzalez, Lindsey and Beck", "timestamp": "2025-03-23T12:55:09.290709+00:00", "location": "MZ", "is_fraud": 1}
[2025-03-23T13:47:09.874+0000] {fraud_detection_training.py:238} INFO - Explicit Random Sample: Received message from Kafka: {"transaction_id": "fa795b12-0b42-4fb2-b277-07ef1f18202b", "user_id": 5186, "amount": 1475.8, "currency": "USD", "merchant": "GlobalDigital", "timestamp": "2025-03-23T12:59:49.184503+00:00", "location": "AO", "is_fraud": 1}
[2025-03-23T13:47:09.875+0000] {fraud_detection_training.py:238} INFO - Explicit Random Sample: Received message from Kafka: {"transaction_id": "892efa38-7bb5-4e4c-9908-a387f62c1661", "user_id": 8962, "amount": 6022.39, "currency": "USD", "merchant": "Thompson Inc", "timestamp": "2025-03-23T13:21:39.738682+00:00", "location": "CL", "is_fraud": 0}
[2025-03-23T13:47:09.875+0000] {fraud_detection_training.py:238} INFO - Explicit Random Sample: Received message from Kafka: {"transaction_id": "69c23a35-9be4-40b7-8108-77dea4b1b74f", "user_id": 8410, "amount": 2302.44, "currency": "USD", "merchant": "Rodriguez, Cooper and Curtis", "timestamp": "2025-03-23T13:22:33.343455+00:00", "location": "DM", "is_fraud": 0}
[2025-03-23T13:47:09.875+0000] {fraud_detection_training.py:238} INFO - Explicit Random Sample: Received message from Kafka: {"transaction_id": "d795442f-fae5-4323-a418-332e8bffc6cc", "user_id": 7037, "amount": 6265.7, "currency": "USD", "merchant": "Meyers, Baker and Smith", "timestamp": "2025-03-23T13:25:05.173344+00:00", "location": "RO", "is_fraud": 0}
[2025-03-23T13:47:09.876+0000] {fraud_detection_training.py:238} INFO - Explicit Random Sample: Received message from Kafka: {"transaction_id": "fc3b3ad3-2678-4bea-a927-0377e2971b3e", "user_id": 1948, "amount": 7027.54, "currency": "USD", "merchant": "Harrell LLC", "timestamp": "2025-03-23T13:27:06.332790+00:00", "location": "AF", "is_fraud": 0}
[2025-03-23T13:47:09.876+0000] {fraud_detection_training.py:238} INFO - Explicit Random Sample: Received message from Kafka: {"transaction_id": "5212a974-a0c3-42bb-ac99-7fa7d41026ee", "user_id": 9873, "amount": 1896.54, "currency": "USD", "merchant": "Grimes Ltd", "timestamp": "2025-03-23T13:30:56.933888+00:00", "location": "PW", "is_fraud": 0}
[2025-03-23T13:47:09.876+0000] {fraud_detection_training.py:238} INFO - Explicit Random Sample: Received message from Kafka: {"transaction_id": "74a3a9d7-fd12-4b07-bb2e-ceceadc245dd", "user_id": 9746, "amount": 1214.57, "currency": "USD", "merchant": "Harris, Jimenez and Kelly", "timestamp": "2025-03-23T13:37:17.569575+00:00", "location": "VU", "is_fraud": 1}
[2025-03-23T13:47:09.877+0000] {fraud_detection_training.py:238} INFO - Explicit Random Sample: Received message from Kafka: {"transaction_id": "404e2015-0dbb-4541-a873-3addd0a93959", "user_id": 2418, "amount": 1836.4, "currency": "USD", "merchant": "Bryant Inc", "timestamp": "2025-03-23T13:33:39.973167+00:00", "location": "OM", "is_fraud": 0}
[2025-03-23T13:47:09.955+0000] {fraud_detection_training.py:238} INFO - Explicit Random Sample: Received message from Kafka: {"transaction_id": "881ad260-c54c-4229-8cbc-72214c7bc670", "user_id": 9579, "amount": 6758.41, "currency": "USD", "merchant": "Higgins and Sons", "timestamp": "2025-03-23T10:44:58.117472+00:00", "location": "CG", "is_fraud": 0}
[2025-03-23T13:47:09.956+0000] {fraud_detection_training.py:238} INFO - Explicit Random Sample: Received message from Kafka: {"transaction_id": "1aff1d53-64fd-463d-ac36-613243965f33", "user_id": 9977, "amount": 4465.2, "currency": "USD", "merchant": "Bell LLC", "timestamp": "2025-03-23T10:46:14.819378+00:00", "location": "PH", "is_fraud": 0}
[2025-03-23T13:47:09.956+0000] {fraud_detection_training.py:238} INFO - Explicit Random Sample: Received message from Kafka: {"transaction_id": "bf258382-8fff-49d4-a211-82f903b2483c", "user_id": 6014, "amount": 1657.48, "currency": "USD", "merchant": "Rivera, Ryan and Wood", "timestamp": "2025-03-23T10:52:20.018420+00:00", "location": "MV", "is_fraud": 1}
[2025-03-23T13:47:09.957+0000] {fraud_detection_training.py:238} INFO - Explicit Random Sample: Received message from Kafka: {"transaction_id": "738634f2-b39d-491d-8ee9-a7c895fee91e", "user_id": 3958, "amount": 4701.65, "currency": "USD", "merchant": "Taylor PLC", "timestamp": "2025-03-23T10:56:18.340947+00:00", "location": "IE", "is_fraud": 0}
[2025-03-23T13:47:09.957+0000] {fraud_detection_training.py:238} INFO - Explicit Random Sample: Received message from Kafka: {"transaction_id": "299b0f7a-ae3c-4bff-8ffc-fade2b3d599c", "user_id": 6506, "amount": 754.87, "currency": "USD", "merchant": "Clark-Grant", "timestamp": "2025-03-23T10:57:44.617405+00:00", "location": "SN", "is_fraud": 1}
[2025-03-23T13:47:09.958+0000] {fraud_detection_training.py:238} INFO - Explicit Random Sample: Received message from Kafka: {"transaction_id": "60d0732a-6933-4564-bcd3-bf5b394d3ee3", "user_id": 2634, "amount": 1068.27, "currency": "USD", "merchant": "Hart and Sons", "timestamp": "2025-03-23T11:16:48.060715+00:00", "location": "KP", "is_fraud": 0}
[2025-03-23T13:47:09.958+0000] {fraud_detection_training.py:238} INFO - Explicit Random Sample: Received message from Kafka: {"transaction_id": "0a06b3c5-444b-47f2-b386-da3a75cb01c2", "user_id": 8349, "amount": 1488.78, "currency": "USD", "merchant": "Ray-Berg", "timestamp": "2025-03-23T11:23:57.410998+00:00", "location": "MD", "is_fraud": 0}
[2025-03-23T13:47:09.959+0000] {fraud_detection_training.py:238} INFO - Explicit Random Sample: Received message from Kafka: {"transaction_id": "c899582a-6312-4522-a76c-e750085231c5", "user_id": 4234, "amount": 576.59, "currency": "USD", "merchant": "Johnson-Collins", "timestamp": "2025-03-23T11:26:53.570983+00:00", "location": "KP", "is_fraud": 1}
[2025-03-23T13:47:09.959+0000] {fraud_detection_training.py:238} INFO - Explicit Random Sample: Received message from Kafka: {"transaction_id": "f354aa6d-f3da-497c-9d66-4b5cbd8ad808", "user_id": 7311, "amount": 3985.41, "currency": "USD", "merchant": "Fischer Ltd", "timestamp": "2025-03-23T12:32:27.370048+00:00", "location": "TW", "is_fraud": 0}
[2025-03-23T13:47:09.959+0000] {fraud_detection_training.py:238} INFO - Explicit Random Sample: Received message from Kafka: {"transaction_id": "115af802-f77d-4ee0-8b9f-8115f9ea5ee0", "user_id": 4518, "amount": 9487.2, "currency": "USD", "merchant": "Wheeler Inc", "timestamp": "2025-03-23T12:51:16.904256+00:00", "location": "JM", "is_fraud": 0}
[2025-03-23T13:47:09.959+0000] {fraud_detection_training.py:238} INFO - Explicit Random Sample: Received message from Kafka: {"transaction_id": "3fddd507-e1cd-426d-9aec-ba1cab4f7de9", "user_id": 6457, "amount": 3390.5, "currency": "USD", "merchant": "Brooks, Robertson and Arnold", "timestamp": "2025-03-23T12:54:37.498323+00:00", "location": "MX", "is_fraud": 0}
[2025-03-23T13:47:09.960+0000] {fraud_detection_training.py:238} INFO - Explicit Random Sample: Received message from Kafka: {"transaction_id": "d5115eee-6f7d-44c6-99dd-06ca4ea55b21", "user_id": 1338, "amount": 874.57, "currency": "USD", "merchant": "Dennis, Becker and Meyer", "timestamp": "2025-03-23T12:55:16.918854+00:00", "location": "AU", "is_fraud": 0}
[2025-03-23T13:47:09.960+0000] {fraud_detection_training.py:238} INFO - Explicit Random Sample: Received message from Kafka: {"transaction_id": "faaea1de-a66a-48ad-8957-32b0687e1e27", "user_id": 5782, "amount": 498.13, "currency": "USD", "merchant": "Vasquez-Wong", "timestamp": "2025-03-23T13:23:50.317358+00:00", "location": "SV", "is_fraud": 1}
[2025-03-23T13:47:10.040+0000] {fraud_detection_training.py:238} INFO - Explicit Random Sample: Received message from Kafka: {"transaction_id": "8e592918-dfec-4caa-a104-2a17f36dc172", "user_id": 2985, "amount": 274.32, "currency": "USD", "merchant": "Graham Inc", "timestamp": "2025-03-23T10:42:37.655257+00:00", "location": "LU", "is_fraud": 1}
[2025-03-23T13:47:10.040+0000] {fraud_detection_training.py:238} INFO - Explicit Random Sample: Received message from Kafka: {"transaction_id": "308ec3ba-5dfc-4a71-9b46-f8de4c3c5c64", "user_id": 2907, "amount": 814.58, "currency": "USD", "merchant": "Hoffman-Cowan", "timestamp": "2025-03-23T10:45:22.686079+00:00", "location": "SK", "is_fraud": 1}
[2025-03-23T13:47:10.041+0000] {fraud_detection_training.py:238} INFO - Explicit Random Sample: Received message from Kafka: {"transaction_id": "506642ae-e101-4822-a2f3-930aeb2b7b18", "user_id": 5289, "amount": 7703.7, "currency": "USD", "merchant": "Thompson LLC", "timestamp": "2025-03-23T10:49:53.009836+00:00", "location": "LT", "is_fraud": 0}
[2025-03-23T13:47:10.041+0000] {fraud_detection_training.py:238} INFO - Explicit Random Sample: Received message from Kafka: {"transaction_id": "ae95e004-2499-4d98-a8cb-d6fb29630d0a", "user_id": 3273, "amount": 8649.86, "currency": "USD", "merchant": "Stewart, Perez and Rodriguez", "timestamp": "2025-03-23T10:58:15.483335+00:00", "location": "NZ", "is_fraud": 0}
[2025-03-23T13:47:10.042+0000] {fraud_detection_training.py:238} INFO - Explicit Random Sample: Received message from Kafka: {"transaction_id": "cc62af88-0a13-41ce-82bf-e897d6fffeaa", "user_id": 4689, "amount": 7514.46, "currency": "USD", "merchant": "Murray, Evans and Bell", "timestamp": "2025-03-23T11:02:19.104028+00:00", "location": "CF", "is_fraud": 0}
[2025-03-23T13:47:10.042+0000] {fraud_detection_training.py:238} INFO - Explicit Random Sample: Received message from Kafka: {"transaction_id": "49f53493-61e8-45f0-8bf8-a80a6ba867b1", "user_id": 8292, "amount": 6602.79, "currency": "USD", "merchant": "King Ltd", "timestamp": "2025-03-23T11:17:36.352584+00:00", "location": "GQ", "is_fraud": 0}
[2025-03-23T13:47:10.043+0000] {fraud_detection_training.py:238} INFO - Explicit Random Sample: Received message from Kafka: {"transaction_id": "ea64a735-c7e4-4c46-94a1-c088bdc79100", "user_id": 6348, "amount": 5907.77, "currency": "USD", "merchant": "Kennedy, Sparks and Thompson", "timestamp": "2025-03-23T12:56:14.580915+00:00", "location": "ZM", "is_fraud": 0}
[2025-03-23T13:47:10.044+0000] {fraud_detection_training.py:238} INFO - Explicit Random Sample: Received message from Kafka: {"transaction_id": "a875911c-1bc7-4016-8274-8e5cbbdda83e", "user_id": 8229, "amount": 5047.41, "currency": "USD", "merchant": "Villegas-Robles", "timestamp": "2025-03-23T12:58:42.112753+00:00", "location": "PT", "is_fraud": 0}
[2025-03-23T13:47:10.044+0000] {fraud_detection_training.py:238} INFO - Explicit Random Sample: Received message from Kafka: {"transaction_id": "5eae17cb-502e-49e9-892d-0bf5279a298a", "user_id": 7428, "amount": 692.34, "currency": "USD", "merchant": "Day, Gay and Vazquez", "timestamp": "2025-03-23T13:23:20.356552+00:00", "location": "MN", "is_fraud": 1}
[2025-03-23T13:47:10.044+0000] {fraud_detection_training.py:238} INFO - Explicit Random Sample: Received message from Kafka: {"transaction_id": "28344cd4-cbfe-4604-ac52-b218638c4dd8", "user_id": 2900, "amount": 1545.33, "currency": "USD", "merchant": "Fowler, Brock and Bruce", "timestamp": "2025-03-23T13:25:49.397467+00:00", "location": "BA", "is_fraud": 0}
[2025-03-23T13:47:10.044+0000] {fraud_detection_training.py:238} INFO - Explicit Random Sample: Received message from Kafka: {"transaction_id": "40a077a5-c246-4d5b-9e9b-8c7c8de66b33", "user_id": 7825, "amount": 246.93, "currency": "USD", "merchant": "Silva PLC", "timestamp": "2025-03-23T13:24:59.469025+00:00", "location": "GR", "is_fraud": 1}
[2025-03-23T13:47:10.044+0000] {fraud_detection_training.py:238} INFO - Explicit Random Sample: Received message from Kafka: {"transaction_id": "3d22e59a-34d6-4700-89ae-3342f97962d1", "user_id": 6063, "amount": 1898.29, "currency": "USD", "merchant": "Roberts, Welch and Smith", "timestamp": "2025-03-23T13:24:54.515502+00:00", "location": "ZM", "is_fraud": 1}
[2025-03-23T13:47:10.045+0000] {fraud_detection_training.py:238} INFO - Explicit Random Sample: Received message from Kafka: {"transaction_id": "c067862a-c6b5-4fbb-a293-5a4f44a2e0d8", "user_id": 9443, "amount": 994.8, "currency": "USD", "merchant": "Hartman, Roberts and Underwood", "timestamp": "2025-03-23T13:25:46.040005+00:00", "location": "UY", "is_fraud": 1}
[2025-03-23T13:47:10.045+0000] {fraud_detection_training.py:238} INFO - Explicit Random Sample: Received message from Kafka: {"transaction_id": "e5c420ee-2ffb-4df7-9709-37d67625ac97", "user_id": 2263, "amount": 2827.37, "currency": "USD", "merchant": "Thompson, Anderson and Garcia", "timestamp": "2025-03-23T13:31:24.825290+00:00", "location": "MK", "is_fraud": 0}
[2025-03-23T13:47:30.079+0000] {fraud_detection_training.py:221} INFO - Explicitly reached max empty polls—assuming no more messages.
[2025-03-23T13:47:30.342+0000] {fraud_detection_training.py:244} INFO - Explicitly closed Kafka consumer. Total messages explicitly fetched: 4391
[2025-03-23T13:47:31.622+0000] {fraud_detection_training.py:422} INFO - Starting hyperparameter tuning...
[2025-03-23T13:47:31.624+0000] {warnings.py:112} WARNING - /home/***/.local/lib/python3.12/site-packages/joblib/parallel.py:1359: UserWarning: Loky-backed parallel loops cannot be called in a multiprocessing, setting n_jobs=1
  n_jobs = self._backend.configure(n_jobs=self.n_jobs, parallel=self,

[2025-03-23T13:47:38.849+0000] {fraud_detection_training.py:426} INFO - Best hyperparameters: {'classifier__subsample': 1.0, 'classifier__reg_alpha': 0.5, 'classifier__max_depth': 5, 'classifier__learning_rate': 0.01, 'classifier__gamma': 0.3, 'classifier__colsample_bytree': 1.0}
[2025-03-23T13:47:38.855+0000] {fraud_detection_training.py:434} INFO - Optimal threshold determined: 0.6300
[2025-03-23T13:47:39.026+0000] {credentials.py:1147} INFO - Found credentials in environment variables.
[2025-03-23T13:47:39.121+0000] {warnings.py:112} WARNING - /home/***/.local/lib/python3.12/site-packages/mlflow/types/utils.py:452: UserWarning: Hint: Inferred schema contains integer column(s). Integer columns in Python cannot represent missing values. If your input data contains missing values at inference time, it will be encoded as floats and will cause a schema enforcement error. The best way to avoid this problem is to infer the model schema based on a realistic data sample (training dataset) that includes missing values. Alternatively, you can declare integer columns as doubles (float64) whenever these columns may have missing values. See `Handling Integers With Missing Values <https://www.mlflow.org/docs/latest/models.html#handling-integers-with-missing-values>`_ for more details.
  warnings.warn(

[2025-03-23T13:47:41.999+0000] {logging_mixin.py:190} WARNING - Registered model 'fraud_detection_model' already exists. Creating a new version of this model...
[2025-03-23T13:47:42.015+0000] {logging_mixin.py:190} WARNING - 2025/03/23 13:47:42 INFO mlflow.store.model_registry.abstract_store: Waiting up to 300 seconds for model version to finish creation. Model name: fraud_detection_model, version 2
[2025-03-23T13:47:42.015+0000] {logging_mixin.py:190} WARNING - Created version '2' of model 'fraud_detection_model'.
[2025-03-23T13:47:42.020+0000] {fraud_detection_training.py:498} INFO - Training successfully completed with metrics: {'auc_pr': 0.7499177607080723, 'precision': 0.6309794988610479, 'recall': 0.9857651245551602, 'f1': 0.7694444444444445, 'threshold': 0.630031943321228}
[2025-03-23T13:47:42.030+0000] {logging_mixin.py:190} INFO - 🏃 View run unruly-donkey-285 at: http://mlflow-server:5500/#/experiments/1/runs/c52f842c8b194344be631f14895205da
[2025-03-23T13:47:42.030+0000] {logging_mixin.py:190} INFO - 🧪 View experiment at: http://mlflow-server:5500/#/experiments/1
[2025-03-23T13:47:42.039+0000] {python.py:240} INFO - Done. Returned value was: {'status': 'success', 'precision': {'auc_pr': 0.7499177607080723, 'precision': 0.6309794988610479, 'recall': 0.9857651245551602, 'f1': 0.7694444444444445, 'threshold': 0.630031943321228}}
[2025-03-23T13:47:42.055+0000] {taskinstance.py:341} INFO - ::group::Post task execution logs
[2025-03-23T13:47:42.055+0000] {taskinstance.py:353} INFO - Marking task as SUCCESS. dag_id=fraud_detection_training, task_id=execute_training, run_id=manual__2025-03-23T13:46:53.308293+00:00, execution_date=20250323T134653, start_date=20250323T134655, end_date=20250323T134742
[2025-03-23T13:47:42.118+0000] {local_task_job_runner.py:266} INFO - Task exited with return code 0
[2025-03-23T13:47:42.130+0000] {taskinstance.py:3901} INFO - 1 downstream tasks scheduled from follow-on schedule check
[2025-03-23T13:47:42.131+0000] {local_task_job_runner.py:245} INFO - ::endgroup::
